🔑  Importing Supabase secrets from /Users/gmtfr/.bee_secrets/supabase.env
✅  .secrets updated from local env file (placeholders remain for any missing vars)
🔍 Supabase vars after loading:
  SUPABASE_PROJECT_REF=okptsizouuanwnpqjfui
  SUPABASE_ACCESS_TOKEN length=44
  SUPABASE_DB_PASSWORD set? yes
🔍  Checking Supabase CLI version compatibility...
    Expected: 2.30.4
    Actual:   2.28.1
⚠️  WARNING: Supabase CLI version mismatch!
   Your version: 2.28.1
   Expected:     2.30.4
   This may cause unexpected behavior. Consider running:
   brew upgrade supabase  # or npm install supabase@1.83.7

   Continue anyway? [y/N]
🔗  Verifying Supabase credentials via 'supabase link'…
    • Access token method failed, trying with password...
✅  Supabase credentials verified.
[Supabase Migrations Deploy/deploy] [DEBUG] evaluating expression 'success()'
[Supabase Migrations Deploy/deploy] [DEBUG] expression 'success()' evaluated to '***'
[Supabase Migrations Deploy/deploy] ⭐ Run Set up job
[Supabase Migrations Deploy/deploy] 🚀  Start image=ghcr.io/catthehacker/ubuntu:act-22.04
[Supabase Migrations Deploy/deploy]   🐳  docker pull image=ghcr.io/catthehacker/ubuntu:act-22.04 platform=linux/amd64 username= forcePull=***
[Supabase Migrations Deploy/deploy] [DEBUG]   🐳  docker pull ghcr.io/catthehacker/ubuntu:act-22.04
[Supabase Migrations Deploy/deploy] [DEBUG] pulling image 'ghcr.io/catthehacker/ubuntu:act-22.04' (linux/amd64)
[Supabase Migrations Deploy/deploy] [DEBUG] Pulling from catthehacker/ubuntu :: act-22.04
[Supabase Migrations Deploy/deploy] [DEBUG] Digest: sha256:9dcb118a517cbaee5d948bc5b4b654ba86bb4fa92d0e3eae3a7b4a4d0e73a3b3 :: 
[Supabase Migrations Deploy/deploy] [DEBUG] Status: Image is up to date for ghcr.io/catthehacker/ubuntu:act-22.04 :: 
[Supabase Migrations Deploy/deploy]   🐳  docker create image=ghcr.io/catthehacker/ubuntu:act-22.04 platform=linux/amd64 entrypoint=["tail" "-f" "/dev/null"] cmd=[] network="host"
[Supabase Migrations Deploy/deploy] [DEBUG] Common container.Config ==> &{Hostname: Domainname: User: AttachStdin:false AttachStdout:false AttachStderr:false ExposedPorts:map[] Tty:false OpenStdin:false StdinOnce:false Env:[RUNNER_TOOL_CACHE=/opt/hostedtoolcache RUNNER_OS=Linux RUNNER_ARCH=ARM64 RUNNER_TEMP=/tmp LANG=C.UTF-8] Cmd:[] Healthcheck:<nil> ArgsEscaped:false Image:ghcr.io/catthehacker/ubuntu:act-22.04 Volumes:map[] WorkingDir:/Users/gmtfr/bee-mvp/bee-mvp Entrypoint:[] NetworkDisabled:false MacAddress: OnBuild:[] Labels:map[] StopSignal: StopTimeout:<nil> Shell:[]}
[Supabase Migrations Deploy/deploy] [DEBUG] Common container.HostConfig ==> &{Binds:[/var/run/docker.sock:/var/run/docker.sock] ContainerIDFile: LogConfig:{Type: Config:map[]} NetworkMode:host PortBindings:map[] RestartPolicy:{Name: MaximumRetryCount:0} AutoRemove:false VolumeDriver: VolumesFrom:[] ConsoleSize:[0 0] Annotations:map[] CapAdd:[] CapDrop:[] CgroupnsMode: DNS:[] DNSOptions:[] DNSSearch:[] ExtraHosts:[] GroupAdd:[] IpcMode: Cgroup: Links:[] OomScoreAdj:0 PidMode: Privileged:false PublishAllPorts:false ReadonlyRootfs:false SecurityOpt:[] StorageOpt:map[] Tmpfs:map[] UTSMode: UsernsMode: ShmSize:0 Sysctls:map[] Runtime: Isolation: Resources:{CPUShares:0 Memory:0 NanoCPUs:0 CgroupParent: BlkioWeight:0 BlkioWeightDevice:[] BlkioDeviceReadBps:[] BlkioDeviceWriteBps:[] BlkioDeviceReadIOps:[] BlkioDeviceWriteIOps:[] CPUPeriod:0 CPUQuota:0 CPURealtimePeriod:0 CPURealtimeRuntime:0 CpusetCpus: CpusetMems: Devices:[] DeviceCgroupRules:[] DeviceRequests:[] KernelMemory:0 KernelMemoryTCP:0 MemoryReservation:0 MemorySwap:0 MemorySwappiness:<nil> OomKillDisable:<nil> PidsLimit:<nil> Ulimits:[] CPUCount:0 CPUPercent:0 IOMaximumIOps:0 IOMaximumBandwidth:0} Mounts:[{Type:volume Source:act-Supabase-Migrations-Deploy-deploy-e6c9aa7c25c643a40ee58521b1134a601533f9732e7c478eb2bd857f5b6e92d3-env Target:/var/run/act ReadOnly:false Consistency: BindOptions:<nil> VolumeOptions:<nil> ImageOptions:<nil> TmpfsOptions:<nil> ClusterOptions:<nil>} {Type:volume Source:act-Supabase-Migrations-Deploy-deploy-e6c9aa7c25c643a40ee58521b1134a601533f9732e7c478eb2bd857f5b6e92d3 Target:/Users/gmtfr/bee-mvp/bee-mvp ReadOnly:false Consistency: BindOptions:<nil> VolumeOptions:<nil> ImageOptions:<nil> TmpfsOptions:<nil> ClusterOptions:<nil>} {Type:volume Source:act-toolcache Target:/opt/hostedtoolcache ReadOnly:false Consistency: BindOptions:<nil> VolumeOptions:<nil> ImageOptions:<nil> TmpfsOptions:<nil> ClusterOptions:<nil>}] MaskedPaths:[] ReadonlyPaths:[] Init:<nil>}
[Supabase Migrations Deploy/deploy] [DEBUG] input.NetworkAliases ==> [deploy]
[Supabase Migrations Deploy/deploy] [DEBUG] Created container name=act-Supabase-Migrations-Deploy-deploy-e6c9aa7c25c643a40ee58521b1134a601533f9732e7c478eb2bd857f5b6e92d3 id=46a29971b459b23233f0f65d4794a28b08da8e58eec7da644c2a2921b2899e83 from image ghcr.io/catthehacker/ubuntu:act-22.04 (platform: linux/amd64)
[Supabase Migrations Deploy/deploy] [DEBUG] ENV ==> [RUNNER_TOOL_CACHE=/opt/hostedtoolcache RUNNER_OS=Linux RUNNER_ARCH=ARM64 RUNNER_TEMP=/tmp LANG=C.UTF-8]
[Supabase Migrations Deploy/deploy]   🐳  docker run image=ghcr.io/catthehacker/ubuntu:act-22.04 platform=linux/amd64 entrypoint=["tail" "-f" "/dev/null"] cmd=[] network="host"
[Supabase Migrations Deploy/deploy] [DEBUG] Starting container: 46a29971b459b23233f0f65d4794a28b08da8e58eec7da644c2a2921b2899e83
[Supabase Migrations Deploy/deploy] [DEBUG] Started container: 46a29971b459b23233f0f65d4794a28b08da8e58eec7da644c2a2921b2899e83
[Supabase Migrations Deploy/deploy] [DEBUG] Writing entry to tarball workflow/event.json len:2
[Supabase Migrations Deploy/deploy] [DEBUG] Writing entry to tarball workflow/envs.txt len:0
[Supabase Migrations Deploy/deploy] [DEBUG] Extracting content to '/var/run/act/'
[Supabase Migrations Deploy/deploy]   🐳  docker exec cmd=[node --no-warnings -e console.log(process.execPath)] user= workdir=
[Supabase Migrations Deploy/deploy] [DEBUG] Exec command '[node --no-warnings -e console.log(process.execPath)]'
[Supabase Migrations Deploy/deploy] [DEBUG] Working directory '/Users/gmtfr/bee-mvp/bee-mvp'
[Supabase Migrations Deploy/deploy]   ✅  Success - Set up job
[Supabase Migrations Deploy/deploy] [DEBUG] Loading revision from git directory
[Supabase Migrations Deploy/deploy] [DEBUG] Found revision: f24963a950a3c826fd4c0b49a7c954ab2eb96687
[Supabase Migrations Deploy/deploy] [DEBUG] HEAD points to 'f24963a950a3c826fd4c0b49a7c954ab2eb96687'
[Supabase Migrations Deploy/deploy] [DEBUG] using github ref: refs/heads/main
[Supabase Migrations Deploy/deploy] [DEBUG] Found revision: f24963a950a3c826fd4c0b49a7c954ab2eb96687
[Supabase Migrations Deploy/deploy] [DEBUG] expression '${{ secrets.SUPABASE_ACCESS_TOKEN }}' rewritten to 'format('{0}', secrets.SUPABASE_ACCESS_TOKEN)'
[Supabase Migrations Deploy/deploy] [DEBUG] evaluating expression 'format('{0}', secrets.SUPABASE_ACCESS_TOKEN)'
[Supabase Migrations Deploy/deploy] [DEBUG] expression 'format('{0}', secrets.SUPABASE_ACCESS_TOKEN)' evaluated to '%!t(string=***)'
[Supabase Migrations Deploy/deploy] [DEBUG] expression '${{ secrets.SUPABASE_URL }}' rewritten to 'format('{0}', secrets.SUPABASE_URL)'
[Supabase Migrations Deploy/deploy] [DEBUG] evaluating expression 'format('{0}', secrets.SUPABASE_URL)'
[Supabase Migrations Deploy/deploy] [DEBUG] expression 'format('{0}', secrets.SUPABASE_URL)' evaluated to '%!t(string=***)'
[Supabase Migrations Deploy/deploy] [DEBUG] expression '${{ secrets.SUPABASE_SERVICE_ROLE_SECRET }}' rewritten to 'format('{0}', secrets.SUPABASE_SERVICE_ROLE_SECRET)'
[Supabase Migrations Deploy/deploy] [DEBUG] evaluating expression 'format('{0}', secrets.SUPABASE_SERVICE_ROLE_SECRET)'
[Supabase Migrations Deploy/deploy] [DEBUG] expression 'format('{0}', secrets.SUPABASE_SERVICE_ROLE_SECRET)' evaluated to '%!t(string=)'
[Supabase Migrations Deploy/deploy] [DEBUG] expression '${{ secrets.SUPABASE_PROJECT_REF }}' rewritten to 'format('{0}', secrets.SUPABASE_PROJECT_REF)'
[Supabase Migrations Deploy/deploy] [DEBUG] evaluating expression 'format('{0}', secrets.SUPABASE_PROJECT_REF)'
[Supabase Migrations Deploy/deploy] [DEBUG] expression 'format('{0}', secrets.SUPABASE_PROJECT_REF)' evaluated to '%!t(string=***)'
[Supabase Migrations Deploy/deploy] [DEBUG] expression '${{ secrets.SUPABASE_DB_PASSWORD }}' rewritten to 'format('{0}', secrets.SUPABASE_DB_PASSWORD)'
[Supabase Migrations Deploy/deploy] [DEBUG] evaluating expression 'format('{0}', secrets.SUPABASE_DB_PASSWORD)'
[Supabase Migrations Deploy/deploy] [DEBUG] expression 'format('{0}', secrets.SUPABASE_DB_PASSWORD)' evaluated to '%!t(string=***)'
[Supabase Migrations Deploy/deploy] [DEBUG] expression '${{ secrets.SUPABASE_URL }}' rewritten to 'format('{0}', secrets.SUPABASE_URL)'
[Supabase Migrations Deploy/deploy] [DEBUG] evaluating expression 'format('{0}', secrets.SUPABASE_URL)'
[Supabase Migrations Deploy/deploy] [DEBUG] expression 'format('{0}', secrets.SUPABASE_URL)' evaluated to '%!t(string=***)'
[Supabase Migrations Deploy/deploy] [DEBUG] Loading revision from git directory
[Supabase Migrations Deploy/deploy] [DEBUG] Found revision: f24963a950a3c826fd4c0b49a7c954ab2eb96687
[Supabase Migrations Deploy/deploy] [DEBUG] HEAD points to 'f24963a950a3c826fd4c0b49a7c954ab2eb96687'
[Supabase Migrations Deploy/deploy] [DEBUG] using github ref: refs/heads/main
[Supabase Migrations Deploy/deploy] [DEBUG] Found revision: f24963a950a3c826fd4c0b49a7c954ab2eb96687
[Supabase Migrations Deploy/deploy] [DEBUG] Skipping local actions/checkout because workdir was already copied
[Supabase Migrations Deploy/deploy] [DEBUG] skip pre step for 'actions/checkout@v4': no action model available
[Supabase Migrations Deploy/deploy] [DEBUG] Loading revision from git directory
[Supabase Migrations Deploy/deploy] [DEBUG] Found revision: f24963a950a3c826fd4c0b49a7c954ab2eb96687
[Supabase Migrations Deploy/deploy] [DEBUG] HEAD points to 'f24963a950a3c826fd4c0b49a7c954ab2eb96687'
[Supabase Migrations Deploy/deploy] [DEBUG] using github ref: refs/heads/main
[Supabase Migrations Deploy/deploy] [DEBUG] Found revision: f24963a950a3c826fd4c0b49a7c954ab2eb96687
[Supabase Migrations Deploy/deploy]   ☁  git clone 'https://github.com/supabase/setup-cli' # ref=v1
[Supabase Migrations Deploy/deploy] [DEBUG]   cloning https://github.com/supabase/setup-cli to /Users/gmtfr/.cache/act/supabase-setup-cli@v1
[Supabase Migrations Deploy/deploy] [DEBUG] Provided ref is not a sha. Checking out branch before pulling changes
[Supabase Migrations Deploy/deploy] [DEBUG] Cloned https://github.com/supabase/setup-cli to /Users/gmtfr/.cache/act/supabase-setup-cli@v1
[Supabase Migrations Deploy/deploy] [DEBUG] Provided ref is not a sha. Updating branch ref after pull
[Supabase Migrations Deploy/deploy] [DEBUG] Checked out v1
[Supabase Migrations Deploy/deploy] [DEBUG] Read action &{Supabase CLI Action Supabase Setup Supabase CLI, supabase, on GitHub Actions runners map[version:{Version of Supabase CLI to install false 2.20.3}] map[version:{Version of installed Supabase CLI }] {node20 map[] dist/index.js  always()  always()     [] []} { }} from 'Unknown'
[Supabase Migrations Deploy/deploy] [DEBUG] Loading revision from git directory
[Supabase Migrations Deploy/deploy] [DEBUG] Found revision: f24963a950a3c826fd4c0b49a7c954ab2eb96687
[Supabase Migrations Deploy/deploy] [DEBUG] HEAD points to 'f24963a950a3c826fd4c0b49a7c954ab2eb96687'
[Supabase Migrations Deploy/deploy] [DEBUG] using github ref: refs/heads/main
[Supabase Migrations Deploy/deploy] [DEBUG] Found revision: f24963a950a3c826fd4c0b49a7c954ab2eb96687
[Supabase Migrations Deploy/deploy]   ☁  git clone 'https://github.com/hashicorp/setup-terraform' # ref=v3
[Supabase Migrations Deploy/deploy] [DEBUG]   cloning https://github.com/hashicorp/setup-terraform to /Users/gmtfr/.cache/act/hashicorp-setup-terraform@v3
[Supabase Migrations Deploy/deploy] [DEBUG] Unable to pull refs/heads/v3: worktree contains unstaged changes
[Supabase Migrations Deploy/deploy] [DEBUG] Cloned https://github.com/hashicorp/setup-terraform to /Users/gmtfr/.cache/act/hashicorp-setup-terraform@v3
[Supabase Migrations Deploy/deploy] [DEBUG] Checked out v3
[Supabase Migrations Deploy/deploy] [DEBUG] Read action &{HashiCorp - Setup Terraform HashiCorp, Inc. Sets up Terraform CLI in your GitHub Actions workflow. map[cli_config_credentials_hostname:{The hostname of a HCP Terraform/Terraform Enterprise instance to place within the credentials block of the Terraform CLI configuration file. Defaults to `app.terraform.io`. false app.terraform.io} cli_config_credentials_token:{The API token for a HCP Terraform/Terraform Enterprise instance to place within the credentials block of the Terraform CLI configuration file. false } terraform_version:{The version of Terraform CLI to install. Instead of full version string you can also specify constraint string starting with "<" (for example `<1.13.0`) to install the latest version satisfying the constraint. A value of `latest` will install the latest version of Terraform CLI. Defaults to `latest`. false latest} terraform_wrapper:{Whether or not to install a wrapper to wrap subsequent calls of the `terraform` binary and expose its STDOUT, STDERR, and exit code as outputs named `stdout`, `stderr`, and `exitcode` respectively. Defaults to `***`. false ***}] map[] {node20 map[] dist/index.js  always()  always()     [] []} {purple terminal}} from 'Unknown'
[Supabase Migrations Deploy/deploy] [DEBUG] Loading revision from git directory
[Supabase Migrations Deploy/deploy] [DEBUG] Found revision: f24963a950a3c826fd4c0b49a7c954ab2eb96687
[Supabase Migrations Deploy/deploy] [DEBUG] HEAD points to 'f24963a950a3c826fd4c0b49a7c954ab2eb96687'
[Supabase Migrations Deploy/deploy] [DEBUG] using github ref: refs/heads/main
[Supabase Migrations Deploy/deploy] [DEBUG] Found revision: f24963a950a3c826fd4c0b49a7c954ab2eb96687
[Supabase Migrations Deploy/deploy] [DEBUG] Skipping local actions/checkout because workdir was already copied
[Supabase Migrations Deploy/deploy] [DEBUG] Loading revision from git directory
[Supabase Migrations Deploy/deploy] [DEBUG] Found revision: f24963a950a3c826fd4c0b49a7c954ab2eb96687
[Supabase Migrations Deploy/deploy] [DEBUG] HEAD points to 'f24963a950a3c826fd4c0b49a7c954ab2eb96687'
[Supabase Migrations Deploy/deploy] [DEBUG] using github ref: refs/heads/main
[Supabase Migrations Deploy/deploy] [DEBUG] Found revision: f24963a950a3c826fd4c0b49a7c954ab2eb96687
[Supabase Migrations Deploy/deploy] [DEBUG] Loading revision from git directory
[Supabase Migrations Deploy/deploy] [DEBUG] Found revision: f24963a950a3c826fd4c0b49a7c954ab2eb96687
[Supabase Migrations Deploy/deploy] [DEBUG] HEAD points to 'f24963a950a3c826fd4c0b49a7c954ab2eb96687'
[Supabase Migrations Deploy/deploy] [DEBUG] using github ref: refs/heads/main
[Supabase Migrations Deploy/deploy] [DEBUG] Found revision: f24963a950a3c826fd4c0b49a7c954ab2eb96687
[Supabase Migrations Deploy/deploy] [DEBUG] Loading revision from git directory
[Supabase Migrations Deploy/deploy] [DEBUG] Found revision: f24963a950a3c826fd4c0b49a7c954ab2eb96687
[Supabase Migrations Deploy/deploy] [DEBUG] HEAD points to 'f24963a950a3c826fd4c0b49a7c954ab2eb96687'
[Supabase Migrations Deploy/deploy] [DEBUG] using github ref: refs/heads/main
[Supabase Migrations Deploy/deploy] [DEBUG] Found revision: f24963a950a3c826fd4c0b49a7c954ab2eb96687
[Supabase Migrations Deploy/deploy] [DEBUG] setupEnv => map[ACT:*** ACTIONS_CACHE_URL:http://10.0.0.109:65016/ CI:*** GITHUB_ACTION:0 GITHUB_ACTIONS:*** GITHUB_ACTION_PATH: GITHUB_ACTION_REF:v4 GITHUB_ACTION_REPOSITORY:actions/checkout GITHUB_ACTOR:nektos/act GITHUB_API_URL:https://api.github.com GITHUB_BASE_REF: GITHUB_EVENT_NAME:push GITHUB_EVENT_PATH:/var/run/act/workflow/event.json GITHUB_GRAPHQL_URL:https://api.github.com/graphql GITHUB_HEAD_REF: GITHUB_JOB:deploy GITHUB_REF:refs/heads/main GITHUB_REF_NAME:main GITHUB_REF_TYPE:branch GITHUB_REPOSITORY:gmtfrombc/bee-mvp GITHUB_REPOSITORY_OWNER:gmtfrombc GITHUB_RETENTION_DAYS:0 GITHUB_RUN_ATTEMPT:1 GITHUB_RUN_ID:1 GITHUB_RUN_NUMBER:1 GITHUB_SERVER_URL:https://github.com GITHUB_SHA:f24963a950a3c826fd4c0b49a7c954ab2eb96687 GITHUB_WORKFLOW:Supabase Migrations Deploy GITHUB_WORKSPACE:/Users/gmtfr/bee-mvp/bee-mvp ImageOS:ubuntu20 RUNNER_PERFLOG:/dev/null RUNNER_TRACKING_ID: SKIP_TERRAFORM:false SKIP_UPLOAD_ARTIFACTS:*** SUPABASE_ACCESS_TOKEN:*** SUPABASE_DB_PASSWORD:*** SUPABASE_PROJECT_REF:*** SUPABASE_PROJECT_URL:*** SUPABASE_SERVICE_ROLE_SECRET: TF_VAR_supabase_url:***]
[Supabase Migrations Deploy/deploy] [DEBUG] Loading revision from git directory
[Supabase Migrations Deploy/deploy] [DEBUG] Found revision: f24963a950a3c826fd4c0b49a7c954ab2eb96687
[Supabase Migrations Deploy/deploy] [DEBUG] HEAD points to 'f24963a950a3c826fd4c0b49a7c954ab2eb96687'
[Supabase Migrations Deploy/deploy] [DEBUG] using github ref: refs/heads/main
[Supabase Migrations Deploy/deploy] [DEBUG] Found revision: f24963a950a3c826fd4c0b49a7c954ab2eb96687
[Supabase Migrations Deploy/deploy] [DEBUG] Loading revision from git directory
[Supabase Migrations Deploy/deploy] [DEBUG] Found revision: f24963a950a3c826fd4c0b49a7c954ab2eb96687
[Supabase Migrations Deploy/deploy] [DEBUG] HEAD points to 'f24963a950a3c826fd4c0b49a7c954ab2eb96687'
[Supabase Migrations Deploy/deploy] [DEBUG] using github ref: refs/heads/main
[Supabase Migrations Deploy/deploy] [DEBUG] Found revision: f24963a950a3c826fd4c0b49a7c954ab2eb96687
[Supabase Migrations Deploy/deploy] [DEBUG] evaluating expression ''
[Supabase Migrations Deploy/deploy] [DEBUG] expression '' evaluated to '***'
[Supabase Migrations Deploy/deploy] ⭐ Run Main actions/checkout@v4
[Supabase Migrations Deploy/deploy] [DEBUG] Writing entry to tarball workflow/outputcmd.txt len:0
[Supabase Migrations Deploy/deploy] [DEBUG] Writing entry to tarball workflow/statecmd.txt len:0
[Supabase Migrations Deploy/deploy] [DEBUG] Writing entry to tarball workflow/pathcmd.txt len:0
[Supabase Migrations Deploy/deploy] [DEBUG] Writing entry to tarball workflow/envs.txt len:0
[Supabase Migrations Deploy/deploy] [DEBUG] Writing entry to tarball workflow/SUMMARY.md len:0
[Supabase Migrations Deploy/deploy] [DEBUG] Extracting content to '/var/run/act'
[Supabase Migrations Deploy/deploy] [DEBUG] Loading revision from git directory
[Supabase Migrations Deploy/deploy] [DEBUG] Found revision: f24963a950a3c826fd4c0b49a7c954ab2eb96687
[Supabase Migrations Deploy/deploy] [DEBUG] HEAD points to 'f24963a950a3c826fd4c0b49a7c954ab2eb96687'
[Supabase Migrations Deploy/deploy] [DEBUG] using github ref: refs/heads/main
[Supabase Migrations Deploy/deploy] [DEBUG] Found revision: f24963a950a3c826fd4c0b49a7c954ab2eb96687
[Supabase Migrations Deploy/deploy] [DEBUG] Loading revision from git directory
[Supabase Migrations Deploy/deploy] [DEBUG] Found revision: f24963a950a3c826fd4c0b49a7c954ab2eb96687
[Supabase Migrations Deploy/deploy] [DEBUG] HEAD points to 'f24963a950a3c826fd4c0b49a7c954ab2eb96687'
[Supabase Migrations Deploy/deploy] [DEBUG] using github ref: refs/heads/main
[Supabase Migrations Deploy/deploy] [DEBUG] Found revision: f24963a950a3c826fd4c0b49a7c954ab2eb96687
[Supabase Migrations Deploy/deploy]   🐳  docker cp src=/Users/gmtfr/bee-mvp/bee-mvp/. dst=/Users/gmtfr/bee-mvp/bee-mvp
[Supabase Migrations Deploy/deploy] [DEBUG] Writing tarball /var/folders/99/vvwv07p5415f1jxlfg8cj40m0000gn/T/act2374882531 from /Users/gmtfr/bee-mvp/bee-mvp/.
[Supabase Migrations Deploy/deploy] [DEBUG] Stripping prefix:/Users/gmtfr/bee-mvp/bee-mvp/ src:/Users/gmtfr/bee-mvp/bee-mvp/.
[Supabase Migrations Deploy/deploy] [DEBUG] Extracting content from '/var/folders/99/vvwv07p5415f1jxlfg8cj40m0000gn/T/act2374882531' to '/Users/gmtfr/bee-mvp/bee-mvp'
[Supabase Migrations Deploy/deploy]   ✅  Success - Main actions/checkout@v4 [1.343426583s]
[Supabase Migrations Deploy/deploy] [DEBUG] Loading revision from git directory
[Supabase Migrations Deploy/deploy] [DEBUG] Found revision: f24963a950a3c826fd4c0b49a7c954ab2eb96687
[Supabase Migrations Deploy/deploy] [DEBUG] HEAD points to 'f24963a950a3c826fd4c0b49a7c954ab2eb96687'
[Supabase Migrations Deploy/deploy] [DEBUG] using github ref: refs/heads/main
[Supabase Migrations Deploy/deploy] [DEBUG] Found revision: f24963a950a3c826fd4c0b49a7c954ab2eb96687
[Supabase Migrations Deploy/deploy] [DEBUG] Loading revision from git directory
[Supabase Migrations Deploy/deploy] [DEBUG] Found revision: f24963a950a3c826fd4c0b49a7c954ab2eb96687
[Supabase Migrations Deploy/deploy] [DEBUG] HEAD points to 'f24963a950a3c826fd4c0b49a7c954ab2eb96687'
[Supabase Migrations Deploy/deploy] [DEBUG] using github ref: refs/heads/main
[Supabase Migrations Deploy/deploy] [DEBUG] Found revision: f24963a950a3c826fd4c0b49a7c954ab2eb96687
[Supabase Migrations Deploy/deploy] [DEBUG] Loading revision from git directory
[Supabase Migrations Deploy/deploy] [DEBUG] Found revision: f24963a950a3c826fd4c0b49a7c954ab2eb96687
[Supabase Migrations Deploy/deploy] [DEBUG] HEAD points to 'f24963a950a3c826fd4c0b49a7c954ab2eb96687'
[Supabase Migrations Deploy/deploy] [DEBUG] using github ref: refs/heads/main
[Supabase Migrations Deploy/deploy] [DEBUG] Found revision: f24963a950a3c826fd4c0b49a7c954ab2eb96687
[Supabase Migrations Deploy/deploy] [DEBUG] setupEnv => map[ACT:*** ACTIONS_CACHE_URL:http://10.0.0.109:65016/ CI:*** GITHUB_ACTION:1 GITHUB_ACTIONS:*** GITHUB_ACTION_PATH: GITHUB_ACTION_REF:v1 GITHUB_ACTION_REPOSITORY:supabase/setup-cli GITHUB_ACTOR:nektos/act GITHUB_API_URL:https://api.github.com GITHUB_BASE_REF: GITHUB_EVENT_NAME:push GITHUB_EVENT_PATH:/var/run/act/workflow/event.json GITHUB_GRAPHQL_URL:https://api.github.com/graphql GITHUB_HEAD_REF: GITHUB_JOB:deploy GITHUB_REF:refs/heads/main GITHUB_REF_NAME:main GITHUB_REF_TYPE:branch GITHUB_REPOSITORY:gmtfrombc/bee-mvp GITHUB_REPOSITORY_OWNER:gmtfrombc GITHUB_RETENTION_DAYS:0 GITHUB_RUN_ATTEMPT:1 GITHUB_RUN_ID:1 GITHUB_RUN_NUMBER:1 GITHUB_SERVER_URL:https://github.com GITHUB_SHA:f24963a950a3c826fd4c0b49a7c954ab2eb96687 GITHUB_WORKFLOW:Supabase Migrations Deploy GITHUB_WORKSPACE:/Users/gmtfr/bee-mvp/bee-mvp INPUT_VERSION:2.30.4 ImageOS:ubuntu20 RUNNER_PERFLOG:/dev/null RUNNER_TRACKING_ID: SKIP_TERRAFORM:false SKIP_UPLOAD_ARTIFACTS:*** SUPABASE_ACCESS_TOKEN:*** SUPABASE_DB_PASSWORD:*** SUPABASE_PROJECT_REF:*** SUPABASE_PROJECT_URL:*** SUPABASE_SERVICE_ROLE_SECRET: TF_VAR_supabase_url:***]
[Supabase Migrations Deploy/deploy] [DEBUG] Loading revision from git directory
[Supabase Migrations Deploy/deploy] [DEBUG] Found revision: f24963a950a3c826fd4c0b49a7c954ab2eb96687
[Supabase Migrations Deploy/deploy] [DEBUG] HEAD points to 'f24963a950a3c826fd4c0b49a7c954ab2eb96687'
[Supabase Migrations Deploy/deploy] [DEBUG] using github ref: refs/heads/main
[Supabase Migrations Deploy/deploy] [DEBUG] Found revision: f24963a950a3c826fd4c0b49a7c954ab2eb96687
[Supabase Migrations Deploy/deploy] [DEBUG] Loading revision from git directory
[Supabase Migrations Deploy/deploy] [DEBUG] Found revision: f24963a950a3c826fd4c0b49a7c954ab2eb96687
[Supabase Migrations Deploy/deploy] [DEBUG] HEAD points to 'f24963a950a3c826fd4c0b49a7c954ab2eb96687'
[Supabase Migrations Deploy/deploy] [DEBUG] using github ref: refs/heads/main
[Supabase Migrations Deploy/deploy] [DEBUG] Found revision: f24963a950a3c826fd4c0b49a7c954ab2eb96687
[Supabase Migrations Deploy/deploy] [DEBUG] evaluating expression ''
[Supabase Migrations Deploy/deploy] [DEBUG] expression '' evaluated to '***'
[Supabase Migrations Deploy/deploy] ⭐ Run Main Setup Supabase CLI
[Supabase Migrations Deploy/deploy] [DEBUG] Writing entry to tarball workflow/outputcmd.txt len:0
[Supabase Migrations Deploy/deploy] [DEBUG] Writing entry to tarball workflow/statecmd.txt len:0
[Supabase Migrations Deploy/deploy] [DEBUG] Writing entry to tarball workflow/pathcmd.txt len:0
[Supabase Migrations Deploy/deploy] [DEBUG] Writing entry to tarball workflow/envs.txt len:0
[Supabase Migrations Deploy/deploy] [DEBUG] Writing entry to tarball workflow/SUMMARY.md len:0
[Supabase Migrations Deploy/deploy] [DEBUG] Extracting content to '/var/run/act'
[Supabase Migrations Deploy/deploy] [DEBUG] Loading revision from git directory
[Supabase Migrations Deploy/deploy] [DEBUG] Found revision: f24963a950a3c826fd4c0b49a7c954ab2eb96687
[Supabase Migrations Deploy/deploy] [DEBUG] HEAD points to 'f24963a950a3c826fd4c0b49a7c954ab2eb96687'
[Supabase Migrations Deploy/deploy] [DEBUG] using github ref: refs/heads/main
[Supabase Migrations Deploy/deploy] [DEBUG] Found revision: f24963a950a3c826fd4c0b49a7c954ab2eb96687
[Supabase Migrations Deploy/deploy] [DEBUG] About to run action &{Supabase CLI Action Supabase Setup Supabase CLI, supabase, on GitHub Actions runners map[version:{Version of Supabase CLI to install false 2.20.3}] map[version:{Version of installed Supabase CLI }] {node20 map[] dist/index.js  always()  always()     [] []} { }}
[Supabase Migrations Deploy/deploy] [DEBUG] Loading revision from git directory
[Supabase Migrations Deploy/deploy] [DEBUG] Found revision: f24963a950a3c826fd4c0b49a7c954ab2eb96687
[Supabase Migrations Deploy/deploy] [DEBUG] HEAD points to 'f24963a950a3c826fd4c0b49a7c954ab2eb96687'
[Supabase Migrations Deploy/deploy] [DEBUG] using github ref: refs/heads/main
[Supabase Migrations Deploy/deploy] [DEBUG] Found revision: f24963a950a3c826fd4c0b49a7c954ab2eb96687
[Supabase Migrations Deploy/deploy] [DEBUG] Loading revision from git directory
[Supabase Migrations Deploy/deploy] [DEBUG] Found revision: f24963a950a3c826fd4c0b49a7c954ab2eb96687
[Supabase Migrations Deploy/deploy] [DEBUG] HEAD points to 'f24963a950a3c826fd4c0b49a7c954ab2eb96687'
[Supabase Migrations Deploy/deploy] [DEBUG] using github ref: refs/heads/main
[Supabase Migrations Deploy/deploy] [DEBUG] Found revision: f24963a950a3c826fd4c0b49a7c954ab2eb96687
[Supabase Migrations Deploy/deploy] [DEBUG] type=remote-action actionDir=/Users/gmtfr/.cache/act/supabase-setup-cli@v1 actionPath= workdir=/Users/gmtfr/bee-mvp/bee-mvp actionCacheDir=/Users/gmtfr/.cache/act actionName=supabase-setup-cli@v1 containerActionDir=/var/run/act/actions/supabase-setup-cli@v1
[Supabase Migrations Deploy/deploy] [DEBUG] /var/run/act/actions/supabase-setup-cli@v1
[Supabase Migrations Deploy/deploy] [DEBUG] Removing /Users/gmtfr/.cache/act/supabase-setup-cli@v1/.gitignore before docker cp
[Supabase Migrations Deploy/deploy]   🐳  docker cp src=/Users/gmtfr/.cache/act/supabase-setup-cli@v1/ dst=/var/run/act/actions/supabase-setup-cli@v1/
[Supabase Migrations Deploy/deploy] [DEBUG] Writing tarball /var/folders/99/vvwv07p5415f1jxlfg8cj40m0000gn/T/act2969590038 from /Users/gmtfr/.cache/act/supabase-setup-cli@v1/
[Supabase Migrations Deploy/deploy] [DEBUG] Stripping prefix:/Users/gmtfr/.cache/act/supabase-setup-cli@v1/ src:/Users/gmtfr/.cache/act/supabase-setup-cli@v1/
[Supabase Migrations Deploy/deploy] [DEBUG] Extracting content from '/var/folders/99/vvwv07p5415f1jxlfg8cj40m0000gn/T/act2969590038' to '/var/run/act/actions/supabase-setup-cli@v1/'
[Supabase Migrations Deploy/deploy] [DEBUG] executing remote job container: [/opt/acttoolcache/node/18.20.8/x64/bin/node /var/run/act/actions/supabase-setup-cli@v1/dist/index.js]
[Supabase Migrations Deploy/deploy]   🐳  docker exec cmd=[/opt/acttoolcache/node/18.20.8/x64/bin/node /var/run/act/actions/supabase-setup-cli@v1/dist/index.js] user= workdir=
[Supabase Migrations Deploy/deploy] [DEBUG] Exec command '[/opt/acttoolcache/node/18.20.8/x64/bin/node /var/run/act/actions/supabase-setup-cli@v1/dist/index.js]'
[Supabase Migrations Deploy/deploy] [DEBUG] Working directory '/Users/gmtfr/bee-mvp/bee-mvp'
[Supabase Migrations Deploy/deploy] [DEBUG]   💬  ::debug::Downloading https://github.com/supabase/cli/releases/download/v2.30.4/supabase_linux_amd64.tar.gz
[Supabase Migrations Deploy/deploy] [DEBUG]   💬  ::debug::Destination /tmp/f3c838b5-bbf3-4732-a25f-99058d83a38b
[Supabase Migrations Deploy/deploy] [DEBUG]   💬  ::debug::download complete
[Supabase Migrations Deploy/deploy] [DEBUG]   💬  ::debug::Checking tar --version
[Supabase Migrations Deploy/deploy] [DEBUG]   💬  ::debug::tar (GNU tar) 1.34%0ACopyright (C) 2021 Free Software Foundation, Inc.%0ALicense GPLv3+: GNU GPL version 3 or later <https://gnu.org/licenses/gpl.html>.%0AThis is free software: you are free to change and redistribute it.%0AThere is NO WARRANTY, to the extent permitted by law.%0A%0AWritten by John Gilmore and Jay Fenlason.
[Supabase Migrations Deploy/deploy]   | [command]/usr/bin/tar xz --warning=no-unknown-keyword --overwrite -C /tmp/8649d1af-c1d8-4109-8011-fc8611683b85 -f /tmp/f3c838b5-bbf3-4732-a25f-99058d83a38b
[Supabase Migrations Deploy/deploy]   ✅  Success - Main Setup Supabase CLI [9.260321667s]
[Supabase Migrations Deploy/deploy]   ⚙  ::set-env:: SUPABASE_INTERNAL_IMAGE_REGISTRY=ghcr.io
[Supabase Migrations Deploy/deploy]   ⚙  ::set-output:: version=2.30.4
[Supabase Migrations Deploy/deploy]   ⚙  ::add-path:: /tmp/8649d1af-c1d8-4109-8011-fc8611683b85
[Supabase Migrations Deploy/deploy] [DEBUG] Loading revision from git directory
[Supabase Migrations Deploy/deploy] [DEBUG] Found revision: f24963a950a3c826fd4c0b49a7c954ab2eb96687
[Supabase Migrations Deploy/deploy] [DEBUG] HEAD points to 'f24963a950a3c826fd4c0b49a7c954ab2eb96687'
[Supabase Migrations Deploy/deploy] [DEBUG] using github ref: refs/heads/main
[Supabase Migrations Deploy/deploy] [DEBUG] Found revision: f24963a950a3c826fd4c0b49a7c954ab2eb96687
[Supabase Migrations Deploy/deploy] [DEBUG] Loading revision from git directory
[Supabase Migrations Deploy/deploy] [DEBUG] Found revision: f24963a950a3c826fd4c0b49a7c954ab2eb96687
[Supabase Migrations Deploy/deploy] [DEBUG] HEAD points to 'f24963a950a3c826fd4c0b49a7c954ab2eb96687'
[Supabase Migrations Deploy/deploy] [DEBUG] using github ref: refs/heads/main
[Supabase Migrations Deploy/deploy] [DEBUG] Found revision: f24963a950a3c826fd4c0b49a7c954ab2eb96687
[Supabase Migrations Deploy/deploy] [DEBUG] Loading revision from git directory
[Supabase Migrations Deploy/deploy] [DEBUG] Found revision: f24963a950a3c826fd4c0b49a7c954ab2eb96687
[Supabase Migrations Deploy/deploy] [DEBUG] HEAD points to 'f24963a950a3c826fd4c0b49a7c954ab2eb96687'
[Supabase Migrations Deploy/deploy] [DEBUG] using github ref: refs/heads/main
[Supabase Migrations Deploy/deploy] [DEBUG] Found revision: f24963a950a3c826fd4c0b49a7c954ab2eb96687
[Supabase Migrations Deploy/deploy] [DEBUG] setupEnv => map[ACT:*** ACTIONS_CACHE_URL:http://10.0.0.109:65016/ CI:*** GITHUB_ACTION:2 GITHUB_ACTIONS:*** GITHUB_ACTION_PATH: GITHUB_ACTION_REF: GITHUB_ACTION_REPOSITORY: GITHUB_ACTOR:nektos/act GITHUB_API_URL:https://api.github.com GITHUB_BASE_REF: GITHUB_EVENT_NAME:push GITHUB_EVENT_PATH:/var/run/act/workflow/event.json GITHUB_GRAPHQL_URL:https://api.github.com/graphql GITHUB_HEAD_REF: GITHUB_JOB:deploy GITHUB_REF:refs/heads/main GITHUB_REF_NAME:main GITHUB_REF_TYPE:branch GITHUB_REPOSITORY:gmtfrombc/bee-mvp GITHUB_REPOSITORY_OWNER:gmtfrombc GITHUB_RETENTION_DAYS:0 GITHUB_RUN_ATTEMPT:1 GITHUB_RUN_ID:1 GITHUB_RUN_NUMBER:1 GITHUB_SERVER_URL:https://github.com GITHUB_SHA:f24963a950a3c826fd4c0b49a7c954ab2eb96687 GITHUB_WORKFLOW:Supabase Migrations Deploy GITHUB_WORKSPACE:/Users/gmtfr/bee-mvp/bee-mvp ImageOS:ubuntu20 RUNNER_PERFLOG:/dev/null RUNNER_TRACKING_ID: SKIP_TERRAFORM:false SKIP_UPLOAD_ARTIFACTS:*** SUPABASE_ACCESS_TOKEN:*** SUPABASE_DB_PASSWORD:*** SUPABASE_INTERNAL_IMAGE_REGISTRY:ghcr.io SUPABASE_PROJECT_REF:*** SUPABASE_PROJECT_URL:*** SUPABASE_SERVICE_ROLE_SECRET: TF_VAR_supabase_url:***]
[Supabase Migrations Deploy/deploy] [DEBUG] Loading revision from git directory
[Supabase Migrations Deploy/deploy] [DEBUG] Found revision: f24963a950a3c826fd4c0b49a7c954ab2eb96687
[Supabase Migrations Deploy/deploy] [DEBUG] HEAD points to 'f24963a950a3c826fd4c0b49a7c954ab2eb96687'
[Supabase Migrations Deploy/deploy] [DEBUG] using github ref: refs/heads/main
[Supabase Migrations Deploy/deploy] [DEBUG] Found revision: f24963a950a3c826fd4c0b49a7c954ab2eb96687
[Supabase Migrations Deploy/deploy] [DEBUG] Loading revision from git directory
[Supabase Migrations Deploy/deploy] [DEBUG] Found revision: f24963a950a3c826fd4c0b49a7c954ab2eb96687
[Supabase Migrations Deploy/deploy] [DEBUG] HEAD points to 'f24963a950a3c826fd4c0b49a7c954ab2eb96687'
[Supabase Migrations Deploy/deploy] [DEBUG] using github ref: refs/heads/main
[Supabase Migrations Deploy/deploy] [DEBUG] Found revision: f24963a950a3c826fd4c0b49a7c954ab2eb96687
[Supabase Migrations Deploy/deploy] [DEBUG] evaluating expression ''
[Supabase Migrations Deploy/deploy] [DEBUG] expression '' evaluated to '***'
[Supabase Migrations Deploy/deploy] ⭐ Run Main Verify Supabase CLI version compatibility
[Supabase Migrations Deploy/deploy] [DEBUG] Writing entry to tarball workflow/outputcmd.txt len:0
[Supabase Migrations Deploy/deploy] [DEBUG] Writing entry to tarball workflow/statecmd.txt len:0
[Supabase Migrations Deploy/deploy] [DEBUG] Writing entry to tarball workflow/pathcmd.txt len:0
[Supabase Migrations Deploy/deploy] [DEBUG] Writing entry to tarball workflow/envs.txt len:0
[Supabase Migrations Deploy/deploy] [DEBUG] Writing entry to tarball workflow/SUMMARY.md len:0
[Supabase Migrations Deploy/deploy] [DEBUG] Extracting content to '/var/run/act'
[Supabase Migrations Deploy/deploy] [DEBUG] Loading revision from git directory
[Supabase Migrations Deploy/deploy] [DEBUG] Found revision: f24963a950a3c826fd4c0b49a7c954ab2eb96687
[Supabase Migrations Deploy/deploy] [DEBUG] HEAD points to 'f24963a950a3c826fd4c0b49a7c954ab2eb96687'
[Supabase Migrations Deploy/deploy] [DEBUG] using github ref: refs/heads/main
[Supabase Migrations Deploy/deploy] [DEBUG] Found revision: f24963a950a3c826fd4c0b49a7c954ab2eb96687
[Supabase Migrations Deploy/deploy] [DEBUG] Loading revision from git directory
[Supabase Migrations Deploy/deploy] [DEBUG] Found revision: f24963a950a3c826fd4c0b49a7c954ab2eb96687
[Supabase Migrations Deploy/deploy] [DEBUG] HEAD points to 'f24963a950a3c826fd4c0b49a7c954ab2eb96687'
[Supabase Migrations Deploy/deploy] [DEBUG] using github ref: refs/heads/main
[Supabase Migrations Deploy/deploy] [DEBUG] Found revision: f24963a950a3c826fd4c0b49a7c954ab2eb96687
[Supabase Migrations Deploy/deploy] [DEBUG] Loading revision from git directory
[Supabase Migrations Deploy/deploy] [DEBUG] Found revision: f24963a950a3c826fd4c0b49a7c954ab2eb96687
[Supabase Migrations Deploy/deploy] [DEBUG] HEAD points to 'f24963a950a3c826fd4c0b49a7c954ab2eb96687'
[Supabase Migrations Deploy/deploy] [DEBUG] using github ref: refs/heads/main
[Supabase Migrations Deploy/deploy] [DEBUG] Found revision: f24963a950a3c826fd4c0b49a7c954ab2eb96687
[Supabase Migrations Deploy/deploy] [DEBUG] Loading revision from git directory
[Supabase Migrations Deploy/deploy] [DEBUG] Found revision: f24963a950a3c826fd4c0b49a7c954ab2eb96687
[Supabase Migrations Deploy/deploy] [DEBUG] HEAD points to 'f24963a950a3c826fd4c0b49a7c954ab2eb96687'
[Supabase Migrations Deploy/deploy] [DEBUG] using github ref: refs/heads/main
[Supabase Migrations Deploy/deploy] [DEBUG] Found revision: f24963a950a3c826fd4c0b49a7c954ab2eb96687
[Supabase Migrations Deploy/deploy] [DEBUG] Wrote command 

EXPECTED_VERSION="2.30.4"
ACTUAL_VERSION=$(supabase --version | grep -o '[0-9]\+\.[0-9]\+\.[0-9]\+')
echo "Expected Supabase CLI version: $EXPECTED_VERSION"
echo "Actual Supabase CLI version: $ACTUAL_VERSION"
if [ "$ACTUAL_VERSION" != "$EXPECTED_VERSION" ]; then
  echo "⚠️  WARNING: Supabase CLI version mismatch!"
  echo "   Expected: $EXPECTED_VERSION"
  echo "   Actual:   $ACTUAL_VERSION"
  echo "   This may cause unexpected behavior. Consider updating the pinned version."
else
  echo "✅ Supabase CLI version matches expected version"
fi


 to 'workflow/2'
[Supabase Migrations Deploy/deploy] [DEBUG] Writing entry to tarball workflow/2 len:553
[Supabase Migrations Deploy/deploy] [DEBUG] Extracting content to '/var/run/act'
[Supabase Migrations Deploy/deploy]   🐳  docker exec cmd=[bash -e /var/run/act/workflow/2] user= workdir=
[Supabase Migrations Deploy/deploy] [DEBUG] Exec command '[bash -e /var/run/act/workflow/2]'
[Supabase Migrations Deploy/deploy] [DEBUG] Working directory '/Users/gmtfr/bee-mvp/bee-mvp'
[Supabase Migrations Deploy/deploy]   | Expected Supabase CLI version: 2.30.4
[Supabase Migrations Deploy/deploy]   | Actual Supabase CLI version: 2.30.4
[Supabase Migrations Deploy/deploy]   | ✅ Supabase CLI version matches expected version
[Supabase Migrations Deploy/deploy]   ✅  Success - Main Verify Supabase CLI version compatibility [622.164875ms]
[Supabase Migrations Deploy/deploy] [DEBUG] Loading revision from git directory
[Supabase Migrations Deploy/deploy] [DEBUG] Found revision: f24963a950a3c826fd4c0b49a7c954ab2eb96687
[Supabase Migrations Deploy/deploy] [DEBUG] HEAD points to 'f24963a950a3c826fd4c0b49a7c954ab2eb96687'
[Supabase Migrations Deploy/deploy] [DEBUG] using github ref: refs/heads/main
[Supabase Migrations Deploy/deploy] [DEBUG] Found revision: f24963a950a3c826fd4c0b49a7c954ab2eb96687
[Supabase Migrations Deploy/deploy] [DEBUG] Loading revision from git directory
[Supabase Migrations Deploy/deploy] [DEBUG] Found revision: f24963a950a3c826fd4c0b49a7c954ab2eb96687
[Supabase Migrations Deploy/deploy] [DEBUG] HEAD points to 'f24963a950a3c826fd4c0b49a7c954ab2eb96687'
[Supabase Migrations Deploy/deploy] [DEBUG] using github ref: refs/heads/main
[Supabase Migrations Deploy/deploy] [DEBUG] Found revision: f24963a950a3c826fd4c0b49a7c954ab2eb96687
[Supabase Migrations Deploy/deploy] [DEBUG] Loading revision from git directory
[Supabase Migrations Deploy/deploy] [DEBUG] Found revision: f24963a950a3c826fd4c0b49a7c954ab2eb96687
[Supabase Migrations Deploy/deploy] [DEBUG] HEAD points to 'f24963a950a3c826fd4c0b49a7c954ab2eb96687'
[Supabase Migrations Deploy/deploy] [DEBUG] using github ref: refs/heads/main
[Supabase Migrations Deploy/deploy] [DEBUG] Found revision: f24963a950a3c826fd4c0b49a7c954ab2eb96687
[Supabase Migrations Deploy/deploy] [DEBUG] setupEnv => map[ACT:*** ACTIONS_CACHE_URL:http://10.0.0.109:65016/ CI:*** GITHUB_ACTION:3 GITHUB_ACTIONS:*** GITHUB_ACTION_PATH: GITHUB_ACTION_REF: GITHUB_ACTION_REPOSITORY: GITHUB_ACTOR:nektos/act GITHUB_API_URL:https://api.github.com GITHUB_BASE_REF: GITHUB_EVENT_NAME:push GITHUB_EVENT_PATH:/var/run/act/workflow/event.json GITHUB_GRAPHQL_URL:https://api.github.com/graphql GITHUB_HEAD_REF: GITHUB_JOB:deploy GITHUB_REF:refs/heads/main GITHUB_REF_NAME:main GITHUB_REF_TYPE:branch GITHUB_REPOSITORY:gmtfrombc/bee-mvp GITHUB_REPOSITORY_OWNER:gmtfrombc GITHUB_RETENTION_DAYS:0 GITHUB_RUN_ATTEMPT:1 GITHUB_RUN_ID:1 GITHUB_RUN_NUMBER:1 GITHUB_SERVER_URL:https://github.com GITHUB_SHA:f24963a950a3c826fd4c0b49a7c954ab2eb96687 GITHUB_WORKFLOW:Supabase Migrations Deploy GITHUB_WORKSPACE:/Users/gmtfr/bee-mvp/bee-mvp ImageOS:ubuntu20 RUNNER_PERFLOG:/dev/null RUNNER_TRACKING_ID: SKIP_TERRAFORM:false SKIP_UPLOAD_ARTIFACTS:*** SUPABASE_ACCESS_TOKEN:*** SUPABASE_DB_PASSWORD:*** SUPABASE_INTERNAL_IMAGE_REGISTRY:ghcr.io SUPABASE_PROJECT_REF:*** SUPABASE_PROJECT_URL:*** SUPABASE_SERVICE_ROLE_SECRET: TF_VAR_supabase_url:***]
[Supabase Migrations Deploy/deploy] [DEBUG] Loading revision from git directory
[Supabase Migrations Deploy/deploy] [DEBUG] Found revision: f24963a950a3c826fd4c0b49a7c954ab2eb96687
[Supabase Migrations Deploy/deploy] [DEBUG] HEAD points to 'f24963a950a3c826fd4c0b49a7c954ab2eb96687'
[Supabase Migrations Deploy/deploy] [DEBUG] using github ref: refs/heads/main
[Supabase Migrations Deploy/deploy] [DEBUG] Found revision: f24963a950a3c826fd4c0b49a7c954ab2eb96687
[Supabase Migrations Deploy/deploy] [DEBUG] Loading revision from git directory
[Supabase Migrations Deploy/deploy] [DEBUG] Found revision: f24963a950a3c826fd4c0b49a7c954ab2eb96687
[Supabase Migrations Deploy/deploy] [DEBUG] HEAD points to 'f24963a950a3c826fd4c0b49a7c954ab2eb96687'
[Supabase Migrations Deploy/deploy] [DEBUG] using github ref: refs/heads/main
[Supabase Migrations Deploy/deploy] [DEBUG] Found revision: f24963a950a3c826fd4c0b49a7c954ab2eb96687
[Supabase Migrations Deploy/deploy] [DEBUG] evaluating expression ''
[Supabase Migrations Deploy/deploy] [DEBUG] expression '' evaluated to '***'
[Supabase Migrations Deploy/deploy] ⭐ Run Main Load Supabase secrets into environment
[Supabase Migrations Deploy/deploy] [DEBUG] Writing entry to tarball workflow/outputcmd.txt len:0
[Supabase Migrations Deploy/deploy] [DEBUG] Writing entry to tarball workflow/statecmd.txt len:0
[Supabase Migrations Deploy/deploy] [DEBUG] Writing entry to tarball workflow/pathcmd.txt len:0
[Supabase Migrations Deploy/deploy] [DEBUG] Writing entry to tarball workflow/envs.txt len:0
[Supabase Migrations Deploy/deploy] [DEBUG] Writing entry to tarball workflow/SUMMARY.md len:0
[Supabase Migrations Deploy/deploy] [DEBUG] Extracting content to '/var/run/act'
[Supabase Migrations Deploy/deploy] [DEBUG] Loading revision from git directory
[Supabase Migrations Deploy/deploy] [DEBUG] Found revision: f24963a950a3c826fd4c0b49a7c954ab2eb96687
[Supabase Migrations Deploy/deploy] [DEBUG] HEAD points to 'f24963a950a3c826fd4c0b49a7c954ab2eb96687'
[Supabase Migrations Deploy/deploy] [DEBUG] using github ref: refs/heads/main
[Supabase Migrations Deploy/deploy] [DEBUG] Found revision: f24963a950a3c826fd4c0b49a7c954ab2eb96687
[Supabase Migrations Deploy/deploy] [DEBUG] Loading revision from git directory
[Supabase Migrations Deploy/deploy] [DEBUG] Found revision: f24963a950a3c826fd4c0b49a7c954ab2eb96687
[Supabase Migrations Deploy/deploy] [DEBUG] HEAD points to 'f24963a950a3c826fd4c0b49a7c954ab2eb96687'
[Supabase Migrations Deploy/deploy] [DEBUG] using github ref: refs/heads/main
[Supabase Migrations Deploy/deploy] [DEBUG] Found revision: f24963a950a3c826fd4c0b49a7c954ab2eb96687
[Supabase Migrations Deploy/deploy] [DEBUG] Loading revision from git directory
[Supabase Migrations Deploy/deploy] [DEBUG] Found revision: f24963a950a3c826fd4c0b49a7c954ab2eb96687
[Supabase Migrations Deploy/deploy] [DEBUG] HEAD points to 'f24963a950a3c826fd4c0b49a7c954ab2eb96687'
[Supabase Migrations Deploy/deploy] [DEBUG] using github ref: refs/heads/main
[Supabase Migrations Deploy/deploy] [DEBUG] Found revision: f24963a950a3c826fd4c0b49a7c954ab2eb96687
[Supabase Migrations Deploy/deploy] [DEBUG] Loading revision from git directory
[Supabase Migrations Deploy/deploy] [DEBUG] Found revision: f24963a950a3c826fd4c0b49a7c954ab2eb96687
[Supabase Migrations Deploy/deploy] [DEBUG] HEAD points to 'f24963a950a3c826fd4c0b49a7c954ab2eb96687'
[Supabase Migrations Deploy/deploy] [DEBUG] using github ref: refs/heads/main
[Supabase Migrations Deploy/deploy] [DEBUG] Found revision: f24963a950a3c826fd4c0b49a7c954ab2eb96687
[Supabase Migrations Deploy/deploy] [DEBUG] Wrote command 

echo "SUPABASE_URL=$SUPABASE_PROJECT_URL" >> $GITHUB_ENV
echo "SUPABASE_SERVICE_ROLE_SECRET=$SUPABASE_SERVICE_ROLE_SECRET" >> $GITHUB_ENV
echo "SUPABASE_PROJECT_REF=$SUPABASE_PROJECT_REF" >> $GITHUB_ENV
echo "SUPABASE_DB_PASSWORD=$SUPABASE_DB_PASSWORD" >> $GITHUB_ENV


 to 'workflow/3'
[Supabase Migrations Deploy/deploy] [DEBUG] Writing entry to tarball workflow/3 len:270
[Supabase Migrations Deploy/deploy] [DEBUG] Extracting content to '/var/run/act'
[Supabase Migrations Deploy/deploy]   🐳  docker exec cmd=[bash -e /var/run/act/workflow/3] user= workdir=
[Supabase Migrations Deploy/deploy] [DEBUG] Exec command '[bash -e /var/run/act/workflow/3]'
[Supabase Migrations Deploy/deploy] [DEBUG] Working directory '/Users/gmtfr/bee-mvp/bee-mvp'
[Supabase Migrations Deploy/deploy]   ✅  Success - Main Load Supabase secrets into environment [102.255542ms]
[Supabase Migrations Deploy/deploy]   ⚙  ::set-env:: SUPABASE_URL=***
[Supabase Migrations Deploy/deploy]   ⚙  ::set-env:: SUPABASE_SERVICE_ROLE_SECRET=
[Supabase Migrations Deploy/deploy]   ⚙  ::set-env:: SUPABASE_PROJECT_REF=***
[Supabase Migrations Deploy/deploy]   ⚙  ::set-env:: SUPABASE_DB_PASSWORD=***
[Supabase Migrations Deploy/deploy] [DEBUG] Loading revision from git directory
[Supabase Migrations Deploy/deploy] [DEBUG] Found revision: f24963a950a3c826fd4c0b49a7c954ab2eb96687
[Supabase Migrations Deploy/deploy] [DEBUG] HEAD points to 'f24963a950a3c826fd4c0b49a7c954ab2eb96687'
[Supabase Migrations Deploy/deploy] [DEBUG] using github ref: refs/heads/main
[Supabase Migrations Deploy/deploy] [DEBUG] Found revision: f24963a950a3c826fd4c0b49a7c954ab2eb96687
[Supabase Migrations Deploy/deploy] [DEBUG] Loading revision from git directory
[Supabase Migrations Deploy/deploy] [DEBUG] Found revision: f24963a950a3c826fd4c0b49a7c954ab2eb96687
[Supabase Migrations Deploy/deploy] [DEBUG] HEAD points to 'f24963a950a3c826fd4c0b49a7c954ab2eb96687'
[Supabase Migrations Deploy/deploy] [DEBUG] using github ref: refs/heads/main
[Supabase Migrations Deploy/deploy] [DEBUG] Found revision: f24963a950a3c826fd4c0b49a7c954ab2eb96687
[Supabase Migrations Deploy/deploy] [DEBUG] Loading revision from git directory
[Supabase Migrations Deploy/deploy] [DEBUG] Found revision: f24963a950a3c826fd4c0b49a7c954ab2eb96687
[Supabase Migrations Deploy/deploy] [DEBUG] HEAD points to 'f24963a950a3c826fd4c0b49a7c954ab2eb96687'
[Supabase Migrations Deploy/deploy] [DEBUG] using github ref: refs/heads/main
[Supabase Migrations Deploy/deploy] [DEBUG] Found revision: f24963a950a3c826fd4c0b49a7c954ab2eb96687
[Supabase Migrations Deploy/deploy] [DEBUG] setupEnv => map[ACT:*** ACTIONS_CACHE_URL:http://10.0.0.109:65016/ CI:*** GITHUB_ACTION:4 GITHUB_ACTIONS:*** GITHUB_ACTION_PATH: GITHUB_ACTION_REF: GITHUB_ACTION_REPOSITORY: GITHUB_ACTOR:nektos/act GITHUB_API_URL:https://api.github.com GITHUB_BASE_REF: GITHUB_EVENT_NAME:push GITHUB_EVENT_PATH:/var/run/act/workflow/event.json GITHUB_GRAPHQL_URL:https://api.github.com/graphql GITHUB_HEAD_REF: GITHUB_JOB:deploy GITHUB_REF:refs/heads/main GITHUB_REF_NAME:main GITHUB_REF_TYPE:branch GITHUB_REPOSITORY:gmtfrombc/bee-mvp GITHUB_REPOSITORY_OWNER:gmtfrombc GITHUB_RETENTION_DAYS:0 GITHUB_RUN_ATTEMPT:1 GITHUB_RUN_ID:1 GITHUB_RUN_NUMBER:1 GITHUB_SERVER_URL:https://github.com GITHUB_SHA:f24963a950a3c826fd4c0b49a7c954ab2eb96687 GITHUB_WORKFLOW:Supabase Migrations Deploy GITHUB_WORKSPACE:/Users/gmtfr/bee-mvp/bee-mvp ImageOS:ubuntu20 RUNNER_PERFLOG:/dev/null RUNNER_TRACKING_ID: SKIP_TERRAFORM:false SKIP_UPLOAD_ARTIFACTS:*** SUPABASE_ACCESS_TOKEN:*** SUPABASE_DB_PASSWORD:*** SUPABASE_INTERNAL_IMAGE_REGISTRY:ghcr.io SUPABASE_PROJECT_REF:*** SUPABASE_PROJECT_URL:*** SUPABASE_SERVICE_ROLE_SECRET: SUPABASE_URL:*** TF_VAR_supabase_url:***]
[Supabase Migrations Deploy/deploy] [DEBUG] Loading revision from git directory
[Supabase Migrations Deploy/deploy] [DEBUG] Found revision: f24963a950a3c826fd4c0b49a7c954ab2eb96687
[Supabase Migrations Deploy/deploy] [DEBUG] HEAD points to 'f24963a950a3c826fd4c0b49a7c954ab2eb96687'
[Supabase Migrations Deploy/deploy] [DEBUG] using github ref: refs/heads/main
[Supabase Migrations Deploy/deploy] [DEBUG] Found revision: f24963a950a3c826fd4c0b49a7c954ab2eb96687
[Supabase Migrations Deploy/deploy] [DEBUG] Loading revision from git directory
[Supabase Migrations Deploy/deploy] [DEBUG] Found revision: f24963a950a3c826fd4c0b49a7c954ab2eb96687
[Supabase Migrations Deploy/deploy] [DEBUG] HEAD points to 'f24963a950a3c826fd4c0b49a7c954ab2eb96687'
[Supabase Migrations Deploy/deploy] [DEBUG] using github ref: refs/heads/main
[Supabase Migrations Deploy/deploy] [DEBUG] Found revision: f24963a950a3c826fd4c0b49a7c954ab2eb96687
[Supabase Migrations Deploy/deploy] [DEBUG] evaluating expression 'env.ACT != '***''
[Supabase Migrations Deploy/deploy] [DEBUG] expression 'env.ACT != '***'' evaluated to 'false'
[Supabase Migrations Deploy/deploy] [DEBUG] Skipping step 'Link Supabase project (GitHub only)' due to 'env.ACT != '***''
[Supabase Migrations Deploy/deploy] [DEBUG] Loading revision from git directory
[Supabase Migrations Deploy/deploy] [DEBUG] Found revision: f24963a950a3c826fd4c0b49a7c954ab2eb96687
[Supabase Migrations Deploy/deploy] [DEBUG] HEAD points to 'f24963a950a3c826fd4c0b49a7c954ab2eb96687'
[Supabase Migrations Deploy/deploy] [DEBUG] using github ref: refs/heads/main
[Supabase Migrations Deploy/deploy] [DEBUG] Found revision: f24963a950a3c826fd4c0b49a7c954ab2eb96687
[Supabase Migrations Deploy/deploy] [DEBUG] Loading revision from git directory
[Supabase Migrations Deploy/deploy] [DEBUG] Found revision: f24963a950a3c826fd4c0b49a7c954ab2eb96687
[Supabase Migrations Deploy/deploy] [DEBUG] HEAD points to 'f24963a950a3c826fd4c0b49a7c954ab2eb96687'
[Supabase Migrations Deploy/deploy] [DEBUG] using github ref: refs/heads/main
[Supabase Migrations Deploy/deploy] [DEBUG] Found revision: f24963a950a3c826fd4c0b49a7c954ab2eb96687
[Supabase Migrations Deploy/deploy] [DEBUG] Loading revision from git directory
[Supabase Migrations Deploy/deploy] [DEBUG] Found revision: f24963a950a3c826fd4c0b49a7c954ab2eb96687
[Supabase Migrations Deploy/deploy] [DEBUG] HEAD points to 'f24963a950a3c826fd4c0b49a7c954ab2eb96687'
[Supabase Migrations Deploy/deploy] [DEBUG] using github ref: refs/heads/main
[Supabase Migrations Deploy/deploy] [DEBUG] Found revision: f24963a950a3c826fd4c0b49a7c954ab2eb96687
[Supabase Migrations Deploy/deploy] [DEBUG] setupEnv => map[ACT:*** ACTIONS_CACHE_URL:http://10.0.0.109:65016/ CI:*** GITHUB_ACTION:5 GITHUB_ACTIONS:*** GITHUB_ACTION_PATH: GITHUB_ACTION_REF: GITHUB_ACTION_REPOSITORY: GITHUB_ACTOR:nektos/act GITHUB_API_URL:https://api.github.com GITHUB_BASE_REF: GITHUB_EVENT_NAME:push GITHUB_EVENT_PATH:/var/run/act/workflow/event.json GITHUB_GRAPHQL_URL:https://api.github.com/graphql GITHUB_HEAD_REF: GITHUB_JOB:deploy GITHUB_REF:refs/heads/main GITHUB_REF_NAME:main GITHUB_REF_TYPE:branch GITHUB_REPOSITORY:gmtfrombc/bee-mvp GITHUB_REPOSITORY_OWNER:gmtfrombc GITHUB_RETENTION_DAYS:0 GITHUB_RUN_ATTEMPT:1 GITHUB_RUN_ID:1 GITHUB_RUN_NUMBER:1 GITHUB_SERVER_URL:https://github.com GITHUB_SHA:f24963a950a3c826fd4c0b49a7c954ab2eb96687 GITHUB_WORKFLOW:Supabase Migrations Deploy GITHUB_WORKSPACE:/Users/gmtfr/bee-mvp/bee-mvp ImageOS:ubuntu20 RUNNER_PERFLOG:/dev/null RUNNER_TRACKING_ID: SKIP_TERRAFORM:false SKIP_UPLOAD_ARTIFACTS:*** SUPABASE_ACCESS_TOKEN:*** SUPABASE_DB_PASSWORD:*** SUPABASE_INTERNAL_IMAGE_REGISTRY:ghcr.io SUPABASE_PROJECT_REF:*** SUPABASE_PROJECT_URL:*** SUPABASE_SERVICE_ROLE_SECRET: SUPABASE_URL:*** TF_VAR_supabase_url:***]
[Supabase Migrations Deploy/deploy] [DEBUG] Loading revision from git directory
[Supabase Migrations Deploy/deploy] [DEBUG] Found revision: f24963a950a3c826fd4c0b49a7c954ab2eb96687
[Supabase Migrations Deploy/deploy] [DEBUG] HEAD points to 'f24963a950a3c826fd4c0b49a7c954ab2eb96687'
[Supabase Migrations Deploy/deploy] [DEBUG] using github ref: refs/heads/main
[Supabase Migrations Deploy/deploy] [DEBUG] Found revision: f24963a950a3c826fd4c0b49a7c954ab2eb96687
[Supabase Migrations Deploy/deploy] [DEBUG] Loading revision from git directory
[Supabase Migrations Deploy/deploy] [DEBUG] Found revision: f24963a950a3c826fd4c0b49a7c954ab2eb96687
[Supabase Migrations Deploy/deploy] [DEBUG] HEAD points to 'f24963a950a3c826fd4c0b49a7c954ab2eb96687'
[Supabase Migrations Deploy/deploy] [DEBUG] using github ref: refs/heads/main
[Supabase Migrations Deploy/deploy] [DEBUG] Found revision: f24963a950a3c826fd4c0b49a7c954ab2eb96687
[Supabase Migrations Deploy/deploy] [DEBUG] evaluating expression 'env.ACT != '***''
[Supabase Migrations Deploy/deploy] [DEBUG] expression 'env.ACT != '***'' evaluated to 'false'
[Supabase Migrations Deploy/deploy] [DEBUG] Skipping step 'Apply pending migrations (GitHub only)' due to 'env.ACT != '***''
[Supabase Migrations Deploy/deploy] [DEBUG] Loading revision from git directory
[Supabase Migrations Deploy/deploy] [DEBUG] Found revision: f24963a950a3c826fd4c0b49a7c954ab2eb96687
[Supabase Migrations Deploy/deploy] [DEBUG] HEAD points to 'f24963a950a3c826fd4c0b49a7c954ab2eb96687'
[Supabase Migrations Deploy/deploy] [DEBUG] using github ref: refs/heads/main
[Supabase Migrations Deploy/deploy] [DEBUG] Found revision: f24963a950a3c826fd4c0b49a7c954ab2eb96687
[Supabase Migrations Deploy/deploy] [DEBUG] Loading revision from git directory
[Supabase Migrations Deploy/deploy] [DEBUG] Found revision: f24963a950a3c826fd4c0b49a7c954ab2eb96687
[Supabase Migrations Deploy/deploy] [DEBUG] HEAD points to 'f24963a950a3c826fd4c0b49a7c954ab2eb96687'
[Supabase Migrations Deploy/deploy] [DEBUG] using github ref: refs/heads/main
[Supabase Migrations Deploy/deploy] [DEBUG] Found revision: f24963a950a3c826fd4c0b49a7c954ab2eb96687
[Supabase Migrations Deploy/deploy] [DEBUG] expression '${{ secrets.GCP_SA_KEY }}' rewritten to 'format('{0}', secrets.GCP_SA_KEY)'
[Supabase Migrations Deploy/deploy] [DEBUG] evaluating expression 'format('{0}', secrets.GCP_SA_KEY)'
[Supabase Migrations Deploy/deploy] [DEBUG] expression 'format('{0}', secrets.GCP_SA_KEY)' evaluated to '%!t(string=***)'
[Supabase Migrations Deploy/deploy] [DEBUG] Loading revision from git directory
[Supabase Migrations Deploy/deploy] [DEBUG] Found revision: f24963a950a3c826fd4c0b49a7c954ab2eb96687
[Supabase Migrations Deploy/deploy] [DEBUG] HEAD points to 'f24963a950a3c826fd4c0b49a7c954ab2eb96687'
[Supabase Migrations Deploy/deploy] [DEBUG] using github ref: refs/heads/main
[Supabase Migrations Deploy/deploy] [DEBUG] Found revision: f24963a950a3c826fd4c0b49a7c954ab2eb96687
[Supabase Migrations Deploy/deploy] [DEBUG] setupEnv => map[ACT:*** ACTIONS_CACHE_URL:http://10.0.0.109:65016/ CI:*** GCP_SA_KEY:*** GITHUB_ACTION:6 GITHUB_ACTIONS:*** GITHUB_ACTION_PATH: GITHUB_ACTION_REF: GITHUB_ACTION_REPOSITORY: GITHUB_ACTOR:nektos/act GITHUB_API_URL:https://api.github.com GITHUB_BASE_REF: GITHUB_EVENT_NAME:push GITHUB_EVENT_PATH:/var/run/act/workflow/event.json GITHUB_GRAPHQL_URL:https://api.github.com/graphql GITHUB_HEAD_REF: GITHUB_JOB:deploy GITHUB_REF:refs/heads/main GITHUB_REF_NAME:main GITHUB_REF_TYPE:branch GITHUB_REPOSITORY:gmtfrombc/bee-mvp GITHUB_REPOSITORY_OWNER:gmtfrombc GITHUB_RETENTION_DAYS:0 GITHUB_RUN_ATTEMPT:1 GITHUB_RUN_ID:1 GITHUB_RUN_NUMBER:1 GITHUB_SERVER_URL:https://github.com GITHUB_SHA:f24963a950a3c826fd4c0b49a7c954ab2eb96687 GITHUB_WORKFLOW:Supabase Migrations Deploy GITHUB_WORKSPACE:/Users/gmtfr/bee-mvp/bee-mvp ImageOS:ubuntu20 RUNNER_PERFLOG:/dev/null RUNNER_TRACKING_ID: SKIP_TERRAFORM:false SKIP_UPLOAD_ARTIFACTS:*** SUPABASE_ACCESS_TOKEN:*** SUPABASE_DB_PASSWORD:*** SUPABASE_INTERNAL_IMAGE_REGISTRY:ghcr.io SUPABASE_PROJECT_REF:*** SUPABASE_PROJECT_URL:*** SUPABASE_SERVICE_ROLE_SECRET: SUPABASE_URL:*** TF_VAR_supabase_url:***]
[Supabase Migrations Deploy/deploy] [DEBUG] Loading revision from git directory
[Supabase Migrations Deploy/deploy] [DEBUG] Found revision: f24963a950a3c826fd4c0b49a7c954ab2eb96687
[Supabase Migrations Deploy/deploy] [DEBUG] HEAD points to 'f24963a950a3c826fd4c0b49a7c954ab2eb96687'
[Supabase Migrations Deploy/deploy] [DEBUG] using github ref: refs/heads/main
[Supabase Migrations Deploy/deploy] [DEBUG] Found revision: f24963a950a3c826fd4c0b49a7c954ab2eb96687
[Supabase Migrations Deploy/deploy] [DEBUG] Loading revision from git directory
[Supabase Migrations Deploy/deploy] [DEBUG] Found revision: f24963a950a3c826fd4c0b49a7c954ab2eb96687
[Supabase Migrations Deploy/deploy] [DEBUG] HEAD points to 'f24963a950a3c826fd4c0b49a7c954ab2eb96687'
[Supabase Migrations Deploy/deploy] [DEBUG] using github ref: refs/heads/main
[Supabase Migrations Deploy/deploy] [DEBUG] Found revision: f24963a950a3c826fd4c0b49a7c954ab2eb96687
[Supabase Migrations Deploy/deploy] [DEBUG] evaluating expression 'env.SKIP_TERRAFORM != '***' && env.ACT != '***''
[Supabase Migrations Deploy/deploy] [DEBUG] expression 'env.SKIP_TERRAFORM != '***' && env.ACT != '***'' evaluated to 'false'
[Supabase Migrations Deploy/deploy] [DEBUG] Skipping step 'Configure Google credentials & set TF_VAR_gcp_project (GitHub only)' due to 'env.SKIP_TERRAFORM != '***' && env.ACT != '***''
[Supabase Migrations Deploy/deploy] [DEBUG] Loading revision from git directory
[Supabase Migrations Deploy/deploy] [DEBUG] Found revision: f24963a950a3c826fd4c0b49a7c954ab2eb96687
[Supabase Migrations Deploy/deploy] [DEBUG] HEAD points to 'f24963a950a3c826fd4c0b49a7c954ab2eb96687'
[Supabase Migrations Deploy/deploy] [DEBUG] using github ref: refs/heads/main
[Supabase Migrations Deploy/deploy] [DEBUG] Found revision: f24963a950a3c826fd4c0b49a7c954ab2eb96687
[Supabase Migrations Deploy/deploy] [DEBUG] Loading revision from git directory
[Supabase Migrations Deploy/deploy] [DEBUG] Found revision: f24963a950a3c826fd4c0b49a7c954ab2eb96687
[Supabase Migrations Deploy/deploy] [DEBUG] HEAD points to 'f24963a950a3c826fd4c0b49a7c954ab2eb96687'
[Supabase Migrations Deploy/deploy] [DEBUG] using github ref: refs/heads/main
[Supabase Migrations Deploy/deploy] [DEBUG] Found revision: f24963a950a3c826fd4c0b49a7c954ab2eb96687
[Supabase Migrations Deploy/deploy] [DEBUG] Loading revision from git directory
[Supabase Migrations Deploy/deploy] [DEBUG] Found revision: f24963a950a3c826fd4c0b49a7c954ab2eb96687
[Supabase Migrations Deploy/deploy] [DEBUG] HEAD points to 'f24963a950a3c826fd4c0b49a7c954ab2eb96687'
[Supabase Migrations Deploy/deploy] [DEBUG] using github ref: refs/heads/main
[Supabase Migrations Deploy/deploy] [DEBUG] Found revision: f24963a950a3c826fd4c0b49a7c954ab2eb96687
[Supabase Migrations Deploy/deploy] [DEBUG] setupEnv => map[ACT:*** ACTIONS_CACHE_URL:http://10.0.0.109:65016/ CI:*** GITHUB_ACTION:7 GITHUB_ACTIONS:*** GITHUB_ACTION_PATH: GITHUB_ACTION_REF:v3 GITHUB_ACTION_REPOSITORY:hashicorp/setup-terraform GITHUB_ACTOR:nektos/act GITHUB_API_URL:https://api.github.com GITHUB_BASE_REF: GITHUB_EVENT_NAME:push GITHUB_EVENT_PATH:/var/run/act/workflow/event.json GITHUB_GRAPHQL_URL:https://api.github.com/graphql GITHUB_HEAD_REF: GITHUB_JOB:deploy GITHUB_REF:refs/heads/main GITHUB_REF_NAME:main GITHUB_REF_TYPE:branch GITHUB_REPOSITORY:gmtfrombc/bee-mvp GITHUB_REPOSITORY_OWNER:gmtfrombc GITHUB_RETENTION_DAYS:0 GITHUB_RUN_ATTEMPT:1 GITHUB_RUN_ID:1 GITHUB_RUN_NUMBER:1 GITHUB_SERVER_URL:https://github.com GITHUB_SHA:f24963a950a3c826fd4c0b49a7c954ab2eb96687 GITHUB_WORKFLOW:Supabase Migrations Deploy GITHUB_WORKSPACE:/Users/gmtfr/bee-mvp/bee-mvp ImageOS:ubuntu20 RUNNER_PERFLOG:/dev/null RUNNER_TRACKING_ID: SKIP_TERRAFORM:false SKIP_UPLOAD_ARTIFACTS:*** SUPABASE_ACCESS_TOKEN:*** SUPABASE_DB_PASSWORD:*** SUPABASE_INTERNAL_IMAGE_REGISTRY:ghcr.io SUPABASE_PROJECT_REF:*** SUPABASE_PROJECT_URL:*** SUPABASE_SERVICE_ROLE_SECRET: SUPABASE_URL:*** TF_VAR_supabase_url:***]
[Supabase Migrations Deploy/deploy] [DEBUG] Loading revision from git directory
[Supabase Migrations Deploy/deploy] [DEBUG] Found revision: f24963a950a3c826fd4c0b49a7c954ab2eb96687
[Supabase Migrations Deploy/deploy] [DEBUG] HEAD points to 'f24963a950a3c826fd4c0b49a7c954ab2eb96687'
[Supabase Migrations Deploy/deploy] [DEBUG] using github ref: refs/heads/main
[Supabase Migrations Deploy/deploy] [DEBUG] Found revision: f24963a950a3c826fd4c0b49a7c954ab2eb96687
[Supabase Migrations Deploy/deploy] [DEBUG] Loading revision from git directory
[Supabase Migrations Deploy/deploy] [DEBUG] Found revision: f24963a950a3c826fd4c0b49a7c954ab2eb96687
[Supabase Migrations Deploy/deploy] [DEBUG] HEAD points to 'f24963a950a3c826fd4c0b49a7c954ab2eb96687'
[Supabase Migrations Deploy/deploy] [DEBUG] using github ref: refs/heads/main
[Supabase Migrations Deploy/deploy] [DEBUG] Found revision: f24963a950a3c826fd4c0b49a7c954ab2eb96687
[Supabase Migrations Deploy/deploy] [DEBUG] evaluating expression 'env.SKIP_TERRAFORM != '***' && env.ACT != '***''
[Supabase Migrations Deploy/deploy] [DEBUG] expression 'env.SKIP_TERRAFORM != '***' && env.ACT != '***'' evaluated to 'false'
[Supabase Migrations Deploy/deploy] [DEBUG] Skipping step 'Setup Terraform (GitHub only)' due to 'env.SKIP_TERRAFORM != '***' && env.ACT != '***''
[Supabase Migrations Deploy/deploy] [DEBUG] Loading revision from git directory
[Supabase Migrations Deploy/deploy] [DEBUG] Found revision: f24963a950a3c826fd4c0b49a7c954ab2eb96687
[Supabase Migrations Deploy/deploy] [DEBUG] HEAD points to 'f24963a950a3c826fd4c0b49a7c954ab2eb96687'
[Supabase Migrations Deploy/deploy] [DEBUG] using github ref: refs/heads/main
[Supabase Migrations Deploy/deploy] [DEBUG] Found revision: f24963a950a3c826fd4c0b49a7c954ab2eb96687
[Supabase Migrations Deploy/deploy] [DEBUG] Loading revision from git directory
[Supabase Migrations Deploy/deploy] [DEBUG] Found revision: f24963a950a3c826fd4c0b49a7c954ab2eb96687
[Supabase Migrations Deploy/deploy] [DEBUG] HEAD points to 'f24963a950a3c826fd4c0b49a7c954ab2eb96687'
[Supabase Migrations Deploy/deploy] [DEBUG] using github ref: refs/heads/main
[Supabase Migrations Deploy/deploy] [DEBUG] Found revision: f24963a950a3c826fd4c0b49a7c954ab2eb96687
[Supabase Migrations Deploy/deploy] [DEBUG] Loading revision from git directory
[Supabase Migrations Deploy/deploy] [DEBUG] Found revision: f24963a950a3c826fd4c0b49a7c954ab2eb96687
[Supabase Migrations Deploy/deploy] [DEBUG] HEAD points to 'f24963a950a3c826fd4c0b49a7c954ab2eb96687'
[Supabase Migrations Deploy/deploy] [DEBUG] using github ref: refs/heads/main
[Supabase Migrations Deploy/deploy] [DEBUG] Found revision: f24963a950a3c826fd4c0b49a7c954ab2eb96687
[Supabase Migrations Deploy/deploy] [DEBUG] setupEnv => map[ACT:*** ACTIONS_CACHE_URL:http://10.0.0.109:65016/ CI:*** GITHUB_ACTION:8 GITHUB_ACTIONS:*** GITHUB_ACTION_PATH: GITHUB_ACTION_REF: GITHUB_ACTION_REPOSITORY: GITHUB_ACTOR:nektos/act GITHUB_API_URL:https://api.github.com GITHUB_BASE_REF: GITHUB_EVENT_NAME:push GITHUB_EVENT_PATH:/var/run/act/workflow/event.json GITHUB_GRAPHQL_URL:https://api.github.com/graphql GITHUB_HEAD_REF: GITHUB_JOB:deploy GITHUB_REF:refs/heads/main GITHUB_REF_NAME:main GITHUB_REF_TYPE:branch GITHUB_REPOSITORY:gmtfrombc/bee-mvp GITHUB_REPOSITORY_OWNER:gmtfrombc GITHUB_RETENTION_DAYS:0 GITHUB_RUN_ATTEMPT:1 GITHUB_RUN_ID:1 GITHUB_RUN_NUMBER:1 GITHUB_SERVER_URL:https://github.com GITHUB_SHA:f24963a950a3c826fd4c0b49a7c954ab2eb96687 GITHUB_WORKFLOW:Supabase Migrations Deploy GITHUB_WORKSPACE:/Users/gmtfr/bee-mvp/bee-mvp ImageOS:ubuntu20 RUNNER_PERFLOG:/dev/null RUNNER_TRACKING_ID: SKIP_TERRAFORM:false SKIP_UPLOAD_ARTIFACTS:*** SUPABASE_ACCESS_TOKEN:*** SUPABASE_DB_PASSWORD:*** SUPABASE_INTERNAL_IMAGE_REGISTRY:ghcr.io SUPABASE_PROJECT_REF:*** SUPABASE_PROJECT_URL:*** SUPABASE_SERVICE_ROLE_SECRET: SUPABASE_URL:*** TF_VAR_supabase_url:***]
[Supabase Migrations Deploy/deploy] [DEBUG] Loading revision from git directory
[Supabase Migrations Deploy/deploy] [DEBUG] Found revision: f24963a950a3c826fd4c0b49a7c954ab2eb96687
[Supabase Migrations Deploy/deploy] [DEBUG] HEAD points to 'f24963a950a3c826fd4c0b49a7c954ab2eb96687'
[Supabase Migrations Deploy/deploy] [DEBUG] using github ref: refs/heads/main
[Supabase Migrations Deploy/deploy] [DEBUG] Found revision: f24963a950a3c826fd4c0b49a7c954ab2eb96687
[Supabase Migrations Deploy/deploy] [DEBUG] Loading revision from git directory
[Supabase Migrations Deploy/deploy] [DEBUG] Found revision: f24963a950a3c826fd4c0b49a7c954ab2eb96687
[Supabase Migrations Deploy/deploy] [DEBUG] HEAD points to 'f24963a950a3c826fd4c0b49a7c954ab2eb96687'
[Supabase Migrations Deploy/deploy] [DEBUG] using github ref: refs/heads/main
[Supabase Migrations Deploy/deploy] [DEBUG] Found revision: f24963a950a3c826fd4c0b49a7c954ab2eb96687
[Supabase Migrations Deploy/deploy] [DEBUG] evaluating expression 'env.SKIP_TERRAFORM != '***' && env.ACT != '***''
[Supabase Migrations Deploy/deploy] [DEBUG] expression 'env.SKIP_TERRAFORM != '***' && env.ACT != '***'' evaluated to 'false'
[Supabase Migrations Deploy/deploy] [DEBUG] Skipping step 'Terraform init, validate & apply (GitHub only)' due to 'env.SKIP_TERRAFORM != '***' && env.ACT != '***''
[Supabase Migrations Deploy/deploy] [DEBUG] Loading revision from git directory
[Supabase Migrations Deploy/deploy] [DEBUG] Found revision: f24963a950a3c826fd4c0b49a7c954ab2eb96687
[Supabase Migrations Deploy/deploy] [DEBUG] HEAD points to 'f24963a950a3c826fd4c0b49a7c954ab2eb96687'
[Supabase Migrations Deploy/deploy] [DEBUG] using github ref: refs/heads/main
[Supabase Migrations Deploy/deploy] [DEBUG] Found revision: f24963a950a3c826fd4c0b49a7c954ab2eb96687
[Supabase Migrations Deploy/deploy] [DEBUG] Loading revision from git directory
[Supabase Migrations Deploy/deploy] [DEBUG] Found revision: f24963a950a3c826fd4c0b49a7c954ab2eb96687
[Supabase Migrations Deploy/deploy] [DEBUG] HEAD points to 'f24963a950a3c826fd4c0b49a7c954ab2eb96687'
[Supabase Migrations Deploy/deploy] [DEBUG] using github ref: refs/heads/main
[Supabase Migrations Deploy/deploy] [DEBUG] Found revision: f24963a950a3c826fd4c0b49a7c954ab2eb96687
[Supabase Migrations Deploy/deploy] [DEBUG] Loading revision from git directory
[Supabase Migrations Deploy/deploy] [DEBUG] Found revision: f24963a950a3c826fd4c0b49a7c954ab2eb96687
[Supabase Migrations Deploy/deploy] [DEBUG] HEAD points to 'f24963a950a3c826fd4c0b49a7c954ab2eb96687'
[Supabase Migrations Deploy/deploy] [DEBUG] using github ref: refs/heads/main
[Supabase Migrations Deploy/deploy] [DEBUG] Found revision: f24963a950a3c826fd4c0b49a7c954ab2eb96687
[Supabase Migrations Deploy/deploy] [DEBUG] setupEnv => map[ACT:*** ACTIONS_CACHE_URL:http://10.0.0.109:65016/ CI:*** GITHUB_ACTION:9 GITHUB_ACTIONS:*** GITHUB_ACTION_PATH: GITHUB_ACTION_REF: GITHUB_ACTION_REPOSITORY: GITHUB_ACTOR:nektos/act GITHUB_API_URL:https://api.github.com GITHUB_BASE_REF: GITHUB_EVENT_NAME:push GITHUB_EVENT_PATH:/var/run/act/workflow/event.json GITHUB_GRAPHQL_URL:https://api.github.com/graphql GITHUB_HEAD_REF: GITHUB_JOB:deploy GITHUB_REF:refs/heads/main GITHUB_REF_NAME:main GITHUB_REF_TYPE:branch GITHUB_REPOSITORY:gmtfrombc/bee-mvp GITHUB_REPOSITORY_OWNER:gmtfrombc GITHUB_RETENTION_DAYS:0 GITHUB_RUN_ATTEMPT:1 GITHUB_RUN_ID:1 GITHUB_RUN_NUMBER:1 GITHUB_SERVER_URL:https://github.com GITHUB_SHA:f24963a950a3c826fd4c0b49a7c954ab2eb96687 GITHUB_WORKFLOW:Supabase Migrations Deploy GITHUB_WORKSPACE:/Users/gmtfr/bee-mvp/bee-mvp ImageOS:ubuntu20 RUNNER_PERFLOG:/dev/null RUNNER_TRACKING_ID: SKIP_TERRAFORM:false SKIP_UPLOAD_ARTIFACTS:*** SUPABASE_ACCESS_TOKEN:*** SUPABASE_DB_PASSWORD:*** SUPABASE_INTERNAL_IMAGE_REGISTRY:ghcr.io SUPABASE_PROJECT_REF:*** SUPABASE_PROJECT_URL:*** SUPABASE_SERVICE_ROLE_SECRET: SUPABASE_URL:*** TF_VAR_supabase_url:***]
[Supabase Migrations Deploy/deploy] [DEBUG] Loading revision from git directory
[Supabase Migrations Deploy/deploy] [DEBUG] Found revision: f24963a950a3c826fd4c0b49a7c954ab2eb96687
[Supabase Migrations Deploy/deploy] [DEBUG] HEAD points to 'f24963a950a3c826fd4c0b49a7c954ab2eb96687'
[Supabase Migrations Deploy/deploy] [DEBUG] using github ref: refs/heads/main
[Supabase Migrations Deploy/deploy] [DEBUG] Found revision: f24963a950a3c826fd4c0b49a7c954ab2eb96687
[Supabase Migrations Deploy/deploy] [DEBUG] Loading revision from git directory
[Supabase Migrations Deploy/deploy] [DEBUG] Found revision: f24963a950a3c826fd4c0b49a7c954ab2eb96687
[Supabase Migrations Deploy/deploy] [DEBUG] HEAD points to 'f24963a950a3c826fd4c0b49a7c954ab2eb96687'
[Supabase Migrations Deploy/deploy] [DEBUG] using github ref: refs/heads/main
[Supabase Migrations Deploy/deploy] [DEBUG] Found revision: f24963a950a3c826fd4c0b49a7c954ab2eb96687
[Supabase Migrations Deploy/deploy] [DEBUG] evaluating expression 'env.SKIP_TERRAFORM != '***' && env.ACT != '***''
[Supabase Migrations Deploy/deploy] [DEBUG] expression 'env.SKIP_TERRAFORM != '***' && env.ACT != '***'' evaluated to 'false'
[Supabase Migrations Deploy/deploy] [DEBUG] Skipping step 'Enforce Supabase password policy (GitHub only)' due to 'env.SKIP_TERRAFORM != '***' && env.ACT != '***''
[Supabase Migrations Deploy/deploy] [DEBUG] skipping post step for 'Setup Terraform (GitHub only)'; main step was skipped
[Supabase Migrations Deploy/deploy] [DEBUG] skipping post step for 'actions/checkout@v4': no action model available
[Supabase Migrations Deploy/deploy] ⭐ Run Complete job
[Supabase Migrations Deploy/deploy] Cleaning up container for job deploy
[Supabase Migrations Deploy/deploy] [DEBUG] Removed container: 46a29971b459b23233f0f65d4794a28b08da8e58eec7da644c2a2921b2899e83
[Supabase Migrations Deploy/deploy] [DEBUG]   🐳  docker volume rm act-Supabase-Migrations-Deploy-deploy-e6c9aa7c25c643a40ee58521b1134a601533f9732e7c478eb2bd857f5b6e92d3
[Supabase Migrations Deploy/deploy] [DEBUG]   🐳  docker volume rm act-Supabase-Migrations-Deploy-deploy-e6c9aa7c25c643a40ee58521b1134a601533f9732e7c478eb2bd857f5b6e92d3-env
[Supabase Migrations Deploy/deploy] [DEBUG] Loading revision from git directory
[Supabase Migrations Deploy/deploy] [DEBUG] Found revision: f24963a950a3c826fd4c0b49a7c954ab2eb96687
[Supabase Migrations Deploy/deploy] [DEBUG] HEAD points to 'f24963a950a3c826fd4c0b49a7c954ab2eb96687'
[Supabase Migrations Deploy/deploy] [DEBUG] using github ref: refs/heads/main
[Supabase Migrations Deploy/deploy] [DEBUG] Found revision: f24963a950a3c826fd4c0b49a7c954ab2eb96687
[Supabase Migrations Deploy/deploy]   ✅  Success - Complete job
[Supabase Migrations Deploy/deploy] 🏁  Job succeeded
