🔑  Importing Supabase secrets from /Users/gmtfr/.bee_secrets/supabase.env
✅  .secrets updated from local env file (placeholders remain for any missing vars)
[LightGBM TS Export CI/export-scorer] [DEBUG] evaluating expression 'success()'
[LightGBM TS Export CI/export-scorer] [DEBUG] expression 'success()' evaluated to '***'
[LightGBM TS Export CI/export-scorer] ⭐ Run Set up job
[LightGBM TS Export CI/export-scorer] 🚀  Start image=ghcr.io/catthehacker/ubuntu:act-22.04
[LightGBM TS Export CI/export-scorer]   🐳  docker pull image=ghcr.io/catthehacker/ubuntu:act-22.04 platform=linux/amd64 username= forcePull=***
[LightGBM TS Export CI/export-scorer] [DEBUG]   🐳  docker pull ghcr.io/catthehacker/ubuntu:act-22.04
[LightGBM TS Export CI/export-scorer] [DEBUG] pulling image 'ghcr.io/catthehacker/ubuntu:act-22.04' (linux/amd64)
[LightGBM TS Export CI/export-scorer] [DEBUG] Pulling from catthehacker/ubuntu :: act-22.04
[LightGBM TS Export CI/export-scorer] [DEBUG] Digest: sha256:9dcb118a517cbaee5d948bc5b4b654ba86bb4fa92d0e3eae3a7b4a4d0e73a3b3 :: 
[LightGBM TS Export CI/export-scorer] [DEBUG] Status: Image is up to date for ghcr.io/catthehacker/ubuntu:act-22.04 :: 
[LightGBM TS Export CI/export-scorer]   🐳  docker create image=ghcr.io/catthehacker/ubuntu:act-22.04 platform=linux/amd64 entrypoint=["tail" "-f" "/dev/null"] cmd=[] network="host"
[LightGBM TS Export CI/export-scorer] [DEBUG] Common container.Config ==> &{Hostname: Domainname: User: AttachStdin:false AttachStdout:false AttachStderr:false ExposedPorts:map[] Tty:false OpenStdin:false StdinOnce:false Env:[RUNNER_TOOL_CACHE=/opt/hostedtoolcache RUNNER_OS=Linux RUNNER_ARCH=ARM64 RUNNER_TEMP=/tmp LANG=C.UTF-8] Cmd:[] Healthcheck:<nil> ArgsEscaped:false Image:ghcr.io/catthehacker/ubuntu:act-22.04 Volumes:map[] WorkingDir:/Users/gmtfr/bee-mvp/bee-mvp Entrypoint:[] NetworkDisabled:false MacAddress: OnBuild:[] Labels:map[] StopSignal: StopTimeout:<nil> Shell:[]}
[LightGBM TS Export CI/export-scorer] [DEBUG] Common container.HostConfig ==> &{Binds:[/var/run/docker.sock:/var/run/docker.sock] ContainerIDFile: LogConfig:{Type: Config:map[]} NetworkMode:host PortBindings:map[] RestartPolicy:{Name: MaximumRetryCount:0} AutoRemove:false VolumeDriver: VolumesFrom:[] ConsoleSize:[0 0] Annotations:map[] CapAdd:[] CapDrop:[] CgroupnsMode: DNS:[] DNSOptions:[] DNSSearch:[] ExtraHosts:[] GroupAdd:[] IpcMode: Cgroup: Links:[] OomScoreAdj:0 PidMode: Privileged:false PublishAllPorts:false ReadonlyRootfs:false SecurityOpt:[] StorageOpt:map[] Tmpfs:map[] UTSMode: UsernsMode: ShmSize:0 Sysctls:map[] Runtime: Isolation: Resources:{CPUShares:0 Memory:0 NanoCPUs:0 CgroupParent: BlkioWeight:0 BlkioWeightDevice:[] BlkioDeviceReadBps:[] BlkioDeviceWriteBps:[] BlkioDeviceReadIOps:[] BlkioDeviceWriteIOps:[] CPUPeriod:0 CPUQuota:0 CPURealtimePeriod:0 CPURealtimeRuntime:0 CpusetCpus: CpusetMems: Devices:[] DeviceCgroupRules:[] DeviceRequests:[] KernelMemory:0 KernelMemoryTCP:0 MemoryReservation:0 MemorySwap:0 MemorySwappiness:<nil> OomKillDisable:<nil> PidsLimit:<nil> Ulimits:[] CPUCount:0 CPUPercent:0 IOMaximumIOps:0 IOMaximumBandwidth:0} Mounts:[{Type:volume Source:act-toolcache Target:/opt/hostedtoolcache ReadOnly:false Consistency: BindOptions:<nil> VolumeOptions:<nil> ImageOptions:<nil> TmpfsOptions:<nil> ClusterOptions:<nil>} {Type:volume Source:act-LightGBM-TS-Export-CI-export-scorer-5964d1d166b341a5d0e26187d9873c45b20de6b9d9bba88b4f803b2756cdf5c4-env Target:/var/run/act ReadOnly:false Consistency: BindOptions:<nil> VolumeOptions:<nil> ImageOptions:<nil> TmpfsOptions:<nil> ClusterOptions:<nil>} {Type:volume Source:act-LightGBM-TS-Export-CI-export-scorer-5964d1d166b341a5d0e26187d9873c45b20de6b9d9bba88b4f803b2756cdf5c4 Target:/Users/gmtfr/bee-mvp/bee-mvp ReadOnly:false Consistency: BindOptions:<nil> VolumeOptions:<nil> ImageOptions:<nil> TmpfsOptions:<nil> ClusterOptions:<nil>}] MaskedPaths:[] ReadonlyPaths:[] Init:<nil>}
[LightGBM TS Export CI/export-scorer] [DEBUG] input.NetworkAliases ==> [export-scorer]
[LightGBM TS Export CI/export-scorer] [DEBUG] Created container name=act-LightGBM-TS-Export-CI-export-scorer-5964d1d166b341a5d0e26187d9873c45b20de6b9d9bba88b4f803b2756cdf5c4 id=0b870554d9ad542bcfec89e4e847680879ec998cbcf179529d5a07408842af64 from image ghcr.io/catthehacker/ubuntu:act-22.04 (platform: linux/amd64)
[LightGBM TS Export CI/export-scorer] [DEBUG] ENV ==> [RUNNER_TOOL_CACHE=/opt/hostedtoolcache RUNNER_OS=Linux RUNNER_ARCH=ARM64 RUNNER_TEMP=/tmp LANG=C.UTF-8]
[LightGBM TS Export CI/export-scorer]   🐳  docker run image=ghcr.io/catthehacker/ubuntu:act-22.04 platform=linux/amd64 entrypoint=["tail" "-f" "/dev/null"] cmd=[] network="host"
[LightGBM TS Export CI/export-scorer] [DEBUG] Starting container: 0b870554d9ad542bcfec89e4e847680879ec998cbcf179529d5a07408842af64
[LightGBM TS Export CI/export-scorer] [DEBUG] Started container: 0b870554d9ad542bcfec89e4e847680879ec998cbcf179529d5a07408842af64
[LightGBM TS Export CI/export-scorer] [DEBUG] Writing entry to tarball workflow/event.json len:2
[LightGBM TS Export CI/export-scorer] [DEBUG] Writing entry to tarball workflow/envs.txt len:0
[LightGBM TS Export CI/export-scorer] [DEBUG] Extracting content to '/var/run/act/'
[LightGBM TS Export CI/export-scorer]   🐳  docker exec cmd=[node --no-warnings -e console.log(process.execPath)] user= workdir=
[LightGBM TS Export CI/export-scorer] [DEBUG] Exec command '[node --no-warnings -e console.log(process.execPath)]'
[LightGBM TS Export CI/export-scorer] [DEBUG] Working directory '/Users/gmtfr/bee-mvp/bee-mvp'
[LightGBM TS Export CI/export-scorer]   ✅  Success - Set up job
[LightGBM TS Export CI/export-scorer] [DEBUG] Loading revision from git directory
[LightGBM TS Export CI/export-scorer] [DEBUG] Found revision: e4f0bea876bb94ba845e68a1c9ea410ae43bff33
[LightGBM TS Export CI/export-scorer] [DEBUG] HEAD points to 'e4f0bea876bb94ba845e68a1c9ea410ae43bff33'
[LightGBM TS Export CI/export-scorer] [DEBUG] using github ref: refs/heads/main
[LightGBM TS Export CI/export-scorer] [DEBUG] Found revision: e4f0bea876bb94ba845e68a1c9ea410ae43bff33
[LightGBM TS Export CI/export-scorer] [DEBUG] Loading revision from git directory
[LightGBM TS Export CI/export-scorer] [DEBUG] Found revision: e4f0bea876bb94ba845e68a1c9ea410ae43bff33
[LightGBM TS Export CI/export-scorer] [DEBUG] HEAD points to 'e4f0bea876bb94ba845e68a1c9ea410ae43bff33'
[LightGBM TS Export CI/export-scorer] [DEBUG] using github ref: refs/heads/main
[LightGBM TS Export CI/export-scorer] [DEBUG] Found revision: e4f0bea876bb94ba845e68a1c9ea410ae43bff33
[LightGBM TS Export CI/export-scorer] [DEBUG] Skipping local actions/checkout because workdir was already copied
[LightGBM TS Export CI/export-scorer] [DEBUG] skip pre step for 'actions/checkout@v3': no action model available
[LightGBM TS Export CI/export-scorer] [DEBUG] Loading revision from git directory
[LightGBM TS Export CI/export-scorer] [DEBUG] Found revision: e4f0bea876bb94ba845e68a1c9ea410ae43bff33
[LightGBM TS Export CI/export-scorer] [DEBUG] HEAD points to 'e4f0bea876bb94ba845e68a1c9ea410ae43bff33'
[LightGBM TS Export CI/export-scorer] [DEBUG] using github ref: refs/heads/main
[LightGBM TS Export CI/export-scorer] [DEBUG] Found revision: e4f0bea876bb94ba845e68a1c9ea410ae43bff33
[LightGBM TS Export CI/export-scorer]   ☁  git clone 'https://github.com/actions/setup-python' # ref=v4
[LightGBM TS Export CI/export-scorer] [DEBUG]   cloning https://github.com/actions/setup-python to /Users/gmtfr/.cache/act/actions-setup-python@v4
[LightGBM TS Export CI/export-scorer] Non-terminating error while running 'git clone': some refs were not updated
[LightGBM TS Export CI/export-scorer] [DEBUG] Read action &{Setup Python GitHub Set up a specific version of Python and add the command-line tools to the PATH. map[allow-prereleases:{When '***', a version range passed to 'python-version' input will match prerelease versions if no GA versions are found. Only 'x.y' version range is supported for CPython. false false} architecture:{The target architecture (x86, x64) of the Python or PyPy interpreter. false } cache:{Used to specify a package manager for caching in the default directory. Supported values: pip, pipenv, poetry. false } cache-dependency-path:{Used to specify the path to dependency files. Supports wildcards or a list of file names for caching multiple dependencies. false } check-latest:{Set this option if you want the action to check for the latest available version that satisfies the version spec. false false} python-version:{Version range or exact version of Python or PyPy to use, using SemVer's version range syntax. Reads from .python-version if unset. false } python-version-file:{File containing the Python version to use. Example: .python-version false } token:{The token used to authenticate when fetching Python distributions from https://github.com/actions/python-versions. When running this action on github.com, the default value is sufficient. When running on GHES, you can pass a personal access token for github.com if you are experiencing rate limiting. false ${{ github.server_url == 'https://github.com' && github.token || '' }}} update-environment:{Set this option if you want the action to update environment variables. false ***}] map[cache-hit:{A boolean value to indicate a cache entry was found } python-path:{The absolute path to the Python or PyPy executable. } python-version:{The installed Python or PyPy version. Useful when given a version range as input. }] {node16 map[] dist/setup/index.js  always() dist/cache-save/index.js success()     [] []} {yellow code}} from 'Unknown'
[LightGBM TS Export CI/export-scorer] [DEBUG] Loading revision from git directory
[LightGBM TS Export CI/export-scorer] [DEBUG] Found revision: e4f0bea876bb94ba845e68a1c9ea410ae43bff33
[LightGBM TS Export CI/export-scorer] [DEBUG] HEAD points to 'e4f0bea876bb94ba845e68a1c9ea410ae43bff33'
[LightGBM TS Export CI/export-scorer] [DEBUG] using github ref: refs/heads/main
[LightGBM TS Export CI/export-scorer] [DEBUG] Found revision: e4f0bea876bb94ba845e68a1c9ea410ae43bff33
[LightGBM TS Export CI/export-scorer]   ☁  git clone 'https://github.com/actions/upload-artifact' # ref=v4
[LightGBM TS Export CI/export-scorer] [DEBUG]   cloning https://github.com/actions/upload-artifact to /Users/gmtfr/.cache/act/actions-upload-artifact@v4
[LightGBM TS Export CI/export-scorer] [DEBUG] Cloned https://github.com/actions/upload-artifact to /Users/gmtfr/.cache/act/actions-upload-artifact@v4
[LightGBM TS Export CI/export-scorer] [DEBUG] Checked out v4
[LightGBM TS Export CI/export-scorer] [DEBUG] Read action &{Upload a Build Artifact GitHub Upload a build artifact that can be used by subsequent workflow steps map[compression-level:{The level of compression for Zlib to be applied to the artifact archive. The value can range from 0 to 9: - 0: No compression - 1: Best speed - 6: Default compression (same as GNU Gzip) - 9: Best compression Higher levels will result in better compression, but will take longer to complete. For large files that are not easily compressed, a value of 0 is recommended for significantly faster uploads.
 false 6} if-no-files-found:{The desired behavior if no files are found using the provided path.
Available Options:
  warn: Output a warning but do not fail the action
  error: Fail the action with an error message
  ignore: Do not output any warnings or errors, the action does not fail
 false warn} include-hidden-files:{If ***, hidden files will be included in the artifact. If false, hidden files will be excluded from the artifact.
 false false} name:{Artifact name false artifact} overwrite:{If ***, an artifact with a matching name will be deleted before a new one is uploaded. If false, the action will fail if an artifact for the given name already exists. Does not fail if the artifact does not exist.
 false false} path:{A file, directory or wildcard pattern that describes what to upload *** } retention-days:{Duration after which artifact will expire in days. 0 means using default retention.
Minimum 1 day. Maximum 90 days unless changed from the repository settings page.
 false }] map[artifact-digest:{SHA-256 digest for the artifact that was just uploaded. Empty if the artifact upload failed.
 } artifact-id:{A unique identifier for the artifact that was just uploaded. Empty if the artifact upload failed.
This ID can be used as input to other APIs to download, delete or get more information about an artifact: https://docs.github.com/en/rest/actions/artifacts
 } artifact-url:{A download URL for the artifact that was just uploaded. Empty if the artifact upload failed.
This download URL only works for requests Authenticated with GitHub. Anonymous downloads will be prompted to first login.  If an anonymous download URL is needed than a short time restricted URL can be generated using the download artifact API: https://docs.github.com/en/rest/actions/artifacts#download-an-artifact    
This URL will be valid for as long as the artifact exists and the workflow run and repository exists. Once an artifact has expired this URL will no longer work. Common uses cases for such a download URL can be adding download links to artifacts in descriptions or comments on pull requests or issues.
 }] {node20 map[] dist/upload/index.js  always()  always()     [] []} { }} from 'Unknown'
[LightGBM TS Export CI/export-scorer] [DEBUG] Loading revision from git directory
[LightGBM TS Export CI/export-scorer] [DEBUG] Found revision: e4f0bea876bb94ba845e68a1c9ea410ae43bff33
[LightGBM TS Export CI/export-scorer] [DEBUG] HEAD points to 'e4f0bea876bb94ba845e68a1c9ea410ae43bff33'
[LightGBM TS Export CI/export-scorer] [DEBUG] using github ref: refs/heads/main
[LightGBM TS Export CI/export-scorer] [DEBUG] Found revision: e4f0bea876bb94ba845e68a1c9ea410ae43bff33
[LightGBM TS Export CI/export-scorer] [DEBUG] Skipping local actions/checkout because workdir was already copied
[LightGBM TS Export CI/export-scorer] [DEBUG] Loading revision from git directory
[LightGBM TS Export CI/export-scorer] [DEBUG] Found revision: e4f0bea876bb94ba845e68a1c9ea410ae43bff33
[LightGBM TS Export CI/export-scorer] [DEBUG] HEAD points to 'e4f0bea876bb94ba845e68a1c9ea410ae43bff33'
[LightGBM TS Export CI/export-scorer] [DEBUG] using github ref: refs/heads/main
[LightGBM TS Export CI/export-scorer] [DEBUG] Found revision: e4f0bea876bb94ba845e68a1c9ea410ae43bff33
[LightGBM TS Export CI/export-scorer] [DEBUG] Loading revision from git directory
[LightGBM TS Export CI/export-scorer] [DEBUG] Found revision: e4f0bea876bb94ba845e68a1c9ea410ae43bff33
[LightGBM TS Export CI/export-scorer] [DEBUG] HEAD points to 'e4f0bea876bb94ba845e68a1c9ea410ae43bff33'
[LightGBM TS Export CI/export-scorer] [DEBUG] using github ref: refs/heads/main
[LightGBM TS Export CI/export-scorer] [DEBUG] Found revision: e4f0bea876bb94ba845e68a1c9ea410ae43bff33
[LightGBM TS Export CI/export-scorer] [DEBUG] Loading revision from git directory
[LightGBM TS Export CI/export-scorer] [DEBUG] Found revision: e4f0bea876bb94ba845e68a1c9ea410ae43bff33
[LightGBM TS Export CI/export-scorer] [DEBUG] HEAD points to 'e4f0bea876bb94ba845e68a1c9ea410ae43bff33'
[LightGBM TS Export CI/export-scorer] [DEBUG] using github ref: refs/heads/main
[LightGBM TS Export CI/export-scorer] [DEBUG] Found revision: e4f0bea876bb94ba845e68a1c9ea410ae43bff33
[LightGBM TS Export CI/export-scorer] [DEBUG] setupEnv => map[ACT:*** ACTIONS_CACHE_URL:http://192.168.1.245:61260/ CI:*** GITHUB_ACTION:0 GITHUB_ACTIONS:*** GITHUB_ACTION_PATH: GITHUB_ACTION_REF:v3 GITHUB_ACTION_REPOSITORY:actions/checkout GITHUB_ACTOR:nektos/act GITHUB_API_URL:https://api.github.com GITHUB_BASE_REF: GITHUB_EVENT_NAME:push GITHUB_EVENT_PATH:/var/run/act/workflow/event.json GITHUB_GRAPHQL_URL:https://api.github.com/graphql GITHUB_HEAD_REF: GITHUB_JOB:export-scorer GITHUB_REF:refs/heads/main GITHUB_REF_NAME:main GITHUB_REF_TYPE:branch GITHUB_REPOSITORY:gmtfrombc/bee-mvp GITHUB_REPOSITORY_OWNER:gmtfrombc GITHUB_RETENTION_DAYS:0 GITHUB_RUN_ATTEMPT:1 GITHUB_RUN_ID:1 GITHUB_RUN_NUMBER:1 GITHUB_SERVER_URL:https://github.com GITHUB_SHA:e4f0bea876bb94ba845e68a1c9ea410ae43bff33 GITHUB_WORKFLOW:LightGBM TS Export CI GITHUB_WORKSPACE:/Users/gmtfr/bee-mvp/bee-mvp ImageOS:ubuntu20 RUNNER_PERFLOG:/dev/null RUNNER_TRACKING_ID: SKIP_TERRAFORM:false SKIP_UPLOAD_ARTIFACTS:***]
[LightGBM TS Export CI/export-scorer] [DEBUG] Loading revision from git directory
[LightGBM TS Export CI/export-scorer] [DEBUG] Found revision: e4f0bea876bb94ba845e68a1c9ea410ae43bff33
[LightGBM TS Export CI/export-scorer] [DEBUG] HEAD points to 'e4f0bea876bb94ba845e68a1c9ea410ae43bff33'
[LightGBM TS Export CI/export-scorer] [DEBUG] using github ref: refs/heads/main
[LightGBM TS Export CI/export-scorer] [DEBUG] Found revision: e4f0bea876bb94ba845e68a1c9ea410ae43bff33
[LightGBM TS Export CI/export-scorer] [DEBUG] Loading revision from git directory
[LightGBM TS Export CI/export-scorer] [DEBUG] Found revision: e4f0bea876bb94ba845e68a1c9ea410ae43bff33
[LightGBM TS Export CI/export-scorer] [DEBUG] HEAD points to 'e4f0bea876bb94ba845e68a1c9ea410ae43bff33'
[LightGBM TS Export CI/export-scorer] [DEBUG] using github ref: refs/heads/main
[LightGBM TS Export CI/export-scorer] [DEBUG] Found revision: e4f0bea876bb94ba845e68a1c9ea410ae43bff33
[LightGBM TS Export CI/export-scorer] [DEBUG] evaluating expression ''
[LightGBM TS Export CI/export-scorer] [DEBUG] expression '' evaluated to '***'
[LightGBM TS Export CI/export-scorer] ⭐ Run Main actions/checkout@v3
[LightGBM TS Export CI/export-scorer] [DEBUG] Writing entry to tarball workflow/outputcmd.txt len:0
[LightGBM TS Export CI/export-scorer] [DEBUG] Writing entry to tarball workflow/statecmd.txt len:0
[LightGBM TS Export CI/export-scorer] [DEBUG] Writing entry to tarball workflow/pathcmd.txt len:0
[LightGBM TS Export CI/export-scorer] [DEBUG] Writing entry to tarball workflow/envs.txt len:0
[LightGBM TS Export CI/export-scorer] [DEBUG] Writing entry to tarball workflow/SUMMARY.md len:0
[LightGBM TS Export CI/export-scorer] [DEBUG] Extracting content to '/var/run/act'
[LightGBM TS Export CI/export-scorer] [DEBUG] Loading revision from git directory
[LightGBM TS Export CI/export-scorer] [DEBUG] Found revision: e4f0bea876bb94ba845e68a1c9ea410ae43bff33
[LightGBM TS Export CI/export-scorer] [DEBUG] HEAD points to 'e4f0bea876bb94ba845e68a1c9ea410ae43bff33'
[LightGBM TS Export CI/export-scorer] [DEBUG] using github ref: refs/heads/main
[LightGBM TS Export CI/export-scorer] [DEBUG] Found revision: e4f0bea876bb94ba845e68a1c9ea410ae43bff33
[LightGBM TS Export CI/export-scorer] [DEBUG] Loading revision from git directory
[LightGBM TS Export CI/export-scorer] [DEBUG] Found revision: e4f0bea876bb94ba845e68a1c9ea410ae43bff33
[LightGBM TS Export CI/export-scorer] [DEBUG] HEAD points to 'e4f0bea876bb94ba845e68a1c9ea410ae43bff33'
[LightGBM TS Export CI/export-scorer] [DEBUG] using github ref: refs/heads/main
[LightGBM TS Export CI/export-scorer] [DEBUG] Found revision: e4f0bea876bb94ba845e68a1c9ea410ae43bff33
[LightGBM TS Export CI/export-scorer]   🐳  docker cp src=/Users/gmtfr/bee-mvp/bee-mvp/. dst=/Users/gmtfr/bee-mvp/bee-mvp
[LightGBM TS Export CI/export-scorer] [DEBUG] Writing tarball /var/folders/99/vvwv07p5415f1jxlfg8cj40m0000gn/T/act4042067538 from /Users/gmtfr/bee-mvp/bee-mvp/.
[LightGBM TS Export CI/export-scorer] [DEBUG] Stripping prefix:/Users/gmtfr/bee-mvp/bee-mvp/ src:/Users/gmtfr/bee-mvp/bee-mvp/.
[LightGBM TS Export CI/export-scorer] [DEBUG] Extracting content from '/var/folders/99/vvwv07p5415f1jxlfg8cj40m0000gn/T/act4042067538' to '/Users/gmtfr/bee-mvp/bee-mvp'
[LightGBM TS Export CI/export-scorer]   ✅  Success - Main actions/checkout@v3 [1.270733083s]
[LightGBM TS Export CI/export-scorer] [DEBUG] Loading revision from git directory
[LightGBM TS Export CI/export-scorer] [DEBUG] Found revision: e4f0bea876bb94ba845e68a1c9ea410ae43bff33
[LightGBM TS Export CI/export-scorer] [DEBUG] HEAD points to 'e4f0bea876bb94ba845e68a1c9ea410ae43bff33'
[LightGBM TS Export CI/export-scorer] [DEBUG] using github ref: refs/heads/main
[LightGBM TS Export CI/export-scorer] [DEBUG] Found revision: e4f0bea876bb94ba845e68a1c9ea410ae43bff33
[LightGBM TS Export CI/export-scorer] [DEBUG] Loading revision from git directory
[LightGBM TS Export CI/export-scorer] [DEBUG] Found revision: e4f0bea876bb94ba845e68a1c9ea410ae43bff33
[LightGBM TS Export CI/export-scorer] [DEBUG] HEAD points to 'e4f0bea876bb94ba845e68a1c9ea410ae43bff33'
[LightGBM TS Export CI/export-scorer] [DEBUG] using github ref: refs/heads/main
[LightGBM TS Export CI/export-scorer] [DEBUG] Found revision: e4f0bea876bb94ba845e68a1c9ea410ae43bff33
[LightGBM TS Export CI/export-scorer] [DEBUG] Loading revision from git directory
[LightGBM TS Export CI/export-scorer] [DEBUG] Found revision: e4f0bea876bb94ba845e68a1c9ea410ae43bff33
[LightGBM TS Export CI/export-scorer] [DEBUG] HEAD points to 'e4f0bea876bb94ba845e68a1c9ea410ae43bff33'
[LightGBM TS Export CI/export-scorer] [DEBUG] using github ref: refs/heads/main
[LightGBM TS Export CI/export-scorer] [DEBUG] Found revision: e4f0bea876bb94ba845e68a1c9ea410ae43bff33
[LightGBM TS Export CI/export-scorer] [DEBUG] setupEnv => map[ACT:*** ACTIONS_CACHE_URL:http://192.168.1.245:61260/ CI:*** GITHUB_ACTION:1 GITHUB_ACTIONS:*** GITHUB_ACTION_PATH: GITHUB_ACTION_REF:v4 GITHUB_ACTION_REPOSITORY:actions/setup-python GITHUB_ACTOR:nektos/act GITHUB_API_URL:https://api.github.com GITHUB_BASE_REF: GITHUB_EVENT_NAME:push GITHUB_EVENT_PATH:/var/run/act/workflow/event.json GITHUB_GRAPHQL_URL:https://api.github.com/graphql GITHUB_HEAD_REF: GITHUB_JOB:export-scorer GITHUB_REF:refs/heads/main GITHUB_REF_NAME:main GITHUB_REF_TYPE:branch GITHUB_REPOSITORY:gmtfrombc/bee-mvp GITHUB_REPOSITORY_OWNER:gmtfrombc GITHUB_RETENTION_DAYS:0 GITHUB_RUN_ATTEMPT:1 GITHUB_RUN_ID:1 GITHUB_RUN_NUMBER:1 GITHUB_SERVER_URL:https://github.com GITHUB_SHA:e4f0bea876bb94ba845e68a1c9ea410ae43bff33 GITHUB_WORKFLOW:LightGBM TS Export CI GITHUB_WORKSPACE:/Users/gmtfr/bee-mvp/bee-mvp INPUT_PYTHON-VERSION:3.11 ImageOS:ubuntu20 RUNNER_PERFLOG:/dev/null RUNNER_TRACKING_ID: SKIP_TERRAFORM:false SKIP_UPLOAD_ARTIFACTS:***]
[LightGBM TS Export CI/export-scorer] [DEBUG] Loading revision from git directory
[LightGBM TS Export CI/export-scorer] [DEBUG] Found revision: e4f0bea876bb94ba845e68a1c9ea410ae43bff33
[LightGBM TS Export CI/export-scorer] [DEBUG] HEAD points to 'e4f0bea876bb94ba845e68a1c9ea410ae43bff33'
[LightGBM TS Export CI/export-scorer] [DEBUG] using github ref: refs/heads/main
[LightGBM TS Export CI/export-scorer] [DEBUG] Found revision: e4f0bea876bb94ba845e68a1c9ea410ae43bff33
[LightGBM TS Export CI/export-scorer] [DEBUG] Loading revision from git directory
[LightGBM TS Export CI/export-scorer] [DEBUG] Found revision: e4f0bea876bb94ba845e68a1c9ea410ae43bff33
[LightGBM TS Export CI/export-scorer] [DEBUG] HEAD points to 'e4f0bea876bb94ba845e68a1c9ea410ae43bff33'
[LightGBM TS Export CI/export-scorer] [DEBUG] using github ref: refs/heads/main
[LightGBM TS Export CI/export-scorer] [DEBUG] Found revision: e4f0bea876bb94ba845e68a1c9ea410ae43bff33
[LightGBM TS Export CI/export-scorer] [DEBUG] evaluating expression ''
[LightGBM TS Export CI/export-scorer] [DEBUG] expression '' evaluated to '***'
[LightGBM TS Export CI/export-scorer] ⭐ Run Main Setup Python 3.11
[LightGBM TS Export CI/export-scorer] [DEBUG] Writing entry to tarball workflow/outputcmd.txt len:0
[LightGBM TS Export CI/export-scorer] [DEBUG] Writing entry to tarball workflow/statecmd.txt len:0
[LightGBM TS Export CI/export-scorer] [DEBUG] Writing entry to tarball workflow/pathcmd.txt len:0
[LightGBM TS Export CI/export-scorer] [DEBUG] Writing entry to tarball workflow/envs.txt len:0
[LightGBM TS Export CI/export-scorer] [DEBUG] Writing entry to tarball workflow/SUMMARY.md len:0
[LightGBM TS Export CI/export-scorer] [DEBUG] Extracting content to '/var/run/act'
[LightGBM TS Export CI/export-scorer] [DEBUG] Loading revision from git directory
[LightGBM TS Export CI/export-scorer] [DEBUG] Found revision: e4f0bea876bb94ba845e68a1c9ea410ae43bff33
[LightGBM TS Export CI/export-scorer] [DEBUG] HEAD points to 'e4f0bea876bb94ba845e68a1c9ea410ae43bff33'
[LightGBM TS Export CI/export-scorer] [DEBUG] using github ref: refs/heads/main
[LightGBM TS Export CI/export-scorer] [DEBUG] Found revision: e4f0bea876bb94ba845e68a1c9ea410ae43bff33
[LightGBM TS Export CI/export-scorer] [DEBUG] About to run action &{Setup Python GitHub Set up a specific version of Python and add the command-line tools to the PATH. map[allow-prereleases:{When '***', a version range passed to 'python-version' input will match prerelease versions if no GA versions are found. Only 'x.y' version range is supported for CPython. false false} architecture:{The target architecture (x86, x64) of the Python or PyPy interpreter. false } cache:{Used to specify a package manager for caching in the default directory. Supported values: pip, pipenv, poetry. false } cache-dependency-path:{Used to specify the path to dependency files. Supports wildcards or a list of file names for caching multiple dependencies. false } check-latest:{Set this option if you want the action to check for the latest available version that satisfies the version spec. false false} python-version:{Version range or exact version of Python or PyPy to use, using SemVer's version range syntax. Reads from .python-version if unset. false } python-version-file:{File containing the Python version to use. Example: .python-version false } token:{The token used to authenticate when fetching Python distributions from https://github.com/actions/python-versions. When running this action on github.com, the default value is sufficient. When running on GHES, you can pass a personal access token for github.com if you are experiencing rate limiting. false ${{ github.server_url == 'https://github.com' && github.token || '' }}} update-environment:{Set this option if you want the action to update environment variables. false ***}] map[cache-hit:{A boolean value to indicate a cache entry was found } python-path:{The absolute path to the Python or PyPy executable. } python-version:{The installed Python or PyPy version. Useful when given a version range as input. }] {node16 map[] dist/setup/index.js  always() dist/cache-save/index.js success()     [] []} {yellow code}}
[LightGBM TS Export CI/export-scorer] [DEBUG] Loading revision from git directory
[LightGBM TS Export CI/export-scorer] [DEBUG] Found revision: e4f0bea876bb94ba845e68a1c9ea410ae43bff33
[LightGBM TS Export CI/export-scorer] [DEBUG] HEAD points to 'e4f0bea876bb94ba845e68a1c9ea410ae43bff33'
[LightGBM TS Export CI/export-scorer] [DEBUG] using github ref: refs/heads/main
[LightGBM TS Export CI/export-scorer] [DEBUG] Found revision: e4f0bea876bb94ba845e68a1c9ea410ae43bff33
[LightGBM TS Export CI/export-scorer] [DEBUG] Loading revision from git directory
[LightGBM TS Export CI/export-scorer] [DEBUG] Found revision: e4f0bea876bb94ba845e68a1c9ea410ae43bff33
[LightGBM TS Export CI/export-scorer] [DEBUG] HEAD points to 'e4f0bea876bb94ba845e68a1c9ea410ae43bff33'
[LightGBM TS Export CI/export-scorer] [DEBUG] using github ref: refs/heads/main
[LightGBM TS Export CI/export-scorer] [DEBUG] Found revision: e4f0bea876bb94ba845e68a1c9ea410ae43bff33
[LightGBM TS Export CI/export-scorer] [DEBUG] expression '${{ github.server_url == 'https://github.com' && github.token || '' }}' rewritten to 'format('{0}', github.server_url == 'https://github.com' && github.token || '')'
[LightGBM TS Export CI/export-scorer] [DEBUG] evaluating expression 'format('{0}', github.server_url == 'https://github.com' && github.token || '')'
[LightGBM TS Export CI/export-scorer] [DEBUG] expression 'format('{0}', github.server_url == 'https://github.com' && github.token || '')' evaluated to '%!t(string=***)'
[LightGBM TS Export CI/export-scorer] [DEBUG] type=remote-action actionDir=/Users/gmtfr/.cache/act/actions-setup-python@v4 actionPath= workdir=/Users/gmtfr/bee-mvp/bee-mvp actionCacheDir=/Users/gmtfr/.cache/act actionName=actions-setup-python@v4 containerActionDir=/var/run/act/actions/actions-setup-python@v4
[LightGBM TS Export CI/export-scorer] [DEBUG] /var/run/act/actions/actions-setup-python@v4
[LightGBM TS Export CI/export-scorer]   🐳  docker cp src=/Users/gmtfr/.cache/act/actions-setup-python@v4/ dst=/var/run/act/actions/actions-setup-python@v4/
[LightGBM TS Export CI/export-scorer] [DEBUG] Writing tarball /var/folders/99/vvwv07p5415f1jxlfg8cj40m0000gn/T/act3838558280 from /Users/gmtfr/.cache/act/actions-setup-python@v4/
[LightGBM TS Export CI/export-scorer] [DEBUG] Stripping prefix:/Users/gmtfr/.cache/act/actions-setup-python@v4/ src:/Users/gmtfr/.cache/act/actions-setup-python@v4/
[LightGBM TS Export CI/export-scorer] [DEBUG] Extracting content from '/var/folders/99/vvwv07p5415f1jxlfg8cj40m0000gn/T/act3838558280' to '/var/run/act/actions/actions-setup-python@v4/'
[LightGBM TS Export CI/export-scorer] [DEBUG] executing remote job container: [/opt/acttoolcache/node/18.20.8/x64/bin/node /var/run/act/actions/actions-setup-python@v4/dist/setup/index.js]
[LightGBM TS Export CI/export-scorer]   🐳  docker exec cmd=[/opt/acttoolcache/node/18.20.8/x64/bin/node /var/run/act/actions/actions-setup-python@v4/dist/setup/index.js] user= workdir=
[LightGBM TS Export CI/export-scorer] [DEBUG] Exec command '[/opt/acttoolcache/node/18.20.8/x64/bin/node /var/run/act/actions/actions-setup-python@v4/dist/setup/index.js]'
[LightGBM TS Export CI/export-scorer] [DEBUG] Working directory '/Users/gmtfr/bee-mvp/bee-mvp'
[LightGBM TS Export CI/export-scorer] [DEBUG]   💬  ::debug::Python is expected to be installed into /opt/hostedtoolcache
[LightGBM TS Export CI/export-scorer]   ❓  ::group::Installed versions
[LightGBM TS Export CI/export-scorer] [DEBUG]   💬  ::debug::Semantic version spec of 3.11 is 3.11
[LightGBM TS Export CI/export-scorer] [DEBUG]   💬  ::debug::isExplicit: 
[LightGBM TS Export CI/export-scorer] [DEBUG]   💬  ::debug::explicit? false
[LightGBM TS Export CI/export-scorer] [DEBUG]   💬  ::debug::isExplicit: 3.11.13
[LightGBM TS Export CI/export-scorer] [DEBUG]   💬  ::debug::explicit? ***
[LightGBM TS Export CI/export-scorer] [DEBUG]   💬  ::debug::evaluating 1 versions
[LightGBM TS Export CI/export-scorer] [DEBUG]   💬  ::debug::matched: 3.11.13
[LightGBM TS Export CI/export-scorer] [DEBUG]   💬  ::debug::checking cache: /opt/hostedtoolcache/Python/3.11.13/x64
[LightGBM TS Export CI/export-scorer] [DEBUG]   💬  ::debug::Found tool in cache Python 3.11.13 x64
[LightGBM TS Export CI/export-scorer]   | Successfully set up CPython (3.11.13)
[LightGBM TS Export CI/export-scorer]   ❓  ::endgroup::
[LightGBM TS Export CI/export-scorer]   ❓ add-matcher /run/act/actions/actions-setup-python@v4/.github/python.json
[LightGBM TS Export CI/export-scorer]   ✅  Success - Main Setup Python 3.11 [1.320893292s]
[LightGBM TS Export CI/export-scorer]   ⚙  ::set-env:: Python2_ROOT_DIR=/opt/hostedtoolcache/Python/3.11.13/x64
[LightGBM TS Export CI/export-scorer]   ⚙  ::set-env:: Python3_ROOT_DIR=/opt/hostedtoolcache/Python/3.11.13/x64
[LightGBM TS Export CI/export-scorer]   ⚙  ::set-env:: LD_LIBRARY_PATH=/opt/hostedtoolcache/Python/3.11.13/x64/lib
[LightGBM TS Export CI/export-scorer]   ⚙  ::set-env:: pythonLocation=/opt/hostedtoolcache/Python/3.11.13/x64
[LightGBM TS Export CI/export-scorer]   ⚙  ::set-env:: PKG_CONFIG_PATH=/opt/hostedtoolcache/Python/3.11.13/x64/lib/pkgconfig
[LightGBM TS Export CI/export-scorer]   ⚙  ::set-env:: Python_ROOT_DIR=/opt/hostedtoolcache/Python/3.11.13/x64
[LightGBM TS Export CI/export-scorer]   ⚙  ::set-output:: python-version=3.11.13
[LightGBM TS Export CI/export-scorer]   ⚙  ::set-output:: python-path=/opt/hostedtoolcache/Python/3.11.13/x64/bin/python
[LightGBM TS Export CI/export-scorer]   ⚙  ::add-path:: /opt/hostedtoolcache/Python/3.11.13/x64
[LightGBM TS Export CI/export-scorer]   ⚙  ::add-path:: /opt/hostedtoolcache/Python/3.11.13/x64/bin
[LightGBM TS Export CI/export-scorer] [DEBUG] Loading revision from git directory
[LightGBM TS Export CI/export-scorer] [DEBUG] Found revision: e4f0bea876bb94ba845e68a1c9ea410ae43bff33
[LightGBM TS Export CI/export-scorer] [DEBUG] HEAD points to 'e4f0bea876bb94ba845e68a1c9ea410ae43bff33'
[LightGBM TS Export CI/export-scorer] [DEBUG] using github ref: refs/heads/main
[LightGBM TS Export CI/export-scorer] [DEBUG] Found revision: e4f0bea876bb94ba845e68a1c9ea410ae43bff33
[LightGBM TS Export CI/export-scorer] [DEBUG] Loading revision from git directory
[LightGBM TS Export CI/export-scorer] [DEBUG] Found revision: e4f0bea876bb94ba845e68a1c9ea410ae43bff33
[LightGBM TS Export CI/export-scorer] [DEBUG] HEAD points to 'e4f0bea876bb94ba845e68a1c9ea410ae43bff33'
[LightGBM TS Export CI/export-scorer] [DEBUG] using github ref: refs/heads/main
[LightGBM TS Export CI/export-scorer] [DEBUG] Found revision: e4f0bea876bb94ba845e68a1c9ea410ae43bff33
[LightGBM TS Export CI/export-scorer] [DEBUG] Loading revision from git directory
[LightGBM TS Export CI/export-scorer] [DEBUG] Found revision: e4f0bea876bb94ba845e68a1c9ea410ae43bff33
[LightGBM TS Export CI/export-scorer] [DEBUG] HEAD points to 'e4f0bea876bb94ba845e68a1c9ea410ae43bff33'
[LightGBM TS Export CI/export-scorer] [DEBUG] using github ref: refs/heads/main
[LightGBM TS Export CI/export-scorer] [DEBUG] Found revision: e4f0bea876bb94ba845e68a1c9ea410ae43bff33
[LightGBM TS Export CI/export-scorer] [DEBUG] setupEnv => map[ACT:*** ACTIONS_CACHE_URL:http://192.168.1.245:61260/ CI:*** GITHUB_ACTION:2 GITHUB_ACTIONS:*** GITHUB_ACTION_PATH: GITHUB_ACTION_REF: GITHUB_ACTION_REPOSITORY: GITHUB_ACTOR:nektos/act GITHUB_API_URL:https://api.github.com GITHUB_BASE_REF: GITHUB_EVENT_NAME:push GITHUB_EVENT_PATH:/var/run/act/workflow/event.json GITHUB_GRAPHQL_URL:https://api.github.com/graphql GITHUB_HEAD_REF: GITHUB_JOB:export-scorer GITHUB_REF:refs/heads/main GITHUB_REF_NAME:main GITHUB_REF_TYPE:branch GITHUB_REPOSITORY:gmtfrombc/bee-mvp GITHUB_REPOSITORY_OWNER:gmtfrombc GITHUB_RETENTION_DAYS:0 GITHUB_RUN_ATTEMPT:1 GITHUB_RUN_ID:1 GITHUB_RUN_NUMBER:1 GITHUB_SERVER_URL:https://github.com GITHUB_SHA:e4f0bea876bb94ba845e68a1c9ea410ae43bff33 GITHUB_WORKFLOW:LightGBM TS Export CI GITHUB_WORKSPACE:/Users/gmtfr/bee-mvp/bee-mvp ImageOS:ubuntu20 LD_LIBRARY_PATH:/opt/hostedtoolcache/Python/3.11.13/x64/lib PKG_CONFIG_PATH:/opt/hostedtoolcache/Python/3.11.13/x64/lib/pkgconfig Python2_ROOT_DIR:/opt/hostedtoolcache/Python/3.11.13/x64 Python3_ROOT_DIR:/opt/hostedtoolcache/Python/3.11.13/x64 Python_ROOT_DIR:/opt/hostedtoolcache/Python/3.11.13/x64 RUNNER_PERFLOG:/dev/null RUNNER_TRACKING_ID: SKIP_TERRAFORM:false SKIP_UPLOAD_ARTIFACTS:*** pythonLocation:/opt/hostedtoolcache/Python/3.11.13/x64]
[LightGBM TS Export CI/export-scorer] [DEBUG] Loading revision from git directory
[LightGBM TS Export CI/export-scorer] [DEBUG] Found revision: e4f0bea876bb94ba845e68a1c9ea410ae43bff33
[LightGBM TS Export CI/export-scorer] [DEBUG] HEAD points to 'e4f0bea876bb94ba845e68a1c9ea410ae43bff33'
[LightGBM TS Export CI/export-scorer] [DEBUG] using github ref: refs/heads/main
[LightGBM TS Export CI/export-scorer] [DEBUG] Found revision: e4f0bea876bb94ba845e68a1c9ea410ae43bff33
[LightGBM TS Export CI/export-scorer] [DEBUG] Loading revision from git directory
[LightGBM TS Export CI/export-scorer] [DEBUG] Found revision: e4f0bea876bb94ba845e68a1c9ea410ae43bff33
[LightGBM TS Export CI/export-scorer] [DEBUG] HEAD points to 'e4f0bea876bb94ba845e68a1c9ea410ae43bff33'
[LightGBM TS Export CI/export-scorer] [DEBUG] using github ref: refs/heads/main
[LightGBM TS Export CI/export-scorer] [DEBUG] Found revision: e4f0bea876bb94ba845e68a1c9ea410ae43bff33
[LightGBM TS Export CI/export-scorer] [DEBUG] evaluating expression ''
[LightGBM TS Export CI/export-scorer] [DEBUG] expression '' evaluated to '***'
[LightGBM TS Export CI/export-scorer] ⭐ Run Main Install dependencies
[LightGBM TS Export CI/export-scorer] [DEBUG] Writing entry to tarball workflow/outputcmd.txt len:0
[LightGBM TS Export CI/export-scorer] [DEBUG] Writing entry to tarball workflow/statecmd.txt len:0
[LightGBM TS Export CI/export-scorer] [DEBUG] Writing entry to tarball workflow/pathcmd.txt len:0
[LightGBM TS Export CI/export-scorer] [DEBUG] Writing entry to tarball workflow/envs.txt len:0
[LightGBM TS Export CI/export-scorer] [DEBUG] Writing entry to tarball workflow/SUMMARY.md len:0
[LightGBM TS Export CI/export-scorer] [DEBUG] Extracting content to '/var/run/act'
[LightGBM TS Export CI/export-scorer] [DEBUG] Loading revision from git directory
[LightGBM TS Export CI/export-scorer] [DEBUG] Found revision: e4f0bea876bb94ba845e68a1c9ea410ae43bff33
[LightGBM TS Export CI/export-scorer] [DEBUG] HEAD points to 'e4f0bea876bb94ba845e68a1c9ea410ae43bff33'
[LightGBM TS Export CI/export-scorer] [DEBUG] using github ref: refs/heads/main
[LightGBM TS Export CI/export-scorer] [DEBUG] Found revision: e4f0bea876bb94ba845e68a1c9ea410ae43bff33
[LightGBM TS Export CI/export-scorer] [DEBUG] Loading revision from git directory
[LightGBM TS Export CI/export-scorer] [DEBUG] Found revision: e4f0bea876bb94ba845e68a1c9ea410ae43bff33
[LightGBM TS Export CI/export-scorer] [DEBUG] HEAD points to 'e4f0bea876bb94ba845e68a1c9ea410ae43bff33'
[LightGBM TS Export CI/export-scorer] [DEBUG] using github ref: refs/heads/main
[LightGBM TS Export CI/export-scorer] [DEBUG] Found revision: e4f0bea876bb94ba845e68a1c9ea410ae43bff33
[LightGBM TS Export CI/export-scorer] [DEBUG] Loading revision from git directory
[LightGBM TS Export CI/export-scorer] [DEBUG] Found revision: e4f0bea876bb94ba845e68a1c9ea410ae43bff33
[LightGBM TS Export CI/export-scorer] [DEBUG] HEAD points to 'e4f0bea876bb94ba845e68a1c9ea410ae43bff33'
[LightGBM TS Export CI/export-scorer] [DEBUG] using github ref: refs/heads/main
[LightGBM TS Export CI/export-scorer] [DEBUG] Found revision: e4f0bea876bb94ba845e68a1c9ea410ae43bff33
[LightGBM TS Export CI/export-scorer] [DEBUG] Loading revision from git directory
[LightGBM TS Export CI/export-scorer] [DEBUG] Found revision: e4f0bea876bb94ba845e68a1c9ea410ae43bff33
[LightGBM TS Export CI/export-scorer] [DEBUG] HEAD points to 'e4f0bea876bb94ba845e68a1c9ea410ae43bff33'
[LightGBM TS Export CI/export-scorer] [DEBUG] using github ref: refs/heads/main
[LightGBM TS Export CI/export-scorer] [DEBUG] Found revision: e4f0bea876bb94ba845e68a1c9ea410ae43bff33
[LightGBM TS Export CI/export-scorer] [DEBUG] Wrote command 

python -m pip install --upgrade pip
pip install -r requirements.txt


 to 'workflow/2'
[LightGBM TS Export CI/export-scorer] [DEBUG] Writing entry to tarball workflow/2 len:70
[LightGBM TS Export CI/export-scorer] [DEBUG] Extracting content to '/var/run/act'
[LightGBM TS Export CI/export-scorer]   🐳  docker exec cmd=[bash -e /var/run/act/workflow/2] user= workdir=
[LightGBM TS Export CI/export-scorer] [DEBUG] Exec command '[bash -e /var/run/act/workflow/2]'
[LightGBM TS Export CI/export-scorer] [DEBUG] Working directory '/Users/gmtfr/bee-mvp/bee-mvp'
[LightGBM TS Export CI/export-scorer]   | Requirement already satisfied: pip in /opt/hostedtoolcache/Python/3.11.13/x64/lib/python3.11/site-packages (25.1.1)
[LightGBM TS Export CI/export-scorer]   | WARNING: Running pip as the 'root' user can result in broken permissions and conflicting behaviour with the system package manager, possibly rendering your system unusable. It is recommended to use a virtual environment instead: https://pip.pypa.io/warnings/venv. Use the --root-user-action option if you know what you are doing and want to suppress this warning.
[LightGBM TS Export CI/export-scorer]   | Requirement already satisfied: pandas>=2.0 in /opt/hostedtoolcache/Python/3.11.13/x64/lib/python3.11/site-packages (from -r requirements.txt (line 1)) (2.3.0)
[LightGBM TS Export CI/export-scorer]   | Requirement already satisfied: scikit-learn>=1.2 in /opt/hostedtoolcache/Python/3.11.13/x64/lib/python3.11/site-packages (from -r requirements.txt (line 2)) (1.7.0)
[LightGBM TS Export CI/export-scorer]   | Requirement already satisfied: requests>=2.31 in /opt/hostedtoolcache/Python/3.11.13/x64/lib/python3.11/site-packages (from -r requirements.txt (line 3)) (2.32.4)
[LightGBM TS Export CI/export-scorer]   | Requirement already satisfied: lightgbm>=4.3 in /opt/hostedtoolcache/Python/3.11.13/x64/lib/python3.11/site-packages (from -r requirements.txt (line 4)) (4.6.0)
[LightGBM TS Export CI/export-scorer]   | Requirement already satisfied: m2cgen>=0.10.0 in /opt/hostedtoolcache/Python/3.11.13/x64/lib/python3.11/site-packages (from -r requirements.txt (line 5)) (0.10.0)
[LightGBM TS Export CI/export-scorer]   | Requirement already satisfied: numpy>=1.23.2 in /opt/hostedtoolcache/Python/3.11.13/x64/lib/python3.11/site-packages (from pandas>=2.0->-r requirements.txt (line 1)) (2.3.1)
[LightGBM TS Export CI/export-scorer]   | Requirement already satisfied: python-dateutil>=2.8.2 in /opt/hostedtoolcache/Python/3.11.13/x64/lib/python3.11/site-packages (from pandas>=2.0->-r requirements.txt (line 1)) (2.9.0.post0)
[LightGBM TS Export CI/export-scorer]   | Requirement already satisfied: pytz>=2020.1 in /opt/hostedtoolcache/Python/3.11.13/x64/lib/python3.11/site-packages (from pandas>=2.0->-r requirements.txt (line 1)) (2025.2)
[LightGBM TS Export CI/export-scorer]   | Requirement already satisfied: tzdata>=2022.7 in /opt/hostedtoolcache/Python/3.11.13/x64/lib/python3.11/site-packages (from pandas>=2.0->-r requirements.txt (line 1)) (2025.2)
[LightGBM TS Export CI/export-scorer]   | Requirement already satisfied: scipy>=1.8.0 in /opt/hostedtoolcache/Python/3.11.13/x64/lib/python3.11/site-packages (from scikit-learn>=1.2->-r requirements.txt (line 2)) (1.16.0)
[LightGBM TS Export CI/export-scorer]   | Requirement already satisfied: joblib>=1.2.0 in /opt/hostedtoolcache/Python/3.11.13/x64/lib/python3.11/site-packages (from scikit-learn>=1.2->-r requirements.txt (line 2)) (1.5.1)
[LightGBM TS Export CI/export-scorer]   | Requirement already satisfied: threadpoolctl>=3.1.0 in /opt/hostedtoolcache/Python/3.11.13/x64/lib/python3.11/site-packages (from scikit-learn>=1.2->-r requirements.txt (line 2)) (3.6.0)
[LightGBM TS Export CI/export-scorer]   | Requirement already satisfied: charset_normalizer<4,>=2 in /opt/hostedtoolcache/Python/3.11.13/x64/lib/python3.11/site-packages (from requests>=2.31->-r requirements.txt (line 3)) (3.4.2)
[LightGBM TS Export CI/export-scorer]   | Requirement already satisfied: idna<4,>=2.5 in /opt/hostedtoolcache/Python/3.11.13/x64/lib/python3.11/site-packages (from requests>=2.31->-r requirements.txt (line 3)) (3.10)
[LightGBM TS Export CI/export-scorer]   | Requirement already satisfied: urllib3<3,>=1.21.1 in /opt/hostedtoolcache/Python/3.11.13/x64/lib/python3.11/site-packages (from requests>=2.31->-r requirements.txt (line 3)) (2.5.0)
[LightGBM TS Export CI/export-scorer]   | Requirement already satisfied: certifi>=2017.4.17 in /opt/hostedtoolcache/Python/3.11.13/x64/lib/python3.11/site-packages (from requests>=2.31->-r requirements.txt (line 3)) (2025.6.15)
[LightGBM TS Export CI/export-scorer]   | Requirement already satisfied: six>=1.5 in /opt/hostedtoolcache/Python/3.11.13/x64/lib/python3.11/site-packages (from python-dateutil>=2.8.2->pandas>=2.0->-r requirements.txt (line 1)) (1.17.0)
[LightGBM TS Export CI/export-scorer]   | WARNING: Running pip as the 'root' user can result in broken permissions and conflicting behaviour with the system package manager, possibly rendering your system unusable. It is recommended to use a virtual environment instead: https://pip.pypa.io/warnings/venv. Use the --root-user-action option if you know what you are doing and want to suppress this warning.
[LightGBM TS Export CI/export-scorer]   ✅  Success - Main Install dependencies [1.626271875s]
[LightGBM TS Export CI/export-scorer] [DEBUG] Loading revision from git directory
[LightGBM TS Export CI/export-scorer] [DEBUG] Found revision: e4f0bea876bb94ba845e68a1c9ea410ae43bff33
[LightGBM TS Export CI/export-scorer] [DEBUG] HEAD points to 'e4f0bea876bb94ba845e68a1c9ea410ae43bff33'
[LightGBM TS Export CI/export-scorer] [DEBUG] using github ref: refs/heads/main
[LightGBM TS Export CI/export-scorer] [DEBUG] Found revision: e4f0bea876bb94ba845e68a1c9ea410ae43bff33
[LightGBM TS Export CI/export-scorer] [DEBUG] Loading revision from git directory
[LightGBM TS Export CI/export-scorer] [DEBUG] Found revision: e4f0bea876bb94ba845e68a1c9ea410ae43bff33
[LightGBM TS Export CI/export-scorer] [DEBUG] HEAD points to 'e4f0bea876bb94ba845e68a1c9ea410ae43bff33'
[LightGBM TS Export CI/export-scorer] [DEBUG] using github ref: refs/heads/main
[LightGBM TS Export CI/export-scorer] [DEBUG] Found revision: e4f0bea876bb94ba845e68a1c9ea410ae43bff33
[LightGBM TS Export CI/export-scorer] [DEBUG] Loading revision from git directory
[LightGBM TS Export CI/export-scorer] [DEBUG] Found revision: e4f0bea876bb94ba845e68a1c9ea410ae43bff33
[LightGBM TS Export CI/export-scorer] [DEBUG] HEAD points to 'e4f0bea876bb94ba845e68a1c9ea410ae43bff33'
[LightGBM TS Export CI/export-scorer] [DEBUG] using github ref: refs/heads/main
[LightGBM TS Export CI/export-scorer] [DEBUG] Found revision: e4f0bea876bb94ba845e68a1c9ea410ae43bff33
[LightGBM TS Export CI/export-scorer] [DEBUG] setupEnv => map[ACT:*** ACTIONS_CACHE_URL:http://192.168.1.245:61260/ CI:*** GITHUB_ACTION:3 GITHUB_ACTIONS:*** GITHUB_ACTION_PATH: GITHUB_ACTION_REF: GITHUB_ACTION_REPOSITORY: GITHUB_ACTOR:nektos/act GITHUB_API_URL:https://api.github.com GITHUB_BASE_REF: GITHUB_EVENT_NAME:push GITHUB_EVENT_PATH:/var/run/act/workflow/event.json GITHUB_GRAPHQL_URL:https://api.github.com/graphql GITHUB_HEAD_REF: GITHUB_JOB:export-scorer GITHUB_REF:refs/heads/main GITHUB_REF_NAME:main GITHUB_REF_TYPE:branch GITHUB_REPOSITORY:gmtfrombc/bee-mvp GITHUB_REPOSITORY_OWNER:gmtfrombc GITHUB_RETENTION_DAYS:0 GITHUB_RUN_ATTEMPT:1 GITHUB_RUN_ID:1 GITHUB_RUN_NUMBER:1 GITHUB_SERVER_URL:https://github.com GITHUB_SHA:e4f0bea876bb94ba845e68a1c9ea410ae43bff33 GITHUB_WORKFLOW:LightGBM TS Export CI GITHUB_WORKSPACE:/Users/gmtfr/bee-mvp/bee-mvp ImageOS:ubuntu20 LD_LIBRARY_PATH:/opt/hostedtoolcache/Python/3.11.13/x64/lib PKG_CONFIG_PATH:/opt/hostedtoolcache/Python/3.11.13/x64/lib/pkgconfig Python2_ROOT_DIR:/opt/hostedtoolcache/Python/3.11.13/x64 Python3_ROOT_DIR:/opt/hostedtoolcache/Python/3.11.13/x64 Python_ROOT_DIR:/opt/hostedtoolcache/Python/3.11.13/x64 RUNNER_PERFLOG:/dev/null RUNNER_TRACKING_ID: SKIP_TERRAFORM:false SKIP_UPLOAD_ARTIFACTS:*** pythonLocation:/opt/hostedtoolcache/Python/3.11.13/x64]
[LightGBM TS Export CI/export-scorer] [DEBUG] Loading revision from git directory
[LightGBM TS Export CI/export-scorer] [DEBUG] Found revision: e4f0bea876bb94ba845e68a1c9ea410ae43bff33
[LightGBM TS Export CI/export-scorer] [DEBUG] HEAD points to 'e4f0bea876bb94ba845e68a1c9ea410ae43bff33'
[LightGBM TS Export CI/export-scorer] [DEBUG] using github ref: refs/heads/main
[LightGBM TS Export CI/export-scorer] [DEBUG] Found revision: e4f0bea876bb94ba845e68a1c9ea410ae43bff33
[LightGBM TS Export CI/export-scorer] [DEBUG] Loading revision from git directory
[LightGBM TS Export CI/export-scorer] [DEBUG] Found revision: e4f0bea876bb94ba845e68a1c9ea410ae43bff33
[LightGBM TS Export CI/export-scorer] [DEBUG] HEAD points to 'e4f0bea876bb94ba845e68a1c9ea410ae43bff33'
[LightGBM TS Export CI/export-scorer] [DEBUG] using github ref: refs/heads/main
[LightGBM TS Export CI/export-scorer] [DEBUG] Found revision: e4f0bea876bb94ba845e68a1c9ea410ae43bff33
[LightGBM TS Export CI/export-scorer] [DEBUG] evaluating expression ''
[LightGBM TS Export CI/export-scorer] [DEBUG] expression '' evaluated to '***'
[LightGBM TS Export CI/export-scorer] ⭐ Run Main Create minimal dummy LightGBM model
[LightGBM TS Export CI/export-scorer] [DEBUG] Writing entry to tarball workflow/outputcmd.txt len:0
[LightGBM TS Export CI/export-scorer] [DEBUG] Writing entry to tarball workflow/statecmd.txt len:0
[LightGBM TS Export CI/export-scorer] [DEBUG] Writing entry to tarball workflow/pathcmd.txt len:0
[LightGBM TS Export CI/export-scorer] [DEBUG] Writing entry to tarball workflow/envs.txt len:0
[LightGBM TS Export CI/export-scorer] [DEBUG] Writing entry to tarball workflow/SUMMARY.md len:0
[LightGBM TS Export CI/export-scorer] [DEBUG] Extracting content to '/var/run/act'
[LightGBM TS Export CI/export-scorer] [DEBUG] Loading revision from git directory
[LightGBM TS Export CI/export-scorer] [DEBUG] Found revision: e4f0bea876bb94ba845e68a1c9ea410ae43bff33
[LightGBM TS Export CI/export-scorer] [DEBUG] HEAD points to 'e4f0bea876bb94ba845e68a1c9ea410ae43bff33'
[LightGBM TS Export CI/export-scorer] [DEBUG] using github ref: refs/heads/main
[LightGBM TS Export CI/export-scorer] [DEBUG] Found revision: e4f0bea876bb94ba845e68a1c9ea410ae43bff33
[LightGBM TS Export CI/export-scorer] [DEBUG] Loading revision from git directory
[LightGBM TS Export CI/export-scorer] [DEBUG] Found revision: e4f0bea876bb94ba845e68a1c9ea410ae43bff33
[LightGBM TS Export CI/export-scorer] [DEBUG] HEAD points to 'e4f0bea876bb94ba845e68a1c9ea410ae43bff33'
[LightGBM TS Export CI/export-scorer] [DEBUG] using github ref: refs/heads/main
[LightGBM TS Export CI/export-scorer] [DEBUG] Found revision: e4f0bea876bb94ba845e68a1c9ea410ae43bff33
[LightGBM TS Export CI/export-scorer] [DEBUG] Loading revision from git directory
[LightGBM TS Export CI/export-scorer] [DEBUG] Found revision: e4f0bea876bb94ba845e68a1c9ea410ae43bff33
[LightGBM TS Export CI/export-scorer] [DEBUG] HEAD points to 'e4f0bea876bb94ba845e68a1c9ea410ae43bff33'
[LightGBM TS Export CI/export-scorer] [DEBUG] using github ref: refs/heads/main
[LightGBM TS Export CI/export-scorer] [DEBUG] Found revision: e4f0bea876bb94ba845e68a1c9ea410ae43bff33
[LightGBM TS Export CI/export-scorer] [DEBUG] Loading revision from git directory
[LightGBM TS Export CI/export-scorer] [DEBUG] Found revision: e4f0bea876bb94ba845e68a1c9ea410ae43bff33
[LightGBM TS Export CI/export-scorer] [DEBUG] HEAD points to 'e4f0bea876bb94ba845e68a1c9ea410ae43bff33'
[LightGBM TS Export CI/export-scorer] [DEBUG] using github ref: refs/heads/main
[LightGBM TS Export CI/export-scorer] [DEBUG] Found revision: e4f0bea876bb94ba845e68a1c9ea410ae43bff33
[LightGBM TS Export CI/export-scorer] [DEBUG] Wrote command 

python - <<'PY'
import lightgbm as lgb
import pandas as pd
from sklearn.datasets import load_iris
import pathlib, json, os

X, y = load_iris(return_X_y=True)
train = lgb.Dataset(X, label=y)
params = {
    "objective": "binary",
    "metric": ["binary_logloss"],
    "verbosity": -1,
    "num_leaves": 8,
    "learning_rate": 0.1,
    "num_boost_round": 3,
}
bst = lgb.train(params, train)
model_path = pathlib.Path("/tmp/lightgbm_dummy.txt")
bst.save_model(model_path)
print(f"Dummy model saved to {model_path}")
PY


 to 'workflow/3'
[LightGBM TS Export CI/export-scorer] [DEBUG] Writing entry to tarball workflow/3 len:518
[LightGBM TS Export CI/export-scorer] [DEBUG] Extracting content to '/var/run/act'
[LightGBM TS Export CI/export-scorer]   🐳  docker exec cmd=[bash -e /var/run/act/workflow/3] user= workdir=
[LightGBM TS Export CI/export-scorer] [DEBUG] Exec command '[bash -e /var/run/act/workflow/3]'
[LightGBM TS Export CI/export-scorer] [DEBUG] Working directory '/Users/gmtfr/bee-mvp/bee-mvp'
[LightGBM TS Export CI/export-scorer]   | Dummy model saved to /tmp/lightgbm_dummy.txt
[LightGBM TS Export CI/export-scorer]   ✅  Success - Main Create minimal dummy LightGBM model [1.686364542s]
[LightGBM TS Export CI/export-scorer] [DEBUG] Loading revision from git directory
[LightGBM TS Export CI/export-scorer] [DEBUG] Found revision: e4f0bea876bb94ba845e68a1c9ea410ae43bff33
[LightGBM TS Export CI/export-scorer] [DEBUG] HEAD points to 'e4f0bea876bb94ba845e68a1c9ea410ae43bff33'
[LightGBM TS Export CI/export-scorer] [DEBUG] using github ref: refs/heads/main
[LightGBM TS Export CI/export-scorer] [DEBUG] Found revision: e4f0bea876bb94ba845e68a1c9ea410ae43bff33
[LightGBM TS Export CI/export-scorer] [DEBUG] Loading revision from git directory
[LightGBM TS Export CI/export-scorer] [DEBUG] Found revision: e4f0bea876bb94ba845e68a1c9ea410ae43bff33
[LightGBM TS Export CI/export-scorer] [DEBUG] HEAD points to 'e4f0bea876bb94ba845e68a1c9ea410ae43bff33'
[LightGBM TS Export CI/export-scorer] [DEBUG] using github ref: refs/heads/main
[LightGBM TS Export CI/export-scorer] [DEBUG] Found revision: e4f0bea876bb94ba845e68a1c9ea410ae43bff33
[LightGBM TS Export CI/export-scorer] [DEBUG] Loading revision from git directory
[LightGBM TS Export CI/export-scorer] [DEBUG] Found revision: e4f0bea876bb94ba845e68a1c9ea410ae43bff33
[LightGBM TS Export CI/export-scorer] [DEBUG] HEAD points to 'e4f0bea876bb94ba845e68a1c9ea410ae43bff33'
[LightGBM TS Export CI/export-scorer] [DEBUG] using github ref: refs/heads/main
[LightGBM TS Export CI/export-scorer] [DEBUG] Found revision: e4f0bea876bb94ba845e68a1c9ea410ae43bff33
[LightGBM TS Export CI/export-scorer] [DEBUG] setupEnv => map[ACT:*** ACTIONS_CACHE_URL:http://192.168.1.245:61260/ CI:*** GITHUB_ACTION:4 GITHUB_ACTIONS:*** GITHUB_ACTION_PATH: GITHUB_ACTION_REF: GITHUB_ACTION_REPOSITORY: GITHUB_ACTOR:nektos/act GITHUB_API_URL:https://api.github.com GITHUB_BASE_REF: GITHUB_EVENT_NAME:push GITHUB_EVENT_PATH:/var/run/act/workflow/event.json GITHUB_GRAPHQL_URL:https://api.github.com/graphql GITHUB_HEAD_REF: GITHUB_JOB:export-scorer GITHUB_REF:refs/heads/main GITHUB_REF_NAME:main GITHUB_REF_TYPE:branch GITHUB_REPOSITORY:gmtfrombc/bee-mvp GITHUB_REPOSITORY_OWNER:gmtfrombc GITHUB_RETENTION_DAYS:0 GITHUB_RUN_ATTEMPT:1 GITHUB_RUN_ID:1 GITHUB_RUN_NUMBER:1 GITHUB_SERVER_URL:https://github.com GITHUB_SHA:e4f0bea876bb94ba845e68a1c9ea410ae43bff33 GITHUB_WORKFLOW:LightGBM TS Export CI GITHUB_WORKSPACE:/Users/gmtfr/bee-mvp/bee-mvp ImageOS:ubuntu20 LD_LIBRARY_PATH:/opt/hostedtoolcache/Python/3.11.13/x64/lib PKG_CONFIG_PATH:/opt/hostedtoolcache/Python/3.11.13/x64/lib/pkgconfig Python2_ROOT_DIR:/opt/hostedtoolcache/Python/3.11.13/x64 Python3_ROOT_DIR:/opt/hostedtoolcache/Python/3.11.13/x64 Python_ROOT_DIR:/opt/hostedtoolcache/Python/3.11.13/x64 RUNNER_PERFLOG:/dev/null RUNNER_TRACKING_ID: SKIP_TERRAFORM:false SKIP_UPLOAD_ARTIFACTS:*** pythonLocation:/opt/hostedtoolcache/Python/3.11.13/x64]
[LightGBM TS Export CI/export-scorer] [DEBUG] Loading revision from git directory
[LightGBM TS Export CI/export-scorer] [DEBUG] Found revision: e4f0bea876bb94ba845e68a1c9ea410ae43bff33
[LightGBM TS Export CI/export-scorer] [DEBUG] HEAD points to 'e4f0bea876bb94ba845e68a1c9ea410ae43bff33'
[LightGBM TS Export CI/export-scorer] [DEBUG] using github ref: refs/heads/main
[LightGBM TS Export CI/export-scorer] [DEBUG] Found revision: e4f0bea876bb94ba845e68a1c9ea410ae43bff33
[LightGBM TS Export CI/export-scorer] [DEBUG] Loading revision from git directory
[LightGBM TS Export CI/export-scorer] [DEBUG] Found revision: e4f0bea876bb94ba845e68a1c9ea410ae43bff33
[LightGBM TS Export CI/export-scorer] [DEBUG] HEAD points to 'e4f0bea876bb94ba845e68a1c9ea410ae43bff33'
[LightGBM TS Export CI/export-scorer] [DEBUG] using github ref: refs/heads/main
[LightGBM TS Export CI/export-scorer] [DEBUG] Found revision: e4f0bea876bb94ba845e68a1c9ea410ae43bff33
[LightGBM TS Export CI/export-scorer] [DEBUG] evaluating expression ''
[LightGBM TS Export CI/export-scorer] [DEBUG] expression '' evaluated to '***'
[LightGBM TS Export CI/export-scorer] ⭐ Run Main Export to TypeScript
[LightGBM TS Export CI/export-scorer] [DEBUG] Writing entry to tarball workflow/outputcmd.txt len:0
[LightGBM TS Export CI/export-scorer] [DEBUG] Writing entry to tarball workflow/statecmd.txt len:0
[LightGBM TS Export CI/export-scorer] [DEBUG] Writing entry to tarball workflow/pathcmd.txt len:0
[LightGBM TS Export CI/export-scorer] [DEBUG] Writing entry to tarball workflow/envs.txt len:0
[LightGBM TS Export CI/export-scorer] [DEBUG] Writing entry to tarball workflow/SUMMARY.md len:0
[LightGBM TS Export CI/export-scorer] [DEBUG] Extracting content to '/var/run/act'
[LightGBM TS Export CI/export-scorer] [DEBUG] Loading revision from git directory
[LightGBM TS Export CI/export-scorer] [DEBUG] Found revision: e4f0bea876bb94ba845e68a1c9ea410ae43bff33
[LightGBM TS Export CI/export-scorer] [DEBUG] HEAD points to 'e4f0bea876bb94ba845e68a1c9ea410ae43bff33'
[LightGBM TS Export CI/export-scorer] [DEBUG] using github ref: refs/heads/main
[LightGBM TS Export CI/export-scorer] [DEBUG] Found revision: e4f0bea876bb94ba845e68a1c9ea410ae43bff33
[LightGBM TS Export CI/export-scorer] [DEBUG] Loading revision from git directory
[LightGBM TS Export CI/export-scorer] [DEBUG] Found revision: e4f0bea876bb94ba845e68a1c9ea410ae43bff33
[LightGBM TS Export CI/export-scorer] [DEBUG] HEAD points to 'e4f0bea876bb94ba845e68a1c9ea410ae43bff33'
[LightGBM TS Export CI/export-scorer] [DEBUG] using github ref: refs/heads/main
[LightGBM TS Export CI/export-scorer] [DEBUG] Found revision: e4f0bea876bb94ba845e68a1c9ea410ae43bff33
[LightGBM TS Export CI/export-scorer] [DEBUG] Loading revision from git directory
[LightGBM TS Export CI/export-scorer] [DEBUG] Found revision: e4f0bea876bb94ba845e68a1c9ea410ae43bff33
[LightGBM TS Export CI/export-scorer] [DEBUG] HEAD points to 'e4f0bea876bb94ba845e68a1c9ea410ae43bff33'
[LightGBM TS Export CI/export-scorer] [DEBUG] using github ref: refs/heads/main
[LightGBM TS Export CI/export-scorer] [DEBUG] Found revision: e4f0bea876bb94ba845e68a1c9ea410ae43bff33
[LightGBM TS Export CI/export-scorer] [DEBUG] Loading revision from git directory
[LightGBM TS Export CI/export-scorer] [DEBUG] Found revision: e4f0bea876bb94ba845e68a1c9ea410ae43bff33
[LightGBM TS Export CI/export-scorer] [DEBUG] HEAD points to 'e4f0bea876bb94ba845e68a1c9ea410ae43bff33'
[LightGBM TS Export CI/export-scorer] [DEBUG] using github ref: refs/heads/main
[LightGBM TS Export CI/export-scorer] [DEBUG] Found revision: e4f0bea876bb94ba845e68a1c9ea410ae43bff33
[LightGBM TS Export CI/export-scorer] [DEBUG] Wrote command 

python scripts/export_lightgbm_to_ts.py \
  --model /tmp/lightgbm_dummy.txt \
  --output supabase/functions/ai-coaching-engine/personalization/lightgbm_model.ts


 to 'workflow/4'
[LightGBM TS Export CI/export-scorer] [DEBUG] Writing entry to tarball workflow/4 len:163
[LightGBM TS Export CI/export-scorer] [DEBUG] Extracting content to '/var/run/act'
[LightGBM TS Export CI/export-scorer]   🐳  docker exec cmd=[bash -e /var/run/act/workflow/4] user= workdir=
[LightGBM TS Export CI/export-scorer] [DEBUG] Exec command '[bash -e /var/run/act/workflow/4]'
[LightGBM TS Export CI/export-scorer] [DEBUG] Working directory '/Users/gmtfr/bee-mvp/bee-mvp'
[LightGBM TS Export CI/export-scorer]   | [export_lightgbm_to_ts] wrote TypeScript scorer → supabase/functions/ai-coaching-engine/personalization/lightgbm_model.ts
[LightGBM TS Export CI/export-scorer]   ✅  Success - Main Export to TypeScript [1.494348875s]
[LightGBM TS Export CI/export-scorer] [DEBUG] Loading revision from git directory
[LightGBM TS Export CI/export-scorer] [DEBUG] Found revision: e4f0bea876bb94ba845e68a1c9ea410ae43bff33
[LightGBM TS Export CI/export-scorer] [DEBUG] HEAD points to 'e4f0bea876bb94ba845e68a1c9ea410ae43bff33'
[LightGBM TS Export CI/export-scorer] [DEBUG] using github ref: refs/heads/main
[LightGBM TS Export CI/export-scorer] [DEBUG] Found revision: e4f0bea876bb94ba845e68a1c9ea410ae43bff33
[LightGBM TS Export CI/export-scorer] [DEBUG] Loading revision from git directory
[LightGBM TS Export CI/export-scorer] [DEBUG] Found revision: e4f0bea876bb94ba845e68a1c9ea410ae43bff33
[LightGBM TS Export CI/export-scorer] [DEBUG] HEAD points to 'e4f0bea876bb94ba845e68a1c9ea410ae43bff33'
[LightGBM TS Export CI/export-scorer] [DEBUG] using github ref: refs/heads/main
[LightGBM TS Export CI/export-scorer] [DEBUG] Found revision: e4f0bea876bb94ba845e68a1c9ea410ae43bff33
[LightGBM TS Export CI/export-scorer] [DEBUG] Loading revision from git directory
[LightGBM TS Export CI/export-scorer] [DEBUG] Found revision: e4f0bea876bb94ba845e68a1c9ea410ae43bff33
[LightGBM TS Export CI/export-scorer] [DEBUG] HEAD points to 'e4f0bea876bb94ba845e68a1c9ea410ae43bff33'
[LightGBM TS Export CI/export-scorer] [DEBUG] using github ref: refs/heads/main
[LightGBM TS Export CI/export-scorer] [DEBUG] Found revision: e4f0bea876bb94ba845e68a1c9ea410ae43bff33
[LightGBM TS Export CI/export-scorer] [DEBUG] setupEnv => map[ACT:*** ACTIONS_CACHE_URL:http://192.168.1.245:61260/ CI:*** GITHUB_ACTION:5 GITHUB_ACTIONS:*** GITHUB_ACTION_PATH: GITHUB_ACTION_REF:v4 GITHUB_ACTION_REPOSITORY:actions/upload-artifact GITHUB_ACTOR:nektos/act GITHUB_API_URL:https://api.github.com GITHUB_BASE_REF: GITHUB_EVENT_NAME:push GITHUB_EVENT_PATH:/var/run/act/workflow/event.json GITHUB_GRAPHQL_URL:https://api.github.com/graphql GITHUB_HEAD_REF: GITHUB_JOB:export-scorer GITHUB_REF:refs/heads/main GITHUB_REF_NAME:main GITHUB_REF_TYPE:branch GITHUB_REPOSITORY:gmtfrombc/bee-mvp GITHUB_REPOSITORY_OWNER:gmtfrombc GITHUB_RETENTION_DAYS:0 GITHUB_RUN_ATTEMPT:1 GITHUB_RUN_ID:1 GITHUB_RUN_NUMBER:1 GITHUB_SERVER_URL:https://github.com GITHUB_SHA:e4f0bea876bb94ba845e68a1c9ea410ae43bff33 GITHUB_WORKFLOW:LightGBM TS Export CI GITHUB_WORKSPACE:/Users/gmtfr/bee-mvp/bee-mvp INPUT_NAME:lightgbm_ts_scorer INPUT_PATH:supabase/functions/ai-coaching-engine/personalization/lightgbm_model.ts ImageOS:ubuntu20 LD_LIBRARY_PATH:/opt/hostedtoolcache/Python/3.11.13/x64/lib PKG_CONFIG_PATH:/opt/hostedtoolcache/Python/3.11.13/x64/lib/pkgconfig Python2_ROOT_DIR:/opt/hostedtoolcache/Python/3.11.13/x64 Python3_ROOT_DIR:/opt/hostedtoolcache/Python/3.11.13/x64 Python_ROOT_DIR:/opt/hostedtoolcache/Python/3.11.13/x64 RUNNER_PERFLOG:/dev/null RUNNER_TRACKING_ID: SKIP_TERRAFORM:false SKIP_UPLOAD_ARTIFACTS:*** pythonLocation:/opt/hostedtoolcache/Python/3.11.13/x64]
[LightGBM TS Export CI/export-scorer] [DEBUG] Loading revision from git directory
[LightGBM TS Export CI/export-scorer] [DEBUG] Found revision: e4f0bea876bb94ba845e68a1c9ea410ae43bff33
[LightGBM TS Export CI/export-scorer] [DEBUG] HEAD points to 'e4f0bea876bb94ba845e68a1c9ea410ae43bff33'
[LightGBM TS Export CI/export-scorer] [DEBUG] using github ref: refs/heads/main
[LightGBM TS Export CI/export-scorer] [DEBUG] Found revision: e4f0bea876bb94ba845e68a1c9ea410ae43bff33
[LightGBM TS Export CI/export-scorer] [DEBUG] Loading revision from git directory
[LightGBM TS Export CI/export-scorer] [DEBUG] Found revision: e4f0bea876bb94ba845e68a1c9ea410ae43bff33
[LightGBM TS Export CI/export-scorer] [DEBUG] HEAD points to 'e4f0bea876bb94ba845e68a1c9ea410ae43bff33'
[LightGBM TS Export CI/export-scorer] [DEBUG] using github ref: refs/heads/main
[LightGBM TS Export CI/export-scorer] [DEBUG] Found revision: e4f0bea876bb94ba845e68a1c9ea410ae43bff33
[LightGBM TS Export CI/export-scorer] [DEBUG] evaluating expression '${{ env.SKIP_UPLOAD_ARTIFACTS != '***' }}'
[LightGBM TS Export CI/export-scorer] [DEBUG] expression '${{ env.SKIP_UPLOAD_ARTIFACTS != '***' }}' evaluated to 'false'
[LightGBM TS Export CI/export-scorer] [DEBUG] Skipping step 'Upload generated TS model (artifact)' due to '${{ env.SKIP_UPLOAD_ARTIFACTS != '***' }}'
[LightGBM TS Export CI/export-scorer] [DEBUG] skipping post step for 'Upload generated TS model (artifact)'; main step was skipped
[LightGBM TS Export CI/export-scorer] [DEBUG] Loading revision from git directory
[LightGBM TS Export CI/export-scorer] [DEBUG] Found revision: e4f0bea876bb94ba845e68a1c9ea410ae43bff33
[LightGBM TS Export CI/export-scorer] [DEBUG] HEAD points to 'e4f0bea876bb94ba845e68a1c9ea410ae43bff33'
[LightGBM TS Export CI/export-scorer] [DEBUG] using github ref: refs/heads/main
[LightGBM TS Export CI/export-scorer] [DEBUG] Found revision: e4f0bea876bb94ba845e68a1c9ea410ae43bff33
[LightGBM TS Export CI/export-scorer] [DEBUG] Loading revision from git directory
[LightGBM TS Export CI/export-scorer] [DEBUG] Found revision: e4f0bea876bb94ba845e68a1c9ea410ae43bff33
[LightGBM TS Export CI/export-scorer] [DEBUG] HEAD points to 'e4f0bea876bb94ba845e68a1c9ea410ae43bff33'
[LightGBM TS Export CI/export-scorer] [DEBUG] using github ref: refs/heads/main
[LightGBM TS Export CI/export-scorer] [DEBUG] Found revision: e4f0bea876bb94ba845e68a1c9ea410ae43bff33
[LightGBM TS Export CI/export-scorer] [DEBUG] Loading revision from git directory
[LightGBM TS Export CI/export-scorer] [DEBUG] Found revision: e4f0bea876bb94ba845e68a1c9ea410ae43bff33
[LightGBM TS Export CI/export-scorer] [DEBUG] HEAD points to 'e4f0bea876bb94ba845e68a1c9ea410ae43bff33'
[LightGBM TS Export CI/export-scorer] [DEBUG] using github ref: refs/heads/main
[LightGBM TS Export CI/export-scorer] [DEBUG] Found revision: e4f0bea876bb94ba845e68a1c9ea410ae43bff33
[LightGBM TS Export CI/export-scorer] [DEBUG] setupEnv => map[ACT:*** ACTIONS_CACHE_URL:http://192.168.1.245:61260/ CI:*** GITHUB_ACTION:1 GITHUB_ACTIONS:*** GITHUB_ACTION_PATH: GITHUB_ACTION_REF:v4 GITHUB_ACTION_REPOSITORY:actions/setup-python GITHUB_ACTOR:nektos/act GITHUB_API_URL:https://api.github.com GITHUB_BASE_REF: GITHUB_ENV:/var/run/act/workflow/envs.txt GITHUB_EVENT_NAME:push GITHUB_EVENT_PATH:/var/run/act/workflow/event.json GITHUB_GRAPHQL_URL:https://api.github.com/graphql GITHUB_HEAD_REF: GITHUB_JOB:export-scorer GITHUB_OUTPUT:/var/run/act/workflow/outputcmd.txt GITHUB_PATH:/var/run/act/workflow/pathcmd.txt GITHUB_REF:refs/heads/main GITHUB_REF_NAME:main GITHUB_REF_TYPE:branch GITHUB_REPOSITORY:gmtfrombc/bee-mvp GITHUB_REPOSITORY_OWNER:gmtfrombc GITHUB_RETENTION_DAYS:0 GITHUB_RUN_ATTEMPT:1 GITHUB_RUN_ID:1 GITHUB_RUN_NUMBER:1 GITHUB_SERVER_URL:https://github.com GITHUB_SHA:e4f0bea876bb94ba845e68a1c9ea410ae43bff33 GITHUB_STATE:/var/run/act/workflow/statecmd.txt GITHUB_STEP_SUMMARY:/var/run/act/workflow/SUMMARY.md GITHUB_WORKFLOW:LightGBM TS Export CI GITHUB_WORKSPACE:/Users/gmtfr/bee-mvp/bee-mvp INPUT_PYTHON-VERSION:3.11 ImageOS:ubuntu20 LD_LIBRARY_PATH:/opt/hostedtoolcache/Python/3.11.13/x64/lib PKG_CONFIG_PATH:/opt/hostedtoolcache/Python/3.11.13/x64/lib/pkgconfig Python2_ROOT_DIR:/opt/hostedtoolcache/Python/3.11.13/x64 Python3_ROOT_DIR:/opt/hostedtoolcache/Python/3.11.13/x64 Python_ROOT_DIR:/opt/hostedtoolcache/Python/3.11.13/x64 RUNNER_PERFLOG:/dev/null RUNNER_TRACKING_ID: SKIP_TERRAFORM:false SKIP_UPLOAD_ARTIFACTS:*** pythonLocation:/opt/hostedtoolcache/Python/3.11.13/x64]
[LightGBM TS Export CI/export-scorer] [DEBUG] Loading revision from git directory
[LightGBM TS Export CI/export-scorer] [DEBUG] Found revision: e4f0bea876bb94ba845e68a1c9ea410ae43bff33
[LightGBM TS Export CI/export-scorer] [DEBUG] HEAD points to 'e4f0bea876bb94ba845e68a1c9ea410ae43bff33'
[LightGBM TS Export CI/export-scorer] [DEBUG] using github ref: refs/heads/main
[LightGBM TS Export CI/export-scorer] [DEBUG] Found revision: e4f0bea876bb94ba845e68a1c9ea410ae43bff33
[LightGBM TS Export CI/export-scorer] [DEBUG] Loading revision from git directory
[LightGBM TS Export CI/export-scorer] [DEBUG] Found revision: e4f0bea876bb94ba845e68a1c9ea410ae43bff33
[LightGBM TS Export CI/export-scorer] [DEBUG] HEAD points to 'e4f0bea876bb94ba845e68a1c9ea410ae43bff33'
[LightGBM TS Export CI/export-scorer] [DEBUG] using github ref: refs/heads/main
[LightGBM TS Export CI/export-scorer] [DEBUG] Found revision: e4f0bea876bb94ba845e68a1c9ea410ae43bff33
[LightGBM TS Export CI/export-scorer] [DEBUG] evaluating expression 'success()'
[LightGBM TS Export CI/export-scorer] [DEBUG] expression 'success()' evaluated to '***'
[LightGBM TS Export CI/export-scorer] ⭐ Run Post Setup Python 3.11
[LightGBM TS Export CI/export-scorer] [DEBUG] Writing entry to tarball workflow/outputcmd.txt len:0
[LightGBM TS Export CI/export-scorer] [DEBUG] Writing entry to tarball workflow/statecmd.txt len:0
[LightGBM TS Export CI/export-scorer] [DEBUG] Writing entry to tarball workflow/pathcmd.txt len:0
[LightGBM TS Export CI/export-scorer] [DEBUG] Writing entry to tarball workflow/envs.txt len:0
[LightGBM TS Export CI/export-scorer] [DEBUG] Writing entry to tarball workflow/SUMMARY.md len:0
[LightGBM TS Export CI/export-scorer] [DEBUG] Extracting content to '/var/run/act'
[LightGBM TS Export CI/export-scorer] [DEBUG] run post step for 'Setup Python 3.11'
[LightGBM TS Export CI/export-scorer] [DEBUG] Loading revision from git directory
[LightGBM TS Export CI/export-scorer] [DEBUG] Found revision: e4f0bea876bb94ba845e68a1c9ea410ae43bff33
[LightGBM TS Export CI/export-scorer] [DEBUG] HEAD points to 'e4f0bea876bb94ba845e68a1c9ea410ae43bff33'
[LightGBM TS Export CI/export-scorer] [DEBUG] using github ref: refs/heads/main
[LightGBM TS Export CI/export-scorer] [DEBUG] Found revision: e4f0bea876bb94ba845e68a1c9ea410ae43bff33
[LightGBM TS Export CI/export-scorer] [DEBUG] expression '${{ github.server_url == 'https://github.com' && github.token || '' }}' rewritten to 'format('{0}', github.server_url == 'https://github.com' && github.token || '')'
[LightGBM TS Export CI/export-scorer] [DEBUG] evaluating expression 'format('{0}', github.server_url == 'https://github.com' && github.token || '')'
[LightGBM TS Export CI/export-scorer] [DEBUG] expression 'format('{0}', github.server_url == 'https://github.com' && github.token || '')' evaluated to '%!t(string=***)'
[LightGBM TS Export CI/export-scorer] [DEBUG] executing remote job container: [/opt/acttoolcache/node/18.20.8/x64/bin/node /var/run/act/actions/actions-setup-python@v4/dist/cache-save/index.js]
[LightGBM TS Export CI/export-scorer]   🐳  docker exec cmd=[/opt/acttoolcache/node/18.20.8/x64/bin/node /var/run/act/actions/actions-setup-python@v4/dist/cache-save/index.js] user= workdir=
[LightGBM TS Export CI/export-scorer] [DEBUG] Exec command '[/opt/acttoolcache/node/18.20.8/x64/bin/node /var/run/act/actions/actions-setup-python@v4/dist/cache-save/index.js]'
[LightGBM TS Export CI/export-scorer] [DEBUG] Working directory '/Users/gmtfr/bee-mvp/bee-mvp'
[LightGBM TS Export CI/export-scorer]   ✅  Success - Post Setup Python 3.11 [638.853958ms]
[LightGBM TS Export CI/export-scorer] [DEBUG] skipping post step for 'actions/checkout@v3': no action model available
[LightGBM TS Export CI/export-scorer] ⭐ Run Complete job
[LightGBM TS Export CI/export-scorer] Cleaning up container for job export-scorer
[LightGBM TS Export CI/export-scorer] [DEBUG] Removed container: 0b870554d9ad542bcfec89e4e847680879ec998cbcf179529d5a07408842af64
[LightGBM TS Export CI/export-scorer] [DEBUG]   🐳  docker volume rm act-LightGBM-TS-Export-CI-export-scorer-5964d1d166b341a5d0e26187d9873c45b20de6b9d9bba88b4f803b2756cdf5c4
[LightGBM TS Export CI/export-scorer] [DEBUG]   🐳  docker volume rm act-LightGBM-TS-Export-CI-export-scorer-5964d1d166b341a5d0e26187d9873c45b20de6b9d9bba88b4f803b2756cdf5c4-env
[LightGBM TS Export CI/export-scorer] [DEBUG] Loading revision from git directory
[LightGBM TS Export CI/export-scorer] [DEBUG] Found revision: e4f0bea876bb94ba845e68a1c9ea410ae43bff33
[LightGBM TS Export CI/export-scorer] [DEBUG] HEAD points to 'e4f0bea876bb94ba845e68a1c9ea410ae43bff33'
[LightGBM TS Export CI/export-scorer] [DEBUG] using github ref: refs/heads/main
[LightGBM TS Export CI/export-scorer] [DEBUG] Found revision: e4f0bea876bb94ba845e68a1c9ea410ae43bff33
[LightGBM TS Export CI/export-scorer]   ✅  Success - Complete job
[LightGBM TS Export CI/export-scorer] 🏁  Job succeeded
