[LightGBM TS Export CI/export-scorer] ⭐ Run Set up job
[LightGBM TS Export CI/export-scorer] 🚀  Start image=ghcr.io/catthehacker/ubuntu:act-22.04
[LightGBM TS Export CI/export-scorer]   🐳  docker pull image=ghcr.io/catthehacker/ubuntu:act-22.04 platform=linux/amd64 username= forcePull=***
[LightGBM TS Export CI/export-scorer]   🐳  docker create image=ghcr.io/catthehacker/ubuntu:act-22.04 platform=linux/amd64 entrypoint=["tail" "-f" "/dev/null"] cmd=[] network="host"
[LightGBM TS Export CI/export-scorer]   🐳  docker run image=ghcr.io/catthehacker/ubuntu:act-22.04 platform=linux/amd64 entrypoint=["tail" "-f" "/dev/null"] cmd=[] network="host"
[LightGBM TS Export CI/export-scorer]   🐳  docker exec cmd=[node --no-warnings -e console.log(process.execPath)] user= workdir=
[LightGBM TS Export CI/export-scorer]   ✅  Success - Set up job
[LightGBM TS Export CI/export-scorer]   ☁  git clone 'https://github.com/actions/setup-python' # ref=v4
[LightGBM TS Export CI/export-scorer] Non-terminating error while running 'git clone': some refs were not updated
[LightGBM TS Export CI/export-scorer]   ☁  git clone 'https://github.com/actions/upload-artifact' # ref=v3
[LightGBM TS Export CI/export-scorer] ⭐ Run Main actions/checkout@v3
[LightGBM TS Export CI/export-scorer]   🐳  docker cp src=/Users/gmtfr/bee-mvp/bee-mvp/. dst=/Users/gmtfr/bee-mvp/bee-mvp
[LightGBM TS Export CI/export-scorer]   ✅  Success - Main actions/checkout@v3 [1.123461541s]
[LightGBM TS Export CI/export-scorer] ⭐ Run Main Setup Python 3.11
[LightGBM TS Export CI/export-scorer]   🐳  docker cp src=/Users/gmtfr/.cache/act/actions-setup-python@v4/ dst=/var/run/act/actions/actions-setup-python@v4/
[LightGBM TS Export CI/export-scorer]   🐳  docker exec cmd=[/opt/acttoolcache/node/18.20.8/x64/bin/node /var/run/act/actions/actions-setup-python@v4/dist/setup/index.js] user= workdir=
[LightGBM TS Export CI/export-scorer]   ❓  ::group::Installed versions
[LightGBM TS Export CI/export-scorer]   | Successfully set up CPython (3.11.13)
[LightGBM TS Export CI/export-scorer]   ❓  ::endgroup::
[LightGBM TS Export CI/export-scorer]   ❓ add-matcher /run/act/actions/actions-setup-python@v4/.github/python.json
[LightGBM TS Export CI/export-scorer]   ✅  Success - Main Setup Python 3.11 [1.300940167s]
[LightGBM TS Export CI/export-scorer]   ⚙  ::set-env:: PKG_CONFIG_PATH=/opt/hostedtoolcache/Python/3.11.13/x64/lib/pkgconfig
[LightGBM TS Export CI/export-scorer]   ⚙  ::set-env:: Python_ROOT_DIR=/opt/hostedtoolcache/Python/3.11.13/x64
[LightGBM TS Export CI/export-scorer]   ⚙  ::set-env:: Python2_ROOT_DIR=/opt/hostedtoolcache/Python/3.11.13/x64
[LightGBM TS Export CI/export-scorer]   ⚙  ::set-env:: Python3_ROOT_DIR=/opt/hostedtoolcache/Python/3.11.13/x64
[LightGBM TS Export CI/export-scorer]   ⚙  ::set-env:: LD_LIBRARY_PATH=/opt/hostedtoolcache/Python/3.11.13/x64/lib
[LightGBM TS Export CI/export-scorer]   ⚙  ::set-env:: pythonLocation=/opt/hostedtoolcache/Python/3.11.13/x64
[LightGBM TS Export CI/export-scorer]   ⚙  ::set-output:: python-version=3.11.13
[LightGBM TS Export CI/export-scorer]   ⚙  ::set-output:: python-path=/opt/hostedtoolcache/Python/3.11.13/x64/bin/python
[LightGBM TS Export CI/export-scorer]   ⚙  ::add-path:: /opt/hostedtoolcache/Python/3.11.13/x64
[LightGBM TS Export CI/export-scorer]   ⚙  ::add-path:: /opt/hostedtoolcache/Python/3.11.13/x64/bin
[LightGBM TS Export CI/export-scorer] ⭐ Run Main Install dependencies
[LightGBM TS Export CI/export-scorer]   🐳  docker exec cmd=[bash -e /var/run/act/workflow/2] user= workdir=
[LightGBM TS Export CI/export-scorer]   | Requirement already satisfied: pip in /opt/hostedtoolcache/Python/3.11.13/x64/lib/python3.11/site-packages (25.1.1)
[LightGBM TS Export CI/export-scorer]   | WARNING: Running pip as the 'root' user can result in broken permissions and conflicting behaviour with the system package manager, possibly rendering your system unusable. It is recommended to use a virtual environment instead: https://pip.pypa.io/warnings/venv. Use the --root-user-action option if you know what you are doing and want to suppress this warning.
[LightGBM TS Export CI/export-scorer]   | Requirement already satisfied: pandas>=2.0 in /opt/hostedtoolcache/Python/3.11.13/x64/lib/python3.11/site-packages (from -r requirements.txt (line 1)) (2.3.0)
[LightGBM TS Export CI/export-scorer]   | Requirement already satisfied: scikit-learn>=1.2 in /opt/hostedtoolcache/Python/3.11.13/x64/lib/python3.11/site-packages (from -r requirements.txt (line 2)) (1.7.0)
[LightGBM TS Export CI/export-scorer]   | Requirement already satisfied: requests>=2.31 in /opt/hostedtoolcache/Python/3.11.13/x64/lib/python3.11/site-packages (from -r requirements.txt (line 3)) (2.32.4)
[LightGBM TS Export CI/export-scorer]   | Requirement already satisfied: lightgbm>=4.3 in /opt/hostedtoolcache/Python/3.11.13/x64/lib/python3.11/site-packages (from -r requirements.txt (line 4)) (4.6.0)
[LightGBM TS Export CI/export-scorer]   | Requirement already satisfied: m2cgen>=0.10.0 in /opt/hostedtoolcache/Python/3.11.13/x64/lib/python3.11/site-packages (from -r requirements.txt (line 5)) (0.10.0)
[LightGBM TS Export CI/export-scorer]   | Requirement already satisfied: numpy>=1.23.2 in /opt/hostedtoolcache/Python/3.11.13/x64/lib/python3.11/site-packages (from pandas>=2.0->-r requirements.txt (line 1)) (2.3.1)
[LightGBM TS Export CI/export-scorer]   | Requirement already satisfied: python-dateutil>=2.8.2 in /opt/hostedtoolcache/Python/3.11.13/x64/lib/python3.11/site-packages (from pandas>=2.0->-r requirements.txt (line 1)) (2.9.0.post0)
[LightGBM TS Export CI/export-scorer]   | Requirement already satisfied: pytz>=2020.1 in /opt/hostedtoolcache/Python/3.11.13/x64/lib/python3.11/site-packages (from pandas>=2.0->-r requirements.txt (line 1)) (2025.2)
[LightGBM TS Export CI/export-scorer]   | Requirement already satisfied: tzdata>=2022.7 in /opt/hostedtoolcache/Python/3.11.13/x64/lib/python3.11/site-packages (from pandas>=2.0->-r requirements.txt (line 1)) (2025.2)
[LightGBM TS Export CI/export-scorer]   | Requirement already satisfied: scipy>=1.8.0 in /opt/hostedtoolcache/Python/3.11.13/x64/lib/python3.11/site-packages (from scikit-learn>=1.2->-r requirements.txt (line 2)) (1.16.0)
[LightGBM TS Export CI/export-scorer]   | Requirement already satisfied: joblib>=1.2.0 in /opt/hostedtoolcache/Python/3.11.13/x64/lib/python3.11/site-packages (from scikit-learn>=1.2->-r requirements.txt (line 2)) (1.5.1)
[LightGBM TS Export CI/export-scorer]   | Requirement already satisfied: threadpoolctl>=3.1.0 in /opt/hostedtoolcache/Python/3.11.13/x64/lib/python3.11/site-packages (from scikit-learn>=1.2->-r requirements.txt (line 2)) (3.6.0)
[LightGBM TS Export CI/export-scorer]   | Requirement already satisfied: charset_normalizer<4,>=2 in /opt/hostedtoolcache/Python/3.11.13/x64/lib/python3.11/site-packages (from requests>=2.31->-r requirements.txt (line 3)) (3.4.2)
[LightGBM TS Export CI/export-scorer]   | Requirement already satisfied: idna<4,>=2.5 in /opt/hostedtoolcache/Python/3.11.13/x64/lib/python3.11/site-packages (from requests>=2.31->-r requirements.txt (line 3)) (3.10)
[LightGBM TS Export CI/export-scorer]   | Requirement already satisfied: urllib3<3,>=1.21.1 in /opt/hostedtoolcache/Python/3.11.13/x64/lib/python3.11/site-packages (from requests>=2.31->-r requirements.txt (line 3)) (2.5.0)
[LightGBM TS Export CI/export-scorer]   | Requirement already satisfied: certifi>=2017.4.17 in /opt/hostedtoolcache/Python/3.11.13/x64/lib/python3.11/site-packages (from requests>=2.31->-r requirements.txt (line 3)) (2025.6.15)
[LightGBM TS Export CI/export-scorer]   | Requirement already satisfied: six>=1.5 in /opt/hostedtoolcache/Python/3.11.13/x64/lib/python3.11/site-packages (from python-dateutil>=2.8.2->pandas>=2.0->-r requirements.txt (line 1)) (1.17.0)
[LightGBM TS Export CI/export-scorer]   | WARNING: Running pip as the 'root' user can result in broken permissions and conflicting behaviour with the system package manager, possibly rendering your system unusable. It is recommended to use a virtual environment instead: https://pip.pypa.io/warnings/venv. Use the --root-user-action option if you know what you are doing and want to suppress this warning.
[LightGBM TS Export CI/export-scorer]   ✅  Success - Main Install dependencies [1.68094825s]
[LightGBM TS Export CI/export-scorer] ⭐ Run Main Create minimal dummy LightGBM model
[LightGBM TS Export CI/export-scorer]   🐳  docker exec cmd=[bash -e /var/run/act/workflow/3] user= workdir=
[LightGBM TS Export CI/export-scorer]   | Dummy model saved to /tmp/lightgbm_dummy.txt
[LightGBM TS Export CI/export-scorer]   ✅  Success - Main Create minimal dummy LightGBM model [1.762788917s]
[LightGBM TS Export CI/export-scorer] ⭐ Run Main Export to TypeScript
[LightGBM TS Export CI/export-scorer]   🐳  docker exec cmd=[bash -e /var/run/act/workflow/4] user= workdir=
[LightGBM TS Export CI/export-scorer]   | [export_lightgbm_to_ts] wrote TypeScript scorer → supabase/functions/ai-coaching-engine/personalization/lightgbm_model.ts
[LightGBM TS Export CI/export-scorer]   ✅  Success - Main Export to TypeScript [1.526855792s]
[LightGBM TS Export CI/export-scorer] ⭐ Run Post Setup Python 3.11
[LightGBM TS Export CI/export-scorer]   🐳  docker exec cmd=[/opt/acttoolcache/node/18.20.8/x64/bin/node /var/run/act/actions/actions-setup-python@v4/dist/cache-save/index.js] user= workdir=
[LightGBM TS Export CI/export-scorer]   ✅  Success - Post Setup Python 3.11 [648.714542ms]
[LightGBM TS Export CI/export-scorer] ⭐ Run Complete job
[LightGBM TS Export CI/export-scorer] Cleaning up container for job export-scorer
[LightGBM TS Export CI/export-scorer]   ✅  Success - Complete job
[LightGBM TS Export CI/export-scorer] 🏁  Job succeeded
