[?25l⣽ Starting database from backup...[0D[0D[2K⣻ Starting database from backup...[0D[0D[2K⢿ Starting database from backup...[0D[0D[2K⡿ Starting database from backup...[0D[0D[2K⣟ Starting database from backup...[0D[0D[2K⣯ Starting database from backup...[0D[0D[2K⣷ Starting database from backup...[0D[0D[2K⣾ Starting database from backup...[0D[0D[2K⣽ Starting database from backup...[0D[0D[2K⣻ Starting database from backup...[0D[0D[2K⢿ Starting database from backup...[0D[0D[2K⡿ Starting database from backup...[0D[0D[2K⣟ Starting database from backup...[0D[0D[2K⣯ Starting database from backup...[0D[0D[2K⣷ Starting database from backup...[0D[0D[2K⣾ Starting database from backup...[0D[0D[2K⣽ Starting database from backup...[0D[0D[2K⣻ Starting database from backup...[0D[0D[2K⢿ Starting database from backup...[0D[0D[2K⡿ Starting database from backup...[0D[0D[2K⣟ Starting database from backup...[0D[0D[2K⣯ Starting database from backup...[0D[0D[2K⣷ Starting database from backup...[0D[0D[2K⣾ Starting database from backup...[0D[0D[2K⣽ Starting database from backup...[0D[0D[2K⣻ Starting database from backup...[0D[0D[2K⢿ Starting database from backup...[0D[0D[2K⡿ Starting database from backup...[0D[0D[2K⣟ Starting database from backup...[0D[0D[2K⣯ Starting database from backup...[0D[0D[2K⣷ Starting database from backup...[0D[0D[2K⣾ Starting database from backup...[0D[0D[2K⣽ Starting database from backup...[0D[0D[2K⣻ Starting database from backup...[0D[0D[2K⢿ Starting database from backup...[0D[0D[2K⡿ Starting database from backup...[0D[0D[2K⣟ Starting database from backup...[0D[0D[2K⣯ Starting database from backup...[0D[0D[2K⣷ Starting database from backup...[0D[0D[2K⣾ Starting database from backup...[0D[0D[2K⣽ Starting database from backup...[0D[0D[2K⣻ Starting database from backup...[0D[0D[2K⢿ Starting database from backup...[0D[0D[2K⡿ Starting database from backup...[0D[0D[2K⣟ Starting database from backup...[0D[0D[2K⣯ Starting database from backup...[0D[0D[2K⣷ Starting database from backup...[0D[0D[2K⣾ Starting database from backup...[0D[0D[2K⣽ Starting database from backup...[0D[0D[2K⣻ Starting database from backup...[0D[0D[2K⢿ Starting database from backup...[0D[0D[2K⡿ Starting database from backup...[0D[0D[2K⣟ Starting database from backup...[0D[0D[2K⣯ Starting database from backup...[0D[0D[2K⣷ Starting database from backup...[0D[0D[2K⣾ Starting database from backup...[0D[0D[2K⣽ Starting database from backup...[0D[0D[2K⣻ Starting database from backup...[0D[0D[2K⢿ Starting database from backup...[0D[0D[2K⡿ Starting database from backup...[0D[0D[2K⣟ Starting database from backup...[0D[0D[2K⣯ Starting database from backup...[0D[0D[2K⣷ Starting database from backup...[0D[0D[2K⣾ Starting database from backup...[0D[0D[2K⣽ Starting database from backup...[0D[0D[2K⣻ Starting database from backup...[0D[0D[2K⢿ Starting database from backup...[0D[0D[2K⡿ Starting database from backup...[0D[0D[2K⣟ Starting database from backup...[0D[0D[2K⣯ Starting database from backup...[0D[0D[2K⣷ Starting database from backup...[0D[0D[2K⣾ Starting database from backup...[0D[0D[2K⣽ Starting database from backup...[0D[0D[2K⣻ Starting database from backup...[0D[0D[2K⢿ Starting database from backup...[0D[0D[2K⡿ Starting database from backup...[0D[0D[2K⣟ Starting database from backup...[0D[0D[2K⣯ Starting database from backup...[0D[0D[2K⣷ Starting database from backup...[0D[0D[2K⣾ Starting database from backup...[0D[0D[2K⣽ Starting database from backup...[0D[0D[2K⣻ Starting database from backup...[0D[0D[2K⢿ Starting database from backup...[0D[0D[2K⡿ Starting database from backup...[0D[0D[2K⣟ Starting database from backup...[0D[0D[2K⣯ Starting database from backup...[0D[0D[2K⣷ Starting database from backup...[0D[0D[2K⣾ Starting database from backup...[0D[0D[2K⣽ Starting database from backup...[0D[0D[2K⣻ Starting database from backup...[0D[0D[2K⢿ Starting database from backup...[0D[0D[2K⡿ Starting database from backup...[0D[0D[2K⣟ Starting database from backup...[0D[0D[2K⣯ Starting database from backup...[0D[0D[2K⣷ Starting database from backup...[0D[0D[2K⣾ Starting database from backup...[0D[0D[2K⣽ Starting database from backup...[0D[0D[2K⣻ Starting database from backup...[0D[0D[2K⢿ Starting database from backup...[0D[0D[2K⡿ Starting database from backup...[0D[0D[2K⣟ Starting database from backup...[0D[0D[2K⣯ Starting database from backup...[0D[0D[2K⣷ Starting database from backup...[0D[0D[2K⣾ Starting containers...[0D[0D[2K⣽ Starting containers...[0D[0D[2K⣻ Starting containers...[0D[0D[2K⢿ Starting containers...[0D[0D[2K⡿ Starting containers...[0D[0D[2K⣟ Starting containers...[0D[0D[2K⣯ Starting containers...[0D[0D[2K⣷ Starting containers...[0D[0D[2K⣾ Starting containers...[0D[0D[2K⣽ Starting containers...[0Dfailed to pull docker image: Error response from daemon: toomanyrequests: Rate exceeded
Retrying after 4s: public.ecr.aws/supabase/logflare:1.14.2
[0D[2K⣻ Starting containers...[0D[0D[2K⢿ Starting containers...[0D[0D[2K⡿ Starting containers...[0D[0D[2K⣟ Starting containers...[0D[0D[2K⣯ Starting containers...[0D[0D[2K⣷ Starting containers...[0D[0D[2K⣾ Starting containers...[0D[0D[2K⣽ Starting containers...[0D[0D[2K⣻ Starting containers...[0D[0D[2K⢿ Starting containers...[0D[0D[2K⡿ Starting containers...[0D[0D[2K⣟ Starting containers...[0D[0D[2K⣯ Starting containers...[0D[0D[2K⣷ Starting containers...[0D[0D[2K⣾ Starting containers...[0D[0D[2K⣽ Starting containers...[0D[0D[2K⣻ Starting containers...[0D[0D[2K⢿ Starting containers...[0D[0D[2K⡿ Starting containers...[0D[0D[2K⣟ Starting containers...[0D[0D[2K⣯ Starting containers...[0D[0D[2K⣷ Starting containers...[0D[0D[2K⣾ Starting containers...[0D[0D[2K⣽ Starting containers...[0D[0D[2K⣻ Starting containers...[0D[0D[2K⢿ Starting containers...[0D[0D[2K⡿ Starting containers...[0D[0D[2K⣟ Starting containers...[0D[0D[2K⣯ Starting containers...[0D[0D[2K⣷ Starting containers...[0D[0D[2K⣾ Starting containers...[0D[0D[2K⣽ Starting containers...[0D[0D[2K⣻ Starting containers...[0D[0D[2K⢿ Starting containers...[0D[0D[2K⡿ Starting containers...[0D[0D[2K⣟ Starting containers...[0D[0D[2K⣯ Starting containers...[0D[0D[2K⣷ Starting containers...[0D[0D[2K⣾ Starting containers...[0D[0D[2K⣽ Starting containers...[0D[0D[2K⣻ Starting containers...[0D[0D[2K⢿ Starting containers...[0D[0D[2K⡿ Starting containers...[0D[0D[2K⣟ Starting containers...[0D[0D[2K⣯ Starting containers...[0D[0D[2K⣷ Starting containers...[0D[0D[2K⣾ Starting containers...[0D[0D[2K⣽ Starting containers...[0D1.14.2: Pulling from supabase/logflare
[0D[2K⣻ Starting containers...[0D[0D[2K⢿ Starting containers...[0D[0D[2K⡿ Starting containers...[0Db3c56a24ca32: Already exists
01474ee36f32: Pulling fs layer
06a7d37f890e: Pulling fs layer
fc517a41922f: Pulling fs layer
6da7ae7d6ef3: Pulling fs layer
70560fae019a: Pulling fs layer
7befdd820808: Pulling fs layer
9c780468ebb2: Pulling fs layer
4f4fb700ef54: Pulling fs layer
acb788bd2b52: Pulling fs layer
6da7ae7d6ef3: Waiting
9c780468ebb2: Waiting
4f4fb700ef54: Waiting
acb788bd2b52: Waiting
70560fae019a: Waiting
7befdd820808: Waiting
[0D[2K⣟ Starting containers...[0D[0D[2K⣯ Starting containers...[0D[0D[2K⣷ Starting containers...[0D[0D[2K⣾ Starting containers...[0D[0D[2K⣽ Starting containers...[0D[0D[2K⣻ Starting containers...[0D[0D[2K⢿ Starting containers...[0D06a7d37f890e: Verifying Checksum
06a7d37f890e: Download complete
[0D[2K⡿ Starting containers...[0D[0D[2K⣟ Starting containers...[0D[0D[2K⣯ Starting containers...[0D[0D[2K⣷ Starting containers...[0D6da7ae7d6ef3: Verifying Checksum
6da7ae7d6ef3: Download complete
01474ee36f32: Verifying Checksum
01474ee36f32: Download complete
[0D[2K⣾ Starting containers...[0D[0D[2K⣽ Starting containers...[0D[0D[2K⣻ Starting containers...[0D01474ee36f32: Pull complete
06a7d37f890e: Pull complete
[0D[2K⢿ Starting containers...[0D[0D[2K⡿ Starting containers...[0D[0D[2K⣟ Starting containers...[0D[0D[2K⣯ Starting containers...[0D[0D[2K⣷ Starting containers...[0D[0D[2K⣾ Starting containers...[0D[0D[2K⣽ Starting containers...[0D[0D[2K⣻ Starting containers...[0D[0D[2K⢿ Starting containers...[0D[0D[2K⡿ Starting containers...[0D[0D[2K⣟ Starting containers...[0D[0D[2K⣯ Starting containers...[0D[0D[2K⣷ Starting containers...[0D[0D[2K⣾ Starting containers...[0D[0D[2K⣽ Starting containers...[0D[0D[2K⣻ Starting containers...[0D[0D[2K⢿ Starting containers...[0D[0D[2K⡿ Starting containers...[0D[0D[2K⣟ Starting containers...[0D[0D[2K⣯ Starting containers...[0D[0D[2K⣷ Starting containers...[0D70560fae019a: Verifying Checksum
70560fae019a: Download complete
[0D[2K⣾ Starting containers...[0D[0D[2K⣽ Starting containers...[0D7befdd820808: Verifying Checksum
7befdd820808: Download complete
[0D[2K⣻ Starting containers...[0D[0D[2K⢿ Starting containers...[0D4f4fb700ef54: Verifying Checksum
4f4fb700ef54: Download complete
9c780468ebb2: Verifying Checksum
9c780468ebb2: Download complete
[0D[2K⡿ Starting containers...[0D[0D[2K⣟ Starting containers...[0D[0D[2K⣯ Starting containers...[0D[0D[2K⣷ Starting containers...[0Dacb788bd2b52: Verifying Checksum
acb788bd2b52: Download complete
[0D[2K⣾ Starting containers...[0D[0D[2K⣽ Starting containers...[0D[0D[2K⣻ Starting containers...[0D[0D[2K⢿ Starting containers...[0D[0D[2K⡿ Starting containers...[0Dfc517a41922f: Verifying Checksum
fc517a41922f: Download complete
[0D[2K⣟ Starting containers...[0D[0D[2K⣯ Starting containers...[0D[0D[2K⣷ Starting containers...[0D[0D[2K⣾ Starting containers...[0D[0D[2K⣽ Starting containers...[0D[0D[2K⣻ Starting containers...[0D[0D[2K⢿ Starting containers...[0D[0D[2K⡿ Starting containers...[0D[0D[2K⣟ Starting containers...[0D[0D[2K⣯ Starting containers...[0D[0D[2K⣷ Starting containers...[0D[0D[2K⣾ Starting containers...[0D[0D[2K⣽ Starting containers...[0D[0D[2K⣻ Starting containers...[0D[0D[2K⢿ Starting containers...[0D[0D[2K⡿ Starting containers...[0D[0D[2K⣟ Starting containers...[0D[0D[2K⣯ Starting containers...[0D[0D[2K⣷ Starting containers...[0Dfc517a41922f: Pull complete
6da7ae7d6ef3: Pull complete
[0D[2K⣾ Starting containers...[0D[0D[2K⣽ Starting containers...[0D70560fae019a: Pull complete
[0D[2K⣻ Starting containers...[0D[0D[2K⢿ Starting containers...[0D7befdd820808: Pull complete
9c780468ebb2: Pull complete
[0D[2K⡿ Starting containers...[0D4f4fb700ef54: Pull complete
acb788bd2b52: Pull complete
Digest: sha256:4fe22c67b305d8e03110ad77354d688c3183ccf92c8508ffd0f7ab12b75b20f6
Status: Downloaded newer image for public.ecr.aws/supabase/logflare:1.14.2
[0D[2K⣟ Starting containers...[0D[0D[2K⣯ Starting containers...[0D[0D[2K⣷ Starting containers...[0D[0D[2K⣾ Starting containers...[0D[0D[2K⣽ Starting containers...[0D[0D[2K⣻ Starting containers...[0D[0D[2K⢿ Starting containers...[0D[0D[2K⡿ Starting containers...[0D[0D[2K⣟ Starting containers...[0D[0D[2K⣯ Starting containers...[0DWARNING: analytics requires mounting default docker socket: /var/run/docker.sock
[0D[2K⣷ Starting containers...[0D[0D[2K⣾ Starting containers...[0D[0D[2K⣽ Starting containers...[0D[0D[2K⣻ Starting containers...[0D[0D[2K⢿ Starting containers...[0D[0D[2K⡿ Starting containers...[0D[0D[2K⣟ Starting containers...[0D[0D[2K⣯ Starting containers...[0D[0D[2K⣷ Starting containers...[0D[0D[2K⣾ Starting containers...[0D[0D[2K⣽ Starting containers...[0D[0D[2K⣻ Starting containers...[0D[0D[2K⢿ Starting containers...[0D[0D[2K⡿ Starting containers...[0D[0D[2K⣟ Starting containers...[0D[0D[2K⣯ Starting containers...[0D[0D[2K⣷ Starting containers...[0D[0D[2K⣾ Starting containers...[0Dv2.36.20: Pulling from supabase/realtime
[0D[2K⣽ Starting containers...[0D[0D[2K⣻ Starting containers...[0D[0D[2K⢿ Starting containers...[0D6d29a096dd42: Already exists
e41855a30aa9: Pulling fs layer
5444d845878a: Pulling fs layer
ee0a40b5e0b7: Pulling fs layer
f313744cd8c7: Pulling fs layer
66029812e922: Pulling fs layer
ad18eda58a03: Pulling fs layer
508439b4a254: Pulling fs layer
f313744cd8c7: Waiting
66029812e922: Waiting
ad18eda58a03: Waiting
508439b4a254: Waiting
[0D[2K⡿ Starting containers...[0D[0D[2K⣟ Starting containers...[0D[0D[2K⣯ Starting containers...[0D[0D[2K⣷ Starting containers...[0Dee0a40b5e0b7: Verifying Checksum
ee0a40b5e0b7: Download complete
[0D[2K⣾ Starting containers...[0D[0D[2K⣽ Starting containers...[0D5444d845878a: Verifying Checksum
5444d845878a: Download complete
[0D[2K⣻ Starting containers...[0D[0D[2K⢿ Starting containers...[0Df313744cd8c7: Verifying Checksum
f313744cd8c7: Download complete
[0D[2K⡿ Starting containers...[0D[0D[2K⣟ Starting containers...[0De41855a30aa9: Verifying Checksum
e41855a30aa9: Download complete
[0D[2K⣯ Starting containers...[0D[0D[2K⣷ Starting containers...[0Dad18eda58a03: Download complete
[0D[2K⣾ Starting containers...[0D[0D[2K⣽ Starting containers...[0D508439b4a254: Verifying Checksum
508439b4a254: Download complete
[0D[2K⣻ Starting containers...[0D[0D[2K⢿ Starting containers...[0D66029812e922: Verifying Checksum
66029812e922: Download complete
[0D[2K⡿ Starting containers...[0D[0D[2K⣟ Starting containers...[0D[0D[2K⣯ Starting containers...[0De41855a30aa9: Pull complete
5444d845878a: Pull complete
ee0a40b5e0b7: Pull complete
f313744cd8c7: Pull complete
[0D[2K⣷ Starting containers...[0D[0D[2K⣾ Starting containers...[0D[0D[2K⣽ Starting containers...[0D[0D[2K⣻ Starting containers...[0D[0D[2K⢿ Starting containers...[0D[0D[2K⡿ Starting containers...[0D66029812e922: Pull complete
ad18eda58a03: Pull complete
508439b4a254: Pull complete
Digest: sha256:6eb9979c0fe1d3246045a2cc4b59e28106c2d47199583f61319cb4f676dffd7f
Status: Downloaded newer image for public.ecr.aws/supabase/realtime:v2.36.20
[0D[2K⣟ Starting containers...[0D[0D[2K⣯ Starting containers...[0D[0D[2K⣷ Starting containers...[0D[0D[2K⣾ Starting containers...[0D[0D[2K⣽ Starting containers...[0D[0D[2K⣻ Starting containers...[0D[0D[2K⢿ Starting containers...[0D[0D[2K⡿ Starting containers...[0D[0D[2K⣟ Starting containers...[0DWARNING: Functions using deprecated import_map.json (please migrate to deno.json): daily-content-generator, daily-content-generator
WARNING: Functions using fallback import map: behavior-pattern-extractor, coach-daily-qa, coach-interactions-api, health-data-ingestion, health-ping, interaction-aggregate, jitai-training-export, predict-jitai, wearable-correlation-analysis, wearable-daily-summarizer, wearable-data-anomaly-detector, wearable-data-export, wearable-data-retention, wearable-live-enrichment, wearable-metrics-export, wearable-summary-api, wearable-summary-listener
Please use recommended per function dependency declaration  https://supabase.com/docs/guides/functions/import-maps
[0D[2K⣯ Starting containers...[0D[0D[2K⣷ Starting containers...[0D[0D[2K⣾ Starting containers...[0D[0D[2K⣽ Starting containers...[0D[0D[2K⣻ Starting containers...[0D[0D[2K⢿ Starting containers...[0D[0D[2K⡿ Starting containers...[0D[0D[2K⣟ Starting containers...[0D[0D[2K⣯ Starting containers...[0D[0D[2K⣷ Starting containers...[0D[0D[2K⣾ Starting containers...[0D[0D[2K⣽ Starting containers...[0Dv0.89.3: Pulling from supabase/postgres-meta
[0D[2K⣻ Starting containers...[0D[0D[2K⢿ Starting containers...[0Db16f1b166780: Pulling fs layer
96432eac497b: Pulling fs layer
094b3aeac49d: Pulling fs layer
d18903236a1c: Pulling fs layer
1edd80719c8d: Pulling fs layer
d6ffc30b3e7f: Pulling fs layer
1caf008c79f3: Pulling fs layer
b95017258750: Pulling fs layer
67a7fd61ced4: Pulling fs layer
4263bcb94304: Pulling fs layer
d6ffc30b3e7f: Waiting
1caf008c79f3: Waiting
67a7fd61ced4: Waiting
4263bcb94304: Waiting
b95017258750: Waiting
d18903236a1c: Waiting
1edd80719c8d: Waiting
[0D[2K⡿ Starting containers...[0D[0D[2K⣟ Starting containers...[0D[0D[2K⣯ Starting containers...[0D[0D[2K⣷ Starting containers...[0D96432eac497b: Verifying Checksum
96432eac497b: Download complete
[0D[2K⣾ Starting containers...[0D[0D[2K⣽ Starting containers...[0D[0D[2K⣻ Starting containers...[0D[0D[2K⢿ Starting containers...[0D[0D[2K⡿ Starting containers...[0D[0D[2K⣟ Starting containers...[0D[0D[2K⣯ Starting containers...[0D[0D[2K⣷ Starting containers...[0Dd18903236a1c: Verifying Checksum
d18903236a1c: Download complete
[0D[2K⣾ Starting containers...[0D[0D[2K⣽ Starting containers...[0D[0D[2K⣻ Starting containers...[0D[0D[2K⢿ Starting containers...[0D1edd80719c8d: Verifying Checksum
1edd80719c8d: Download complete
[0D[2K⡿ Starting containers...[0D[0D[2K⣟ Starting containers...[0D[0D[2K⣯ Starting containers...[0D[0D[2K⣷ Starting containers...[0D[0D[2K⣾ Starting containers...[0Db16f1b166780: Verifying Checksum
b16f1b166780: Download complete
[0D[2K⣽ Starting containers...[0D[0D[2K⣻ Starting containers...[0D[0D[2K⢿ Starting containers...[0D094b3aeac49d: Verifying Checksum
094b3aeac49d: Download complete
d6ffc30b3e7f: Verifying Checksum
d6ffc30b3e7f: Download complete
[0D[2K⡿ Starting containers...[0D1caf008c79f3: Verifying Checksum
1caf008c79f3: Download complete
[0D[2K⣟ Starting containers...[0D[0D[2K⣯ Starting containers...[0D[0D[2K⣷ Starting containers...[0D[0D[2K⣾ Starting containers...[0D67a7fd61ced4: Verifying Checksum
67a7fd61ced4: Download complete
4263bcb94304: Verifying Checksum
4263bcb94304: Download complete
b16f1b166780: Pull complete
96432eac497b: Pull complete
[0D[2K⣽ Starting containers...[0D[0D[2K⣻ Starting containers...[0D[0D[2K⢿ Starting containers...[0D[0D[2K⡿ Starting containers...[0D[0D[2K⣟ Starting containers...[0D[0D[2K⣯ Starting containers...[0D[0D[2K⣷ Starting containers...[0D[0D[2K⣾ Starting containers...[0D094b3aeac49d: Pull complete
d18903236a1c: Pull complete
1edd80719c8d: Pull complete
[0D[2K⣽ Starting containers...[0Dd6ffc30b3e7f: Pull complete
1caf008c79f3: Pull complete
[0D[2K⣻ Starting containers...[0D[0D[2K⢿ Starting containers...[0D[0D[2K⡿ Starting containers...[0D[0D[2K⣟ Starting containers...[0D[0D[2K⣯ Starting containers...[0D[0D[2K⣷ Starting containers...[0D[0D[2K⣾ Starting containers...[0Db95017258750: Verifying Checksum
b95017258750: Download complete
[0D[2K⣽ Starting containers...[0D[0D[2K⣻ Starting containers...[0D[0D[2K⢿ Starting containers...[0D[0D[2K⡿ Starting containers...[0D[0D[2K⣟ Starting containers...[0D[0D[2K⣯ Starting containers...[0D[0D[2K⣷ Starting containers...[0D[0D[2K⣾ Starting containers...[0D[0D[2K⣽ Starting containers...[0D[0D[2K⣻ Starting containers...[0D[0D[2K⢿ Starting containers...[0D[0D[2K⡿ Starting containers...[0D[0D[2K⣟ Starting containers...[0D[0D[2K⣯ Starting containers...[0D[0D[2K⣷ Starting containers...[0D[0D[2K⣾ Starting containers...[0Db95017258750: Pull complete
[0D[2K⣽ Starting containers...[0D67a7fd61ced4: Pull complete
4263bcb94304: Pull complete
Digest: sha256:8af5e9c9c336cb713c8fa32532b1d0767e151f6389ef5798fdebbce767e7f0fc
Status: Downloaded newer image for public.ecr.aws/supabase/postgres-meta:v0.89.3
[0D[2K⣻ Starting containers...[0D[0D[2K⢿ Starting containers...[0D[0D[2K⡿ Starting containers...[0D[0D[2K⣟ Starting containers...[0D[0D[2K⣯ Starting containers...[0D[0D[2K⣷ Starting containers...[0D[0D[2K⣾ Starting containers...[0D[0D[2K⣽ Starting containers...[0D[0D[2K⣻ Starting containers...[0D[0D[2K⢿ Starting containers...[0D[0D[2K⡿ Starting containers...[0D[0D[2K⣟ Starting containers...[0D[0D[2K⣯ Starting containers...[0D[0D[2K⣷ Starting containers...[0D[0D[2K⣾ Starting containers...[0D[0D[2K⣽ Starting containers...[0D2025.06.16-sha-c4316c3: Pulling from supabase/studio
[0D[2K⣻ Starting containers...[0D[0D[2K⢿ Starting containers...[0D[0D[2K⡿ Starting containers...[0D34ef2a75627f: Pulling fs layer
00b6bc591836: Pulling fs layer
c30aeb5693b3: Pulling fs layer
4dae0fb9f5b5: Pulling fs layer
3312cb15e0ed: Pulling fs layer
759d1b5bed5f: Pulling fs layer
789f0b175e7b: Pulling fs layer
51401e63cf99: Pulling fs layer
01a29479abf1: Pulling fs layer
24fa860db929: Pulling fs layer
ff3c753cf605: Pulling fs layer
789f0b175e7b: Waiting
51401e63cf99: Waiting
01a29479abf1: Waiting
24fa860db929: Waiting
ff3c753cf605: Waiting
4dae0fb9f5b5: Waiting
3312cb15e0ed: Waiting
759d1b5bed5f: Waiting
[0D[2K⣟ Starting containers...[0D[0D[2K⣯ Starting containers...[0D[0D[2K⣷ Starting containers...[0D00b6bc591836: Verifying Checksum
00b6bc591836: Download complete
[0D[2K⣾ Starting containers...[0D[0D[2K⣽ Starting containers...[0D[0D[2K⣻ Starting containers...[0D[0D[2K⢿ Starting containers...[0D[0D[2K⡿ Starting containers...[0D[0D[2K⣟ Starting containers...[0D[0D[2K⣯ Starting containers...[0D[0D[2K⣷ Starting containers...[0D[0D[2K⣾ Starting containers...[0D[0D[2K⣽ Starting containers...[0D[0D[2K⣻ Starting containers...[0D[0D[2K⢿ Starting containers...[0D4dae0fb9f5b5: Verifying Checksum
4dae0fb9f5b5: Download complete
[0D[2K⡿ Starting containers...[0D[0D[2K⣟ Starting containers...[0D[0D[2K⣯ Starting containers...[0Dc30aeb5693b3: Download complete
34ef2a75627f: Verifying Checksum
34ef2a75627f: Download complete
[0D[2K⣷ Starting containers...[0D[0D[2K⣾ Starting containers...[0D3312cb15e0ed: Verifying Checksum
3312cb15e0ed: Download complete
[0D[2K⣽ Starting containers...[0D[0D[2K⣻ Starting containers...[0D[0D[2K⢿ Starting containers...[0D[0D[2K⡿ Starting containers...[0D51401e63cf99: Verifying Checksum
51401e63cf99: Download complete
[0D[2K⣟ Starting containers...[0D[0D[2K⣯ Starting containers...[0D34ef2a75627f: Pull complete
00b6bc591836: Pull complete
[0D[2K⣷ Starting containers...[0D[0D[2K⣾ Starting containers...[0D789f0b175e7b: Verifying Checksum
789f0b175e7b: Download complete
[0D[2K⣽ Starting containers...[0D[0D[2K⣻ Starting containers...[0D[0D[2K⢿ Starting containers...[0D[0D[2K⡿ Starting containers...[0D[0D[2K⣟ Starting containers...[0Dc30aeb5693b3: Pull complete
4dae0fb9f5b5: Pull complete
3312cb15e0ed: Pull complete
[0D[2K⣯ Starting containers...[0D01a29479abf1: Verifying Checksum
01a29479abf1: Download complete
[0D[2K⣷ Starting containers...[0D[0D[2K⣾ Starting containers...[0D[0D[2K⣽ Starting containers...[0D[0D[2K⣻ Starting containers...[0D[0D[2K⢿ Starting containers...[0D[0D[2K⡿ Starting containers...[0D[0D[2K⣟ Starting containers...[0D[0D[2K⣯ Starting containers...[0D[0D[2K⣷ Starting containers...[0D[0D[2K⣾ Starting containers...[0D[0D[2K⣽ Starting containers...[0D[0D[2K⣻ Starting containers...[0D[0D[2K⢿ Starting containers...[0D[0D[2K⡿ Starting containers...[0D[0D[2K⣟ Starting containers...[0D[0D[2K⣯ Starting containers...[0D[0D[2K⣷ Starting containers...[0Dff3c753cf605: Verifying Checksum
ff3c753cf605: Download complete
[0D[2K⣾ Starting containers...[0D[0D[2K⣽ Starting containers...[0D[0D[2K⣻ Starting containers...[0D24fa860db929: Verifying Checksum
24fa860db929: Download complete
[0D[2K⢿ Starting containers...[0D[0D[2K⡿ Starting containers...[0D[0D[2K⣟ Starting containers...[0D[0D[2K⣯ Starting containers...[0D[0D[2K⣷ Starting containers...[0D[0D[2K⣾ Starting containers...[0D[0D[2K⣽ Starting containers...[0D[0D[2K⣻ Starting containers...[0D[0D[2K⢿ Starting containers...[0D[0D[2K⡿ Starting containers...[0D[0D[2K⣟ Starting containers...[0D[0D[2K⣯ Starting containers...[0D[0D[2K⣷ Starting containers...[0D[0D[2K⣾ Starting containers...[0D[0D[2K⣽ Starting containers...[0D[0D[2K⣻ Starting containers...[0D[0D[2K⢿ Starting containers...[0D[0D[2K⡿ Starting containers...[0D[0D[2K⣟ Starting containers...[0D[0D[2K⣯ Starting containers...[0D[0D[2K⣷ Starting containers...[0D[0D[2K⣾ Starting containers...[0D759d1b5bed5f: Verifying Checksum
759d1b5bed5f: Download complete
[0D[2K⣽ Starting containers...[0D[0D[2K⣻ Starting containers...[0D[0D[2K⢿ Starting containers...[0D[0D[2K⡿ Starting containers...[0D[0D[2K⣟ Starting containers...[0D[0D[2K⣯ Starting containers...[0D[0D[2K⣷ Starting containers...[0D[0D[2K⣾ Starting containers...[0D[0D[2K⣽ Starting containers...[0D[0D[2K⣻ Starting containers...[0D[0D[2K⢿ Starting containers...[0D[0D[2K⡿ Starting containers...[0D[0D[2K⣟ Starting containers...[0D[0D[2K⣯ Starting containers...[0D[0D[2K⣷ Starting containers...[0D[0D[2K⣾ Starting containers...[0D[0D[2K⣽ Starting containers...[0D[0D[2K⣻ Starting containers...[0D[0D[2K⢿ Starting containers...[0D[0D[2K⡿ Starting containers...[0D[0D[2K⣟ Starting containers...[0D[0D[2K⣯ Starting containers...[0D759d1b5bed5f: Pull complete
[0D[2K⣷ Starting containers...[0D[0D[2K⣾ Starting containers...[0D[0D[2K⣽ Starting containers...[0D789f0b175e7b: Pull complete
51401e63cf99: Pull complete
01a29479abf1: Pull complete
[0D[2K⣻ Starting containers...[0D[0D[2K⢿ Starting containers...[0D[0D[2K⡿ Starting containers...[0D[0D[2K⣟ Starting containers...[0D[0D[2K⣯ Starting containers...[0D[0D[2K⣷ Starting containers...[0D[0D[2K⣾ Starting containers...[0D[0D[2K⣽ Starting containers...[0D[0D[2K⣻ Starting containers...[0D[0D[2K⢿ Starting containers...[0D[0D[2K⡿ Starting containers...[0D[0D[2K⣟ Starting containers...[0D[0D[2K⣯ Starting containers...[0D[0D[2K⣷ Starting containers...[0D[0D[2K⣾ Starting containers...[0D[0D[2K⣽ Starting containers...[0D[0D[2K⣻ Starting containers...[0D[0D[2K⢿ Starting containers...[0D[0D[2K⡿ Starting containers...[0D24fa860db929: Pull complete
[0D[2K⣟ Starting containers...[0Dff3c753cf605: Pull complete
Digest: sha256:5b521c0f11072f3be1d76a228f3dfeb52dafe3426d6f69e7d954faeb5b0fa03d
Status: Downloaded newer image for public.ecr.aws/supabase/studio:2025.06.16-sha-c4316c3
[0D[2K⣯ Starting containers...[0D[0D[2K⣷ Starting containers...[0D[0D[2K⣾ Starting containers...[0D[0D[2K⣾ Waiting for health checks...[0D[0D[2K⣽ Waiting for health checks...[0D[0D[2K⣻ Waiting for health checks...[0D[0D[2K⢿ Waiting for health checks...[0D[0D[2K⡿ Waiting for health checks...[0D[0D[2K⣟ Waiting for health checks...[0D[0D[2K⣯ Waiting for health checks...[0D[0D[2K⣷ Waiting for health checks...[0D[0D[2K⣾ Waiting for health checks...[0D[0D[2K⣽ Waiting for health checks...[0D[0D[2K⣻ Waiting for health checks...[0D[0D[2K⢿ Waiting for health checks...[0D[0D[2K⡿ Waiting for health checks...[0D[0D[2K⣟ Waiting for health checks...[0D[0D[2K⣯ Waiting for health checks...[0D[0D[2K⣷ Waiting for health checks...[0D[0D[2K⣾ Waiting for health checks...[0D[0D[2K⣽ Waiting for health checks...[0D[0D[2K⣻ Waiting for health checks...[0D[0D[2K⢿ Waiting for health checks...[0D[0D[2K⡿ Waiting for health checks...[0D[0D[2K⣟ Waiting for health checks...[0D[0D[2K⣯ Waiting for health checks...[0D[0D[2K⣷ Waiting for health checks...[0D[0D[2K⣾ Waiting for health checks...[0D[0D[2K⣽ Waiting for health checks...[0D[0D[2K⣻ Waiting for health checks...[0D[0D[2K⢿ Waiting for health checks...[0D[0D[2K⡿ Waiting for health checks...[0D[0D[2K⣟ Waiting for health checks...[0D[0D[2K⣯ Waiting for health checks...[0D[0D[2K⣷ Waiting for health checks...[0D[0D[2K⣾ Waiting for health checks...[0D[0D[2K⣽ Waiting for health checks...[0D[0D[2K⣻ Waiting for health checks...[0D[0D[2K⢿ Waiting for health checks...[0D[0D[2K⡿ Waiting for health checks...[0D[0D[2K⣟ Waiting for health checks...[0D[0D[2K⣯ Waiting for health checks...[0D[0D[2K⣷ Waiting for health checks...[0D[0D[2K⣾ Waiting for health checks...[0D[0D[2K⣽ Waiting for health checks...[0D[0D[2K⣻ Waiting for health checks...[0D[0D[2K⢿ Waiting for health checks...[0D[0D[2K⡿ Waiting for health checks...[0D[0D[2K⣟ Waiting for health checks...[0D[0D[2K⣯ Waiting for health checks...[0D[0D[2K⣷ Waiting for health checks...[0D[0D[2K⣾ Waiting for health checks...[0D[0D[2K⣽ Waiting for health checks...[0D[0D[2K⣻ Waiting for health checks...[0D[0D[2K⢿ Waiting for health checks...[0D[0D[2K⡿ Waiting for health checks...[0D[0D[2K⣟ Waiting for health checks...[0D[0D[2K⣯ Waiting for health checks...[0D[0D[2K⣷ Waiting for health checks...[0D[0D[2K⣾ Waiting for health checks...[0D[0D[2K⣽ Waiting for health checks...[0D[0D[2K⣻ Waiting for health checks...[0D[0D[2K⢿ Waiting for health checks...[0D[0D[2K⡿ Waiting for health checks...[0D[0D[2K⣟ Waiting for health checks...[0D[0D[2K⣯ Waiting for health checks...[0D[0D[2K⣷ Waiting for health checks...[0D[0D[2K⣾ Waiting for health checks...[0D[0D[2K⣽ Waiting for health checks...[0D[0D[2K⣻ Waiting for health checks...[0D[0D[2K⢿ Waiting for health checks...[0D[0D[2K⡿ Waiting for health checks...[0D[0D[2K⣟ Waiting for health checks...[0D[0D[2K⣯ Waiting for health checks...[0D[0D[2K⣷ Waiting for health checks...[0D[0D[2K⣾ Waiting for health checks...[0D[0D[2K⣽ Waiting for health checks...[0D[0D[2K⣻ Waiting for health checks...[0D[0D[2K⢿ Waiting for health checks...[0D[0D[2K⡿ Waiting for health checks...[0D[0D[2K⣟ Waiting for health checks...[0D[0D[2K⣯ Waiting for health checks...[0D[0D[2K⣷ Waiting for health checks...[0D[0D[2K⣾ Waiting for health checks...[0D[0D[2K⣽ Waiting for health checks...[0D[0D[2K⣻ Waiting for health checks...[0D[0D[2K⢿ Waiting for health checks...[0D[0D[2K⡿ Waiting for health checks...[0D[0D[2K⣟ Waiting for health checks...[0D[0D[2K⣯ Waiting for health checks...[0D[0D[2K⣷ Waiting for health checks...[0D[0D[2K⣾ Waiting for health checks...[0D[0D[2K⣽ Waiting for health checks...[0D[0D[2K⣻ Waiting for health checks...[0D[0D[2K⢿ Waiting for health checks...[0D[0D[2K⡿ Waiting for health checks...[0D[0D[2K⣟ Waiting for health checks...[0D[0D[2K⣯ Waiting for health checks...[0D[0D[2K⣷ Waiting for health checks...[0D[0D[2K⣾ Waiting for health checks...[0D[0D[2K⣽ Waiting for health checks...[0D[0D[2K⣻ Waiting for health checks...[0D[0D[2K⢿ Waiting for health checks...[0D[0D[2K⡿ Waiting for health checks...[0D[0D[2K⣟ Waiting for health checks...[0D[0D[2K⣯ Waiting for health checks...[0D[0D[2K⣷ Waiting for health checks...[0D[0D[2K⣾ Waiting for health checks...[0D[0D[2K⣽ Waiting for health checks...[0D[0D[2K⣻ Waiting for health checks...[0D[0D[2K⢿ Waiting for health checks...[0D[0D[2K⡿ Waiting for health checks...[0D[0D[2K⣟ Waiting for health checks...[0D[0D[2K⣯ Waiting for health checks...[0D[0D[2K⣷ Waiting for health checks...[0D[2K[?25h[?1002l[?1003l[?1006lStarted supabase local development setup.

         API URL: http://127.0.0.1:54321
     GraphQL URL: http://127.0.0.1:54321/graphql/v1
  S3 Storage URL: http://127.0.0.1:54321/storage/v1/s3
          DB URL: postgresql://postgres:postgres@127.0.0.1:54322/postgres
      Studio URL: http://127.0.0.1:54323
    Inbucket URL: http://127.0.0.1:54324
      JWT secret: super-secret-jwt-token-with-at-least-32-characters-long
        anon key: eyJhbGciOiJIUzI1NiIsInR5cCI6IkpXVCJ9.eyJpc3MiOiJzdXBhYmFzZS1kZW1vIiwicm9sZSI6ImFub24iLCJleHAiOjE5ODM4MTI5OTZ9.CRXP1A7WOeoJeXxjNni43kdQwgnWNReilDMblYTn_I0
service_role key: eyJhbGciOiJIUzI1NiIsInR5cCI6IkpXVCJ9.eyJpc3MiOiJzdXBhYmFzZS1kZW1vIiwicm9sZSI6InNlcnZpY2Vfcm9sZSIsImV4cCI6MTk4MzgxMjk5Nn0.EGIM96RAZx35lJzdJsyH-qQwv8Hdp7fsn3W0YpN81IU
   S3 Access Key: 625729a08b95bf1b7ff351a663f3a23c
   S3 Secret Key: 850181e4652dd023b7a98c58ae0d2d34bd487ee0cc3254aed6eda37307425907
       S3 Region: local
A new version of Supabase CLI is available: v2.30.4 (currently installed v2.28.1)
We recommend updating regularly for new features and bug fixes: https://supabase.com/docs/guides/cli/getting-started#updating-the-supabase-cli
